{
  "stats": {
    "suites": 12,
    "tests": 41,
    "passes": 26,
    "pending": 0,
    "failures": 15,
    "start": "2023-03-27T14:08:41.518Z",
    "end": "2023-03-27T14:10:32.171Z",
    "duration": 110653,
    "testsRegistered": 41,
    "passPercent": 63.41463414634146,
    "pendingPercent": 0,
    "other": 0,
    "hasOther": false,
    "skipped": 0,
    "hasSkipped": false
  },
  "results": [
    {
      "uuid": "2df72fda-f31d-431b-a37d-255a3f7cc12e",
      "title": "",
      "fullFile": "cypress/integration/project.spec.js",
      "file": "cypress/integration/project.spec.js",
      "beforeHooks": [],
      "afterHooks": [],
      "tests": [],
      "suites": [
        {
          "uuid": "8cfd3712-b9cb-4ab9-8b53-aee47b07e0d1",
          "title": "1 - Adicione à página o título \"Paleta de Cores\".",
          "fullFile": "",
          "file": "",
          "beforeHooks": [],
          "afterHooks": [],
          "tests": [
            {
              "title": "Verifica se contém um elemento `h1` com o id `title` com o título correto",
              "fullTitle": "1 - Adicione à página o título \"Paleta de Cores\". Verifica se contém um elemento `h1` com o id `title` com o título correto",
              "timedOut": null,
              "duration": 5068,
              "state": "failed",
              "speed": null,
              "pass": false,
              "fail": true,
              "pending": false,
              "context": null,
              "code": "cy.get('h1#title').should('contain.text', 'Paleta de Cores');",
              "err": {
                "message": "CypressError: Timed out retrying: expected '<h1#title>' to contain text 'Paleta de Cores', but the text was 'Paleta de cores'",
                "estack": "CypressError: Timed out retrying: expected '<h1#title>' to contain text 'Paleta de Cores', but the text was 'Paleta de cores'\n    at cypressErr (http://localhost:37313/__cypress/runner/cypress_runner.js:149934:9)\n    at throwErr (http://localhost:37313/__cypress/runner/cypress_runner.js:149867:11)\n    at Object.throwErrByPath (http://localhost:37313/__cypress/runner/cypress_runner.js:149915:3)\n    at retry (http://localhost:37313/__cypress/runner/cypress_runner.js:144197:19)\n    at onFailFn (http://localhost:37313/__cypress/runner/cypress_runner.js:132448:16)\n    at tryCatcher (http://localhost:37313/__cypress/runner/cypress_runner.js:167415:23)\n    at Promise._settlePromiseFromHandler (http://localhost:37313/__cypress/runner/cypress_runner.js:165351:31)\n    at Promise._settlePromise (http://localhost:37313/__cypress/runner/cypress_runner.js:165408:18)\n    at Promise._settlePromise0 (http://localhost:37313/__cypress/runner/cypress_runner.js:165453:10)\n    at Promise._settlePromises (http://localhost:37313/__cypress/runner/cypress_runner.js:165528:18)\n    at Async../node_modules/bluebird/js/release/async.js.Async._drainQueue (http://localhost:37313/__cypress/runner/cypress_runner.js:162140:16)\n    at Async../node_modules/bluebird/js/release/async.js.Async._drainQueues (http://localhost:37313/__cypress/runner/cypress_runner.js:162150:10)\n    at Async.drainQueues (http://localhost:37313/__cypress/runner/cypress_runner.js:162024:14)",
                "diff": null
              },
              "uuid": "91c61183-88bb-450e-8738-2ce2da07ee8f",
              "parentUUID": "8cfd3712-b9cb-4ab9-8b53-aee47b07e0d1",
              "isHook": false,
              "skipped": false
            }
          ],
          "suites": [],
          "passes": [],
          "failures": [
            "91c61183-88bb-450e-8738-2ce2da07ee8f"
          ],
          "pending": [],
          "skipped": [],
          "duration": 5068,
          "root": false,
          "rootEmpty": false,
          "_timeout": 2000
        },
        {
          "uuid": "4791261a-ac26-4bb5-962a-7de40773c66e",
          "title": "2 - Adicione à página uma paleta de quatro cores distintas.",
          "fullFile": "",
          "file": "",
          "beforeHooks": [],
          "afterHooks": [],
          "tests": [
            {
              "title": "A paleta de cores deve ser um elemento com `id` denominado `color-palette`",
              "fullTitle": "2 - Adicione à página uma paleta de quatro cores distintas. A paleta de cores deve ser um elemento com `id` denominado `color-palette`",
              "timedOut": null,
              "duration": 652,
              "state": "passed",
              "speed": "slow",
              "pass": true,
              "fail": false,
              "pending": false,
              "context": null,
              "code": "cy.get('#color-palette').should('be.visible');\ncy.get('#color-palette').children('.color');",
              "err": {},
              "uuid": "2e9e8e5c-178e-48b8-93d6-2875a8a029aa",
              "parentUUID": "4791261a-ac26-4bb5-962a-7de40773c66e",
              "isHook": false,
              "skipped": false
            },
            {
              "title": "Verifica se cada cor individual da paleta de cores possui a `classe` chamada `color`.",
              "fullTitle": "2 - Adicione à página uma paleta de quatro cores distintas. Verifica se cada cor individual da paleta de cores possui a `classe` chamada `color`.",
              "timedOut": null,
              "duration": 551,
              "state": "passed",
              "speed": "slow",
              "pass": true,
              "fail": false,
              "pending": false,
              "context": null,
              "code": "cy.get('.color').should('have.length', 4).then(function (colors) {\n  for (var i = 0; i < colors.length; i++) {\n    cy.wrap(colors[i]).should('be.visible');\n  }\n});",
              "err": {},
              "uuid": "6bf0c951-56b5-409f-b077-7db6e539789c",
              "parentUUID": "4791261a-ac26-4bb5-962a-7de40773c66e",
              "isHook": false,
              "skipped": false
            },
            {
              "title": "Verifica se a cor de fundo de cada elemento da paleta é a cor que o elemento representa. **A única cor não permitida na paleta é a cor branca.**",
              "fullTitle": "2 - Adicione à página uma paleta de quatro cores distintas. Verifica se a cor de fundo de cada elemento da paleta é a cor que o elemento representa. **A única cor não permitida na paleta é a cor branca.**",
              "timedOut": null,
              "duration": 779,
              "state": "passed",
              "speed": "slow",
              "pass": true,
              "fail": false,
              "pending": false,
              "context": null,
              "code": "cy.get('.color').each(function (color) {\n  cy.wrap(color).should('have.class', 'color').and('not.have.css', 'background-color', WHITE);\n  cy.wrap(color).should('have.css', 'background-color');\n});",
              "err": {},
              "uuid": "ac562e07-551b-41f6-9add-7e61c25c2b15",
              "parentUUID": "4791261a-ac26-4bb5-962a-7de40773c66e",
              "isHook": false,
              "skipped": false
            },
            {
              "title": "Verifica se cada elemento da paleta de cores tem uma borda preta, sólida e com 1 pixel de largura;",
              "fullTitle": "2 - Adicione à página uma paleta de quatro cores distintas. Verifica se cada elemento da paleta de cores tem uma borda preta, sólida e com 1 pixel de largura;",
              "timedOut": null,
              "duration": 338,
              "state": "passed",
              "speed": "slow",
              "pass": true,
              "fail": false,
              "pending": false,
              "context": null,
              "code": "cy.get('.color').each(function (color) {\n  cy.wrap(color).and('have.css', 'border', \"1px solid \".concat(BLACK)).and('have.class', 'color');\n});",
              "err": {},
              "uuid": "eae53f9c-6bd2-4068-8250-c54ee6ca0259",
              "parentUUID": "4791261a-ac26-4bb5-962a-7de40773c66e",
              "isHook": false,
              "skipped": false
            },
            {
              "title": "Verifica se a paleta lista todas as cores disponíveis para utilização, lado a lado.",
              "fullTitle": "2 - Adicione à página uma paleta de quatro cores distintas. Verifica se a paleta lista todas as cores disponíveis para utilização, lado a lado.",
              "timedOut": null,
              "duration": 417,
              "state": "passed",
              "speed": "slow",
              "pass": true,
              "fail": false,
              "pending": false,
              "context": null,
              "code": "cy.get('.color').then(function (colors) {\n  for (var index = 1; index < colors.length; index += 1) {\n    var currentColor = colors[index];\n    var previousColor = colors[index - 1];\n    cy.wrap(currentColor).should('be.onTheRightOf', previousColor).and('be.horizontallyAlignedWith', previousColor);\n  }\n});",
              "err": {},
              "uuid": "e7d45406-2ce7-4221-83c6-2d74803a1f86",
              "parentUUID": "4791261a-ac26-4bb5-962a-7de40773c66e",
              "isHook": false,
              "skipped": false
            },
            {
              "title": "Verifica se a paleta de cores está posicionada abaixo do título 'Paleta de Cores'",
              "fullTitle": "2 - Adicione à página uma paleta de quatro cores distintas. Verifica se a paleta de cores está posicionada abaixo do título 'Paleta de Cores'",
              "timedOut": null,
              "duration": 397,
              "state": "passed",
              "speed": "slow",
              "pass": true,
              "fail": false,
              "pending": false,
              "context": null,
              "code": "cy.get('h1#title').then(function (title) {\n  cy.get('#color-palette').should('be.belowOf', title);\n});",
              "err": {},
              "uuid": "86a9b96a-1fea-4883-b114-f02287454f99",
              "parentUUID": "4791261a-ac26-4bb5-962a-7de40773c66e",
              "isHook": false,
              "skipped": false
            },
            {
              "title": "Verifica se a paleta de cores não contém cores repetidas.",
              "fullTitle": "2 - Adicione à página uma paleta de quatro cores distintas. Verifica se a paleta de cores não contém cores repetidas.",
              "timedOut": null,
              "duration": 209,
              "state": "passed",
              "speed": "slow",
              "pass": true,
              "fail": false,
              "pending": false,
              "context": null,
              "code": "cy.get('.color').then(function (colors) {\n  var allColors = Array.from(colors).map(function (color) {\n    return Cypress.$(color).css('background-color');\n  });\n  cy.log(allColors);\n  var uniqColors = (0, _toConsumableArray2[\"default\"])(new Set(allColors));\n  cy.log(uniqColors);\n  expect(allColors.length).to.eq(uniqColors.length);\n});",
              "err": {},
              "uuid": "9c2025de-77d9-414c-a3ee-42fb8ad69d39",
              "parentUUID": "4791261a-ac26-4bb5-962a-7de40773c66e",
              "isHook": false,
              "skipped": false
            }
          ],
          "suites": [],
          "passes": [
            "2e9e8e5c-178e-48b8-93d6-2875a8a029aa",
            "6bf0c951-56b5-409f-b077-7db6e539789c",
            "ac562e07-551b-41f6-9add-7e61c25c2b15",
            "eae53f9c-6bd2-4068-8250-c54ee6ca0259",
            "e7d45406-2ce7-4221-83c6-2d74803a1f86",
            "86a9b96a-1fea-4883-b114-f02287454f99",
            "9c2025de-77d9-414c-a3ee-42fb8ad69d39"
          ],
          "failures": [],
          "pending": [],
          "skipped": [],
          "duration": 3343,
          "root": false,
          "rootEmpty": false,
          "_timeout": 2000
        },
        {
          "uuid": "33c749cd-3a1d-4d43-a779-65a22425d68b",
          "title": "3 - Adicione a cor **preta** como a primeira cor da paleta de cores.",
          "fullFile": "",
          "file": "",
          "beforeHooks": [],
          "afterHooks": [],
          "tests": [
            {
              "title": "Verifica se a primeira cor da paleta é preta",
              "fullTitle": "3 - Adicione a cor **preta** como a primeira cor da paleta de cores. Verifica se a primeira cor da paleta é preta",
              "timedOut": null,
              "duration": 462,
              "state": "passed",
              "speed": "slow",
              "pass": true,
              "fail": false,
              "pending": false,
              "context": null,
              "code": "cy.get('.color').first().should('have.css', 'background-color', BLACK);",
              "err": {},
              "uuid": "d22f580a-f1e8-4852-9481-b753ec98845c",
              "parentUUID": "33c749cd-3a1d-4d43-a779-65a22425d68b",
              "isHook": false,
              "skipped": false
            },
            {
              "title": "Verifica se as demais cores podem ser escolhidas livremente.",
              "fullTitle": "3 - Adicione a cor **preta** como a primeira cor da paleta de cores. Verifica se as demais cores podem ser escolhidas livremente.",
              "timedOut": null,
              "duration": 807,
              "state": "passed",
              "speed": "slow",
              "pass": true,
              "fail": false,
              "pending": false,
              "context": null,
              "code": "cy.get('.color').eq(1).should('not.have.css', 'background-color', BLACK);\ncy.get('.color').eq(1).should('not.have.css', 'background-color', WHITE);\ncy.get('.color').eq(1).should('not.have.css', 'background-color', 'rgba(0, 0, 0, 0)');\ncy.get('.color').eq(1).should('have.css', 'background-color');\ncy.get('.color').eq(2).should('not.have.css', 'background-color', BLACK);\ncy.get('.color').eq(2).should('not.have.css', 'background-color', WHITE);\ncy.get('.color').eq(2).should('not.have.css', 'background-color', 'rgba(0, 0, 0, 0)');\ncy.get('.color').eq(2).should('have.css', 'background-color');\ncy.get('.color').eq(3).should('not.have.css', 'background-color', BLACK);\ncy.get('.color').eq(3).should('not.have.css', 'background-color', WHITE);\ncy.get('.color').eq(3).should('not.have.css', 'background-color', 'rgba(0, 0, 0, 0)');\ncy.get('.color').eq(3).should('have.css', 'background-color');",
              "err": {},
              "uuid": "c42da439-ef55-4e75-a412-3b3eddafcb27",
              "parentUUID": "33c749cd-3a1d-4d43-a779-65a22425d68b",
              "isHook": false,
              "skipped": false
            }
          ],
          "suites": [],
          "passes": [
            "d22f580a-f1e8-4852-9481-b753ec98845c",
            "c42da439-ef55-4e75-a412-3b3eddafcb27"
          ],
          "failures": [],
          "pending": [],
          "skipped": [],
          "duration": 1269,
          "root": false,
          "rootEmpty": false,
          "_timeout": 2000
        },
        {
          "uuid": "b6affb50-2b0a-4c2e-a338-b04383c4e1ac",
          "title": "4 - Adicione à página um quadro de pixels, com 25 pixels.",
          "fullFile": "",
          "file": "",
          "beforeHooks": [],
          "afterHooks": [],
          "tests": [
            {
              "title": "Verifica se o quadro de pixels possui o `id` denominado `pixel-board`",
              "fullTitle": "4 - Adicione à página um quadro de pixels, com 25 pixels. Verifica se o quadro de pixels possui o `id` denominado `pixel-board`",
              "timedOut": null,
              "duration": 203,
              "state": "passed",
              "speed": "slow",
              "pass": true,
              "fail": false,
              "pending": false,
              "context": null,
              "code": "cy.get('#pixel-board').should('be.visible');",
              "err": {},
              "uuid": "bab26f9b-0fee-426d-ba23-b3ec2a6d3483",
              "parentUUID": "b6affb50-2b0a-4c2e-a338-b04383c4e1ac",
              "isHook": false,
              "skipped": false
            },
            {
              "title": "Verifica se cada pixel individual dentro do quadro possui a `classe` denominada `pixel`.",
              "fullTitle": "4 - Adicione à página um quadro de pixels, com 25 pixels. Verifica se cada pixel individual dentro do quadro possui a `classe` denominada `pixel`.",
              "timedOut": null,
              "duration": 251,
              "state": "passed",
              "speed": "slow",
              "pass": true,
              "fail": false,
              "pending": false,
              "context": null,
              "code": "cy.get('.pixel').should('have.length', 25);",
              "err": {},
              "uuid": "1900a704-6d97-40e0-ab36-ced4a3d398be",
              "parentUUID": "b6affb50-2b0a-4c2e-a338-b04383c4e1ac",
              "isHook": false,
              "skipped": false
            },
            {
              "title": "Verifica se a cor inicial dos pixels dentro do quadro, ao abrir a página, é branca.",
              "fullTitle": "4 - Adicione à página um quadro de pixels, com 25 pixels. Verifica se a cor inicial dos pixels dentro do quadro, ao abrir a página, é branca.",
              "timedOut": null,
              "duration": 335,
              "state": "passed",
              "speed": "slow",
              "pass": true,
              "fail": false,
              "pending": false,
              "context": null,
              "code": "cy.get('.pixel').should('have.length', 25).each(function (pixel) {\n  expect(pixel).to.have.css('background-color', WHITE);\n});",
              "err": {},
              "uuid": "9e6b1900-f350-4672-8926-5ad0f29ff08d",
              "parentUUID": "b6affb50-2b0a-4c2e-a338-b04383c4e1ac",
              "isHook": false,
              "skipped": false
            },
            {
              "title": "Verifica se o quadro de pixels aparece abaixo da paleta de cores",
              "fullTitle": "4 - Adicione à página um quadro de pixels, com 25 pixels. Verifica se o quadro de pixels aparece abaixo da paleta de cores",
              "timedOut": null,
              "duration": 394,
              "state": "passed",
              "speed": "slow",
              "pass": true,
              "fail": false,
              "pending": false,
              "context": null,
              "code": "cy.get('#color-palette').then(function (palette) {\n  cy.get('#pixel-board').should('be.belowOf', palette);\n});",
              "err": {},
              "uuid": "640053ec-0e64-4101-bd8e-41ad2a959d8d",
              "parentUUID": "b6affb50-2b0a-4c2e-a338-b04383c4e1ac",
              "isHook": false,
              "skipped": false
            }
          ],
          "suites": [],
          "passes": [
            "bab26f9b-0fee-426d-ba23-b3ec2a6d3483",
            "1900a704-6d97-40e0-ab36-ced4a3d398be",
            "9e6b1900-f350-4672-8926-5ad0f29ff08d",
            "640053ec-0e64-4101-bd8e-41ad2a959d8d"
          ],
          "failures": [],
          "pending": [],
          "skipped": [],
          "duration": 1183,
          "root": false,
          "rootEmpty": false,
          "_timeout": 2000
        },
        {
          "uuid": "0c3ef3b2-82fc-4799-982c-86b495a2e990",
          "title": "5 - Faça com que cada elemento do quadro de pixels possua 40 pixels de largura, 40 pixels de altura e seja delimitado por uma borda preta de 1 pixel.",
          "fullFile": "",
          "file": "",
          "beforeHooks": [],
          "afterHooks": [],
          "tests": [
            {
              "title": "Verifica se o quadro de pixels tem altura e comprimento de 5 elementos",
              "fullTitle": "5 - Faça com que cada elemento do quadro de pixels possua 40 pixels de largura, 40 pixels de altura e seja delimitado por uma borda preta de 1 pixel. Verifica se o quadro de pixels tem altura e comprimento de 5 elementos",
              "timedOut": null,
              "duration": 773,
              "state": "passed",
              "speed": "slow",
              "pass": true,
              "fail": false,
              "pending": false,
              "context": null,
              "code": "cy.get('.pixel').should('have.length', 25).each(function (pixel) {\n  expect(pixel).to.have.css('background-color', WHITE);\n}).and(function (pixels) {\n  var rows = chunk(pixels, 5);\n  rows.forEach(function (row) {\n    for (var index = 1; index < row.length; index += 1) {\n      var current = pixels[index];\n      var previous = pixels[index - 1];\n      cy.wrap(current).should('be.onTheRightOf', previous).and('be.horizontallyAlignedWith', previous);\n    }\n  });\n  for (var index = 1; index < 5; index += 1) {\n    expect(pixels[index * 5]).to.be.belowOf(pixels[(index - 1) * 5]);\n  }\n});",
              "err": {},
              "uuid": "dfc5f5e7-4139-4344-b9ee-c4913086c69c",
              "parentUUID": "0c3ef3b2-82fc-4799-982c-86b495a2e990",
              "isHook": false,
              "skipped": false
            },
            {
              "title": "Verifica se 40 pixels é o tamanho total do elemento, incluindo seu conteúdo e excluindo a borda preta, que deve ser criada à parte.",
              "fullTitle": "5 - Faça com que cada elemento do quadro de pixels possua 40 pixels de largura, 40 pixels de altura e seja delimitado por uma borda preta de 1 pixel. Verifica se 40 pixels é o tamanho total do elemento, incluindo seu conteúdo e excluindo a borda preta, que deve ser criada à parte.",
              "timedOut": null,
              "duration": 718,
              "state": "passed",
              "speed": "slow",
              "pass": true,
              "fail": false,
              "pending": false,
              "context": null,
              "code": "cy.get('.pixel').each(function (pixel) {\n  cy.wrap(pixel).should('have.css', 'height', '40px').and('have.css', 'width', '40px').and('have.css', 'border', \"1px solid \".concat(BLACK));\n});",
              "err": {},
              "uuid": "c7f3e652-7383-4c05-b2ef-517c58cda083",
              "parentUUID": "0c3ef3b2-82fc-4799-982c-86b495a2e990",
              "isHook": false,
              "skipped": false
            }
          ],
          "suites": [],
          "passes": [
            "dfc5f5e7-4139-4344-b9ee-c4913086c69c",
            "c7f3e652-7383-4c05-b2ef-517c58cda083"
          ],
          "failures": [],
          "pending": [],
          "skipped": [],
          "duration": 1491,
          "root": false,
          "rootEmpty": false,
          "_timeout": 2000
        },
        {
          "uuid": "cef6d0f6-57a0-4244-b3a7-7a4c17182256",
          "title": "6 - Defina a cor preta como cor inicial. Ao carregar a página a cor preta já deve estar selecionada para pintar os pixels",
          "fullFile": "",
          "file": "",
          "beforeHooks": [],
          "afterHooks": [],
          "tests": [
            {
              "title": "Verifica se o elemento da cor preta possui, inicialmente, a `classe` `selected`",
              "fullTitle": "6 - Defina a cor preta como cor inicial. Ao carregar a página a cor preta já deve estar selecionada para pintar os pixels Verifica se o elemento da cor preta possui, inicialmente, a `classe` `selected`",
              "timedOut": null,
              "duration": 225,
              "state": "passed",
              "speed": "slow",
              "pass": true,
              "fail": false,
              "pending": false,
              "context": null,
              "code": "cy.get('.selected').first().should('have.css', 'background-color', BLACK);",
              "err": {},
              "uuid": "7b0c34dd-bf95-4e03-8ebe-3383ddb0bf3f",
              "parentUUID": "cef6d0f6-57a0-4244-b3a7-7a4c17182256",
              "isHook": false,
              "skipped": false
            },
            {
              "title": "Verifica se nenhuma outra cor da paleta tem a `classe` `selected`",
              "fullTitle": "6 - Defina a cor preta como cor inicial. Ao carregar a página a cor preta já deve estar selecionada para pintar os pixels Verifica se nenhuma outra cor da paleta tem a `classe` `selected`",
              "timedOut": null,
              "duration": 198,
              "state": "passed",
              "speed": "slow",
              "pass": true,
              "fail": false,
              "pending": false,
              "context": null,
              "code": "cy.get('.color:not(:first-child)').each(function (color) {\n  cy.wrap(color).should('not.have.class', 'selected');\n});",
              "err": {},
              "uuid": "09b602d8-0e96-43f6-9d77-6cfbad959683",
              "parentUUID": "cef6d0f6-57a0-4244-b3a7-7a4c17182256",
              "isHook": false,
              "skipped": false
            }
          ],
          "suites": [],
          "passes": [
            "7b0c34dd-bf95-4e03-8ebe-3383ddb0bf3f",
            "09b602d8-0e96-43f6-9d77-6cfbad959683"
          ],
          "failures": [],
          "pending": [],
          "skipped": [],
          "duration": 423,
          "root": false,
          "rootEmpty": false,
          "_timeout": 2000
        },
        {
          "uuid": "7b3a61f8-7d0f-48e7-8200-56419a27ac8b",
          "title": "7 - Clicar em uma das cores da paleta, faz com que ela seja selecionada e utilizada para preencher os pixels no quadro.",
          "fullFile": "",
          "file": "",
          "beforeHooks": [],
          "afterHooks": [],
          "tests": [
            {
              "title": "Verifica se somente uma cor da paleta de cores tem a classe `selected` de cada vez",
              "fullTitle": "7 - Clicar em uma das cores da paleta, faz com que ela seja selecionada e utilizada para preencher os pixels no quadro. Verifica se somente uma cor da paleta de cores tem a classe `selected` de cada vez",
              "timedOut": null,
              "duration": 611,
              "state": "passed",
              "speed": "slow",
              "pass": true,
              "fail": false,
              "pending": false,
              "context": null,
              "code": "cy.get('.color').each(function (selectedColor, selectedColorIndex) {\n  cy.wrap(selectedColor).click();\n  cy.get('.color').each(function (color, colorIndex) {\n    if (colorIndex === selectedColorIndex) {\n      expect(color).to.have[\"class\"]('selected');\n    } else {\n      expect(color).not.to.have[\"class\"]('selected');\n    }\n  });\n});",
              "err": {},
              "uuid": "6f867446-526d-4baf-a26a-62769ba7d09a",
              "parentUUID": "7b3a61f8-7d0f-48e7-8200-56419a27ac8b",
              "isHook": false,
              "skipped": false
            },
            {
              "title": "Verifica se os pixels dentro do quadro não têm a classe `selected` quando são clicados",
              "fullTitle": "7 - Clicar em uma das cores da paleta, faz com que ela seja selecionada e utilizada para preencher os pixels no quadro. Verifica se os pixels dentro do quadro não têm a classe `selected` quando são clicados",
              "timedOut": null,
              "duration": 10448,
              "state": "passed",
              "speed": "slow",
              "pass": true,
              "fail": false,
              "pending": false,
              "context": null,
              "code": "cy.get('.color').each(function (color) {\n  var backgroundColor = color.css('background-color');\n  cy.wrap(color).click();\n  cy.get('.pixel').each(function (pixel) {\n    cy.wrap(pixel).click().should('not.have.class', 'selected');\n  });\n});",
              "err": {},
              "uuid": "0660c89a-4bc7-406c-bba5-0ac4c2c133ee",
              "parentUUID": "7b3a61f8-7d0f-48e7-8200-56419a27ac8b",
              "isHook": false,
              "skipped": false
            }
          ],
          "suites": [],
          "passes": [
            "6f867446-526d-4baf-a26a-62769ba7d09a",
            "0660c89a-4bc7-406c-bba5-0ac4c2c133ee"
          ],
          "failures": [],
          "pending": [],
          "skipped": [],
          "duration": 11059,
          "root": false,
          "rootEmpty": false,
          "_timeout": 2000
        },
        {
          "uuid": "c5506031-75e7-43b4-a041-27d68d563dcc",
          "title": "8 - Clicar em um pixel dentro do quadro após selecionar uma cor na paleta, faz com que o pixel seja preenchido com a cor selecionada.",
          "fullFile": "",
          "file": "",
          "beforeHooks": [],
          "afterHooks": [],
          "tests": [
            {
              "title": "Verifica se ao carregar a página deve ser possível pintar os pixels de preto",
              "fullTitle": "8 - Clicar em um pixel dentro do quadro após selecionar uma cor na paleta, faz com que o pixel seja preenchido com a cor selecionada. Verifica se ao carregar a página deve ser possível pintar os pixels de preto",
              "timedOut": null,
              "duration": 2993,
              "state": "passed",
              "speed": "slow",
              "pass": true,
              "fail": false,
              "pending": false,
              "context": null,
              "code": "cy.get('.pixel').each(function (pixel) {\n  cy.wrap(pixel).click().should('have.css', 'background-color', BLACK);\n});",
              "err": {},
              "uuid": "ba112f9a-5e9e-434d-a159-e1e848978506",
              "parentUUID": "c5506031-75e7-43b4-a041-27d68d563dcc",
              "isHook": false,
              "skipped": false
            },
            {
              "title": "Verifica se após selecionar uma outra cor na paleta, é possível pintar os pixels com essa cor",
              "fullTitle": "8 - Clicar em um pixel dentro do quadro após selecionar uma cor na paleta, faz com que o pixel seja preenchido com a cor selecionada. Verifica se após selecionar uma outra cor na paleta, é possível pintar os pixels com essa cor",
              "timedOut": null,
              "duration": 10453,
              "state": "passed",
              "speed": "slow",
              "pass": true,
              "fail": false,
              "pending": false,
              "context": null,
              "code": "cy.get('.color').each(function (color) {\n  var backgroundColor = color.css('background-color');\n  cy.wrap(color).click();\n  cy.get('.pixel').each(function (pixel) {\n    cy.wrap(pixel).click().should('have.css', 'background-color', backgroundColor);\n  });\n});",
              "err": {},
              "uuid": "5e4c70c6-cf9a-4143-b25e-31638aaab556",
              "parentUUID": "c5506031-75e7-43b4-a041-27d68d563dcc",
              "isHook": false,
              "skipped": false
            },
            {
              "title": "Verifica se somente o pixel que foi clicado foi preenchido com a cor selecionada, sem influenciar na cor dos demais pixels.",
              "fullTitle": "8 - Clicar em um pixel dentro do quadro após selecionar uma cor na paleta, faz com que o pixel seja preenchido com a cor selecionada. Verifica se somente o pixel que foi clicado foi preenchido com a cor selecionada, sem influenciar na cor dos demais pixels.",
              "timedOut": null,
              "duration": 2591,
              "state": "passed",
              "speed": "slow",
              "pass": true,
              "fail": false,
              "pending": false,
              "context": null,
              "code": "var colorToPixelIndexMap = {\n  0: 6,\n  1: 8,\n  2: 16,\n  3: 18\n};\ncy.get('.color').each(function (color, index) {\n  cy.wrap(color).click();\n  var backgroundColor = color.css('background-color');\n  var clickedPixelIndex = colorToPixelIndexMap[index];\n  cy.get('.pixel').eq(clickedPixelIndex).click();\n  cy.get('.pixel').eq(clickedPixelIndex - 1).should('not.have.css', 'background-color', backgroundColor);\n  cy.get('.pixel').eq(clickedPixelIndex + 1).should('not.have.css', 'background-color', backgroundColor);\n  cy.get('.pixel').eq(clickedPixelIndex - 5).should('not.have.css', 'background-color', backgroundColor);\n  cy.get('.pixel').eq(clickedPixelIndex + 5).should('not.have.css', 'background-color', backgroundColor);\n  cy.get('.pixel').eq(clickedPixelIndex - 6).should('not.have.css', 'background-color', backgroundColor);\n  cy.get('.pixel').eq(clickedPixelIndex - 4).should('not.have.css', 'background-color', backgroundColor);\n  cy.get('.pixel').eq(clickedPixelIndex + 4).should('not.have.css', 'background-color', backgroundColor);\n  cy.get('.pixel').eq(clickedPixelIndex + 6).should('not.have.css', 'background-color', backgroundColor);\n});",
              "err": {},
              "uuid": "cad892d4-41fb-444d-8bfc-dfc1c66669a3",
              "parentUUID": "c5506031-75e7-43b4-a041-27d68d563dcc",
              "isHook": false,
              "skipped": false
            }
          ],
          "suites": [],
          "passes": [
            "ba112f9a-5e9e-434d-a159-e1e848978506",
            "5e4c70c6-cf9a-4143-b25e-31638aaab556",
            "cad892d4-41fb-444d-8bfc-dfc1c66669a3"
          ],
          "failures": [],
          "pending": [],
          "skipped": [],
          "duration": 16037,
          "root": false,
          "rootEmpty": false,
          "_timeout": 2000
        },
        {
          "uuid": "87889415-a1cb-495c-af5e-1eedbd884875",
          "title": "9 - Crie um botão que, ao ser clicado, limpa o quadro preenchendo a cor de todos seus pixels com branco.",
          "fullFile": "",
          "file": "",
          "beforeHooks": [],
          "afterHooks": [],
          "tests": [
            {
              "title": "Verifica se o botão tem o `id` denominado `clear-board`",
              "fullTitle": "9 - Crie um botão que, ao ser clicado, limpa o quadro preenchendo a cor de todos seus pixels com branco. Verifica se o botão tem o `id` denominado `clear-board`",
              "timedOut": null,
              "duration": 352,
              "state": "passed",
              "speed": "slow",
              "pass": true,
              "fail": false,
              "pending": false,
              "context": null,
              "code": "cy.get('#clear-board').should('be.visible');",
              "err": {},
              "uuid": "ec8bcd57-f08e-46a7-b01a-b94008b4b5a3",
              "parentUUID": "87889415-a1cb-495c-af5e-1eedbd884875",
              "isHook": false,
              "skipped": false
            },
            {
              "title": "Verifica se o botão está posicionado entre a paleta de cores e o quadro de pixels",
              "fullTitle": "9 - Crie um botão que, ao ser clicado, limpa o quadro preenchendo a cor de todos seus pixels com branco. Verifica se o botão está posicionado entre a paleta de cores e o quadro de pixels",
              "timedOut": null,
              "duration": 202,
              "state": "passed",
              "speed": "slow",
              "pass": true,
              "fail": false,
              "pending": false,
              "context": null,
              "code": "cy.get('#color-palette').then(function (palette) {\n  cy.get('#clear-board').should('be.belowOf', palette);\n});\ncy.get('#clear-board').then(function (clearBtn) {\n  cy.get('#pixel-board').should('be.belowOf', clearBtn);\n});",
              "err": {},
              "uuid": "25f1c6c6-a8ab-40f2-8aca-6b29aeadeacc",
              "parentUUID": "87889415-a1cb-495c-af5e-1eedbd884875",
              "isHook": false,
              "skipped": false
            },
            {
              "title": "Verifica se o texto do botão é 'Limpar'",
              "fullTitle": "9 - Crie um botão que, ao ser clicado, limpa o quadro preenchendo a cor de todos seus pixels com branco. Verifica se o texto do botão é 'Limpar'",
              "timedOut": null,
              "duration": 272,
              "state": "passed",
              "speed": "slow",
              "pass": true,
              "fail": false,
              "pending": false,
              "context": null,
              "code": "cy.get('#clear-board').should('contain.text', 'Limpar');",
              "err": {},
              "uuid": "d8a3e878-ea8d-4fb7-b273-7211734eac16",
              "parentUUID": "87889415-a1cb-495c-af5e-1eedbd884875",
              "isHook": false,
              "skipped": false
            },
            {
              "title": "Verifica se ao clicar no botão, o quadro de pixels é totalmente preenchido de branco",
              "fullTitle": "9 - Crie um botão que, ao ser clicado, limpa o quadro preenchendo a cor de todos seus pixels com branco. Verifica se ao clicar no botão, o quadro de pixels é totalmente preenchido de branco",
              "timedOut": null,
              "duration": 2933,
              "state": "passed",
              "speed": "slow",
              "pass": true,
              "fail": false,
              "pending": false,
              "context": null,
              "code": "cy.get('.color').eq(1).then(function (color) {\n  var backgroundColor = color.css('background-color');\n  cy.wrap(color).click();\n  cy.get('.pixel').each(function (pixel) {\n    cy.wrap(pixel).click().should('have.css', 'background-color', backgroundColor);\n  });\n});\ncy.get('#clear-board').click();\ncy.get('.pixel').each(function (pixel) {\n  cy.wrap(pixel).should('have.css', 'background-color', WHITE);\n});",
              "err": {},
              "uuid": "5a62d3d7-55c4-47be-b756-b446ffa8ba02",
              "parentUUID": "87889415-a1cb-495c-af5e-1eedbd884875",
              "isHook": false,
              "skipped": false
            }
          ],
          "suites": [],
          "passes": [
            "ec8bcd57-f08e-46a7-b01a-b94008b4b5a3",
            "25f1c6c6-a8ab-40f2-8aca-6b29aeadeacc",
            "d8a3e878-ea8d-4fb7-b273-7211734eac16",
            "5a62d3d7-55c4-47be-b756-b446ffa8ba02"
          ],
          "failures": [],
          "pending": [],
          "skipped": [],
          "duration": 3759,
          "root": false,
          "rootEmpty": false,
          "_timeout": 2000
        },
        {
          "uuid": "c16d366a-c9a7-4add-96bf-f273f1d6c6b5",
          "title": "10 - Faça o quadro de pixels ter seu tamanho definido pelo usuário.",
          "fullFile": "",
          "file": "",
          "beforeHooks": [],
          "afterHooks": [],
          "tests": [
            {
              "title": "Verifica se existe um input com o id `board-size`",
              "fullTitle": "10 - Faça o quadro de pixels ter seu tamanho definido pelo usuário. Verifica se existe um input com o id `board-size`",
              "timedOut": null,
              "duration": 4832,
              "state": "failed",
              "speed": null,
              "pass": false,
              "fail": true,
              "pending": false,
              "context": null,
              "code": "cy.get('#board-size').should('be.visible');",
              "err": {
                "message": "CypressError: Timed out retrying: Expected to find element: '#board-size', but never found it.",
                "estack": "CypressError: Timed out retrying: Expected to find element: '#board-size', but never found it.\n    at cypressErr (http://localhost:37313/__cypress/runner/cypress_runner.js:149934:9)\n    at throwErr (http://localhost:37313/__cypress/runner/cypress_runner.js:149867:11)\n    at Object.throwErrByPath (http://localhost:37313/__cypress/runner/cypress_runner.js:149915:3)\n    at retry (http://localhost:37313/__cypress/runner/cypress_runner.js:144197:19)\n    at onFailFn (http://localhost:37313/__cypress/runner/cypress_runner.js:132448:16)\n    at tryCatcher (http://localhost:37313/__cypress/runner/cypress_runner.js:167415:23)\n    at Promise._settlePromiseFromHandler (http://localhost:37313/__cypress/runner/cypress_runner.js:165351:31)\n    at Promise._settlePromise (http://localhost:37313/__cypress/runner/cypress_runner.js:165408:18)\n    at Promise._settlePromise0 (http://localhost:37313/__cypress/runner/cypress_runner.js:165453:10)\n    at Promise._settlePromises (http://localhost:37313/__cypress/runner/cypress_runner.js:165528:18)\n    at Async../node_modules/bluebird/js/release/async.js.Async._drainQueue (http://localhost:37313/__cypress/runner/cypress_runner.js:162140:16)\n    at Async../node_modules/bluebird/js/release/async.js.Async._drainQueues (http://localhost:37313/__cypress/runner/cypress_runner.js:162150:10)\n    at Async.drainQueues (http://localhost:37313/__cypress/runner/cypress_runner.js:162024:14)",
                "diff": null
              },
              "uuid": "bf1c19a0-c546-4678-bdb5-08d392e2e143",
              "parentUUID": "c16d366a-c9a7-4add-96bf-f273f1d6c6b5",
              "isHook": false,
              "skipped": false
            },
            {
              "title": "Verifica se existe um botão com o id `generate-board`",
              "fullTitle": "10 - Faça o quadro de pixels ter seu tamanho definido pelo usuário. Verifica se existe um botão com o id `generate-board`",
              "timedOut": null,
              "duration": 5166,
              "state": "failed",
              "speed": null,
              "pass": false,
              "fail": true,
              "pending": false,
              "context": null,
              "code": "cy.get('#generate-board').should('be.visible');",
              "err": {
                "message": "CypressError: Timed out retrying: Expected to find element: '#generate-board', but never found it.",
                "estack": "CypressError: Timed out retrying: Expected to find element: '#generate-board', but never found it.\n    at cypressErr (http://localhost:37313/__cypress/runner/cypress_runner.js:149934:9)\n    at throwErr (http://localhost:37313/__cypress/runner/cypress_runner.js:149867:11)\n    at Object.throwErrByPath (http://localhost:37313/__cypress/runner/cypress_runner.js:149915:3)\n    at retry (http://localhost:37313/__cypress/runner/cypress_runner.js:144197:19)\n    at onFailFn (http://localhost:37313/__cypress/runner/cypress_runner.js:132448:16)\n    at tryCatcher (http://localhost:37313/__cypress/runner/cypress_runner.js:167415:23)\n    at Promise._settlePromiseFromHandler (http://localhost:37313/__cypress/runner/cypress_runner.js:165351:31)\n    at Promise._settlePromise (http://localhost:37313/__cypress/runner/cypress_runner.js:165408:18)\n    at Promise._settlePromise0 (http://localhost:37313/__cypress/runner/cypress_runner.js:165453:10)\n    at Promise._settlePromises (http://localhost:37313/__cypress/runner/cypress_runner.js:165528:18)\n    at Async../node_modules/bluebird/js/release/async.js.Async._drainQueue (http://localhost:37313/__cypress/runner/cypress_runner.js:162140:16)\n    at Async../node_modules/bluebird/js/release/async.js.Async._drainQueues (http://localhost:37313/__cypress/runner/cypress_runner.js:162150:10)\n    at Async.drainQueues (http://localhost:37313/__cypress/runner/cypress_runner.js:162024:14)",
                "diff": null
              },
              "uuid": "19b584c3-f402-4d1a-9964-2b5fad490e7b",
              "parentUUID": "c16d366a-c9a7-4add-96bf-f273f1d6c6b5",
              "isHook": false,
              "skipped": false
            },
            {
              "title": "Verifica se o input só aceita número maiores que zero. Essa restrição deve ser feita usando os atributos do elemento `input`",
              "fullTitle": "10 - Faça o quadro de pixels ter seu tamanho definido pelo usuário. Verifica se o input só aceita número maiores que zero. Essa restrição deve ser feita usando os atributos do elemento `input`",
              "timedOut": null,
              "duration": 5299,
              "state": "failed",
              "speed": null,
              "pass": false,
              "fail": true,
              "pending": false,
              "context": null,
              "code": "cy.get('#board-size[type=\\'number\\'][min=\\'1\\']');",
              "err": {
                "message": "CypressError: Timed out retrying: Expected to find element: '#board-size[type='number'][min='1']', but never found it.",
                "estack": "CypressError: Timed out retrying: Expected to find element: '#board-size[type='number'][min='1']', but never found it.\n    at cypressErr (http://localhost:37313/__cypress/runner/cypress_runner.js:149934:9)\n    at throwErr (http://localhost:37313/__cypress/runner/cypress_runner.js:149867:11)\n    at Object.throwErrByPath (http://localhost:37313/__cypress/runner/cypress_runner.js:149915:3)\n    at retry (http://localhost:37313/__cypress/runner/cypress_runner.js:144197:19)\n    at onFailFn (http://localhost:37313/__cypress/runner/cypress_runner.js:132448:16)\n    at tryCatcher (http://localhost:37313/__cypress/runner/cypress_runner.js:167415:23)\n    at Promise._settlePromiseFromHandler (http://localhost:37313/__cypress/runner/cypress_runner.js:165351:31)\n    at Promise._settlePromise (http://localhost:37313/__cypress/runner/cypress_runner.js:165408:18)\n    at Promise._settlePromise0 (http://localhost:37313/__cypress/runner/cypress_runner.js:165453:10)\n    at Promise._settlePromises (http://localhost:37313/__cypress/runner/cypress_runner.js:165528:18)\n    at Async../node_modules/bluebird/js/release/async.js.Async._drainQueue (http://localhost:37313/__cypress/runner/cypress_runner.js:162140:16)\n    at Async../node_modules/bluebird/js/release/async.js.Async._drainQueues (http://localhost:37313/__cypress/runner/cypress_runner.js:162150:10)\n    at Async.drainQueues (http://localhost:37313/__cypress/runner/cypress_runner.js:162024:14)",
                "diff": null
              },
              "uuid": "9c375b52-0ad6-4b7d-97e4-2966c37d2f35",
              "parentUUID": "c16d366a-c9a7-4add-96bf-f273f1d6c6b5",
              "isHook": false,
              "skipped": false
            },
            {
              "title": "Verifica se o botão contém o texto 'VQV'",
              "fullTitle": "10 - Faça o quadro de pixels ter seu tamanho definido pelo usuário. Verifica se o botão contém o texto 'VQV'",
              "timedOut": null,
              "duration": 5209,
              "state": "failed",
              "speed": null,
              "pass": false,
              "fail": true,
              "pending": false,
              "context": null,
              "code": "cy.get('#generate-board').contains(/vqv/i);",
              "err": {
                "message": "CypressError: Timed out retrying: Expected to find element: '#generate-board', but never found it.",
                "estack": "CypressError: Timed out retrying: Expected to find element: '#generate-board', but never found it.\n    at cypressErr (http://localhost:37313/__cypress/runner/cypress_runner.js:149934:9)\n    at throwErr (http://localhost:37313/__cypress/runner/cypress_runner.js:149867:11)\n    at Object.throwErrByPath (http://localhost:37313/__cypress/runner/cypress_runner.js:149915:3)\n    at retry (http://localhost:37313/__cypress/runner/cypress_runner.js:144197:19)\n    at onFailFn (http://localhost:37313/__cypress/runner/cypress_runner.js:132448:16)\n    at tryCatcher (http://localhost:37313/__cypress/runner/cypress_runner.js:167415:23)\n    at Promise._settlePromiseFromHandler (http://localhost:37313/__cypress/runner/cypress_runner.js:165351:31)\n    at Promise._settlePromise (http://localhost:37313/__cypress/runner/cypress_runner.js:165408:18)\n    at Promise._settlePromise0 (http://localhost:37313/__cypress/runner/cypress_runner.js:165453:10)\n    at Promise._settlePromises (http://localhost:37313/__cypress/runner/cypress_runner.js:165528:18)\n    at Async../node_modules/bluebird/js/release/async.js.Async._drainQueue (http://localhost:37313/__cypress/runner/cypress_runner.js:162140:16)\n    at Async../node_modules/bluebird/js/release/async.js.Async._drainQueues (http://localhost:37313/__cypress/runner/cypress_runner.js:162150:10)\n    at Async.drainQueues (http://localhost:37313/__cypress/runner/cypress_runner.js:162024:14)",
                "diff": null
              },
              "uuid": "759e98c2-cc33-4526-8ea8-a2e5106a6534",
              "parentUUID": "c16d366a-c9a7-4add-96bf-f273f1d6c6b5",
              "isHook": false,
              "skipped": false
            },
            {
              "title": "Verifica se o input está posicionado entre a paleta de cores e o quadro de pixels",
              "fullTitle": "10 - Faça o quadro de pixels ter seu tamanho definido pelo usuário. Verifica se o input está posicionado entre a paleta de cores e o quadro de pixels",
              "timedOut": null,
              "duration": 5292,
              "state": "failed",
              "speed": null,
              "pass": false,
              "fail": true,
              "pending": false,
              "context": null,
              "code": "cy.get('#color-palette').then(function (palette) {\n  cy.get('#board-size').should('be.belowOf', palette);\n});\ncy.get('#board-size').then(function (palette) {\n  cy.get('#pixel-board').should('be.belowOf', palette);\n});",
              "err": {
                "message": "CypressError: Timed out retrying: Expected to find element: '#board-size', but never found it.",
                "estack": "CypressError: Timed out retrying: Expected to find element: '#board-size', but never found it.\n    at cypressErr (http://localhost:37313/__cypress/runner/cypress_runner.js:149934:9)\n    at throwErr (http://localhost:37313/__cypress/runner/cypress_runner.js:149867:11)\n    at Object.throwErrByPath (http://localhost:37313/__cypress/runner/cypress_runner.js:149915:3)\n    at retry (http://localhost:37313/__cypress/runner/cypress_runner.js:144197:19)\n    at onFailFn (http://localhost:37313/__cypress/runner/cypress_runner.js:132448:16)\n    at tryCatcher (http://localhost:37313/__cypress/runner/cypress_runner.js:167415:23)\n    at Promise._settlePromiseFromHandler (http://localhost:37313/__cypress/runner/cypress_runner.js:165351:31)\n    at Promise._settlePromise (http://localhost:37313/__cypress/runner/cypress_runner.js:165408:18)\n    at Promise._settlePromise0 (http://localhost:37313/__cypress/runner/cypress_runner.js:165453:10)\n    at Promise._settlePromises (http://localhost:37313/__cypress/runner/cypress_runner.js:165528:18)\n    at Async../node_modules/bluebird/js/release/async.js.Async._drainQueue (http://localhost:37313/__cypress/runner/cypress_runner.js:162140:16)\n    at Async../node_modules/bluebird/js/release/async.js.Async._drainQueues (http://localhost:37313/__cypress/runner/cypress_runner.js:162150:10)\n    at Async.drainQueues (http://localhost:37313/__cypress/runner/cypress_runner.js:162024:14)",
                "diff": null
              },
              "uuid": "af5fb446-f0f7-4cf9-a3a4-43a390c0bedc",
              "parentUUID": "c16d366a-c9a7-4add-96bf-f273f1d6c6b5",
              "isHook": false,
              "skipped": false
            },
            {
              "title": "Verifica se o botão está posicionado ao lado do input",
              "fullTitle": "10 - Faça o quadro de pixels ter seu tamanho definido pelo usuário. Verifica se o botão está posicionado ao lado do input",
              "timedOut": null,
              "duration": 5154,
              "state": "failed",
              "speed": null,
              "pass": false,
              "fail": true,
              "pending": false,
              "context": null,
              "code": "cy.get('#board-size').then(function (board) {\n  cy.get('#generate-board').should('be.onTheRightOf', board);\n});",
              "err": {
                "message": "CypressError: Timed out retrying: Expected to find element: '#board-size', but never found it.",
                "estack": "CypressError: Timed out retrying: Expected to find element: '#board-size', but never found it.\n    at cypressErr (http://localhost:37313/__cypress/runner/cypress_runner.js:149934:9)\n    at throwErr (http://localhost:37313/__cypress/runner/cypress_runner.js:149867:11)\n    at Object.throwErrByPath (http://localhost:37313/__cypress/runner/cypress_runner.js:149915:3)\n    at retry (http://localhost:37313/__cypress/runner/cypress_runner.js:144197:19)\n    at onFailFn (http://localhost:37313/__cypress/runner/cypress_runner.js:132448:16)\n    at tryCatcher (http://localhost:37313/__cypress/runner/cypress_runner.js:167415:23)\n    at Promise._settlePromiseFromHandler (http://localhost:37313/__cypress/runner/cypress_runner.js:165351:31)\n    at Promise._settlePromise (http://localhost:37313/__cypress/runner/cypress_runner.js:165408:18)\n    at Promise._settlePromise0 (http://localhost:37313/__cypress/runner/cypress_runner.js:165453:10)\n    at Promise._settlePromises (http://localhost:37313/__cypress/runner/cypress_runner.js:165528:18)\n    at Async../node_modules/bluebird/js/release/async.js.Async._drainQueue (http://localhost:37313/__cypress/runner/cypress_runner.js:162140:16)\n    at Async../node_modules/bluebird/js/release/async.js.Async._drainQueues (http://localhost:37313/__cypress/runner/cypress_runner.js:162150:10)\n    at Async.drainQueues (http://localhost:37313/__cypress/runner/cypress_runner.js:162024:14)",
                "diff": null
              },
              "uuid": "12b5c375-a61a-48e4-8fbc-059d30df7dd5",
              "parentUUID": "c16d366a-c9a7-4add-96bf-f273f1d6c6b5",
              "isHook": false,
              "skipped": false
            },
            {
              "title": "Verifica se nenhum valor for colocado no input ao clicar no botão, um `alert` é exibido com o texto: 'Board inválido!'",
              "fullTitle": "10 - Faça o quadro de pixels ter seu tamanho definido pelo usuário. Verifica se nenhum valor for colocado no input ao clicar no botão, um `alert` é exibido com o texto: 'Board inválido!'",
              "timedOut": null,
              "duration": 4930,
              "state": "failed",
              "speed": null,
              "pass": false,
              "fail": true,
              "pending": false,
              "context": null,
              "code": "var alerted = false;\ncy.on('window:alert', function (msg) {\n  return alerted = msg;\n});\ncy.get('#generate-board').click().then(function () {\n  return expect(alerted).to.match(/Board inválido!/i);\n});",
              "err": {
                "message": "CypressError: Timed out retrying: Expected to find element: '#generate-board', but never found it.",
                "estack": "CypressError: Timed out retrying: Expected to find element: '#generate-board', but never found it.\n    at cypressErr (http://localhost:37313/__cypress/runner/cypress_runner.js:149934:9)\n    at throwErr (http://localhost:37313/__cypress/runner/cypress_runner.js:149867:11)\n    at Object.throwErrByPath (http://localhost:37313/__cypress/runner/cypress_runner.js:149915:3)\n    at retry (http://localhost:37313/__cypress/runner/cypress_runner.js:144197:19)\n    at onFailFn (http://localhost:37313/__cypress/runner/cypress_runner.js:132448:16)\n    at tryCatcher (http://localhost:37313/__cypress/runner/cypress_runner.js:167415:23)\n    at Promise._settlePromiseFromHandler (http://localhost:37313/__cypress/runner/cypress_runner.js:165351:31)\n    at Promise._settlePromise (http://localhost:37313/__cypress/runner/cypress_runner.js:165408:18)\n    at Promise._settlePromise0 (http://localhost:37313/__cypress/runner/cypress_runner.js:165453:10)\n    at Promise._settlePromises (http://localhost:37313/__cypress/runner/cypress_runner.js:165528:18)\n    at Async../node_modules/bluebird/js/release/async.js.Async._drainQueue (http://localhost:37313/__cypress/runner/cypress_runner.js:162140:16)\n    at Async../node_modules/bluebird/js/release/async.js.Async._drainQueues (http://localhost:37313/__cypress/runner/cypress_runner.js:162150:10)\n    at Async.drainQueues (http://localhost:37313/__cypress/runner/cypress_runner.js:162024:14)",
                "diff": null
              },
              "uuid": "aff71d53-1723-451a-ba3c-20ade7ec2b38",
              "parentUUID": "c16d366a-c9a7-4add-96bf-f273f1d6c6b5",
              "isHook": false,
              "skipped": false
            },
            {
              "title": "Verifica se ao clicar no botão com um valor preenchido, o tamanho do board muda.",
              "fullTitle": "10 - Faça o quadro de pixels ter seu tamanho definido pelo usuário. Verifica se ao clicar no botão com um valor preenchido, o tamanho do board muda.",
              "timedOut": null,
              "duration": 5170,
              "state": "failed",
              "speed": null,
              "pass": false,
              "fail": true,
              "pending": false,
              "context": null,
              "code": "cy.get('#board-size').clear().type(10);\ncy.get('#generate-board').click();\ncy.get('.pixel').should('have.length', 100);",
              "err": {
                "message": "CypressError: Timed out retrying: Expected to find element: '#board-size', but never found it.",
                "estack": "CypressError: Timed out retrying: Expected to find element: '#board-size', but never found it.\n    at cypressErr (http://localhost:37313/__cypress/runner/cypress_runner.js:149934:9)\n    at throwErr (http://localhost:37313/__cypress/runner/cypress_runner.js:149867:11)\n    at Object.throwErrByPath (http://localhost:37313/__cypress/runner/cypress_runner.js:149915:3)\n    at retry (http://localhost:37313/__cypress/runner/cypress_runner.js:144197:19)\n    at onFailFn (http://localhost:37313/__cypress/runner/cypress_runner.js:132448:16)\n    at tryCatcher (http://localhost:37313/__cypress/runner/cypress_runner.js:167415:23)\n    at Promise._settlePromiseFromHandler (http://localhost:37313/__cypress/runner/cypress_runner.js:165351:31)\n    at Promise._settlePromise (http://localhost:37313/__cypress/runner/cypress_runner.js:165408:18)\n    at Promise._settlePromise0 (http://localhost:37313/__cypress/runner/cypress_runner.js:165453:10)\n    at Promise._settlePromises (http://localhost:37313/__cypress/runner/cypress_runner.js:165528:18)\n    at Async../node_modules/bluebird/js/release/async.js.Async._drainQueue (http://localhost:37313/__cypress/runner/cypress_runner.js:162140:16)\n    at Async../node_modules/bluebird/js/release/async.js.Async._drainQueues (http://localhost:37313/__cypress/runner/cypress_runner.js:162150:10)\n    at Async.drainQueues (http://localhost:37313/__cypress/runner/cypress_runner.js:162024:14)",
                "diff": null
              },
              "uuid": "c59b69eb-65eb-43b5-8c72-7d7d3549c641",
              "parentUUID": "c16d366a-c9a7-4add-96bf-f273f1d6c6b5",
              "isHook": false,
              "skipped": false
            },
            {
              "title": "Verifica se o novo quadro tem todos os pixels preenchidos com a cor branca",
              "fullTitle": "10 - Faça o quadro de pixels ter seu tamanho definido pelo usuário. Verifica se o novo quadro tem todos os pixels preenchidos com a cor branca",
              "timedOut": null,
              "duration": 5007,
              "state": "failed",
              "speed": null,
              "pass": false,
              "fail": true,
              "pending": false,
              "context": null,
              "code": "cy.get('#board-size').clear().type(6);\ncy.get('#generate-board').click();\ncy.get('.pixel').should('have.length', 36).each(function (pixel) {\n  expect(pixel).to.have.css('background-color', WHITE);\n});",
              "err": {
                "message": "CypressError: Timed out retrying: Expected to find element: '#board-size', but never found it.",
                "estack": "CypressError: Timed out retrying: Expected to find element: '#board-size', but never found it.\n    at cypressErr (http://localhost:37313/__cypress/runner/cypress_runner.js:149934:9)\n    at throwErr (http://localhost:37313/__cypress/runner/cypress_runner.js:149867:11)\n    at Object.throwErrByPath (http://localhost:37313/__cypress/runner/cypress_runner.js:149915:3)\n    at retry (http://localhost:37313/__cypress/runner/cypress_runner.js:144197:19)\n    at onFailFn (http://localhost:37313/__cypress/runner/cypress_runner.js:132448:16)\n    at tryCatcher (http://localhost:37313/__cypress/runner/cypress_runner.js:167415:23)\n    at Promise._settlePromiseFromHandler (http://localhost:37313/__cypress/runner/cypress_runner.js:165351:31)\n    at Promise._settlePromise (http://localhost:37313/__cypress/runner/cypress_runner.js:165408:18)\n    at Promise._settlePromise0 (http://localhost:37313/__cypress/runner/cypress_runner.js:165453:10)\n    at Promise._settlePromises (http://localhost:37313/__cypress/runner/cypress_runner.js:165528:18)\n    at Async../node_modules/bluebird/js/release/async.js.Async._drainQueue (http://localhost:37313/__cypress/runner/cypress_runner.js:162140:16)\n    at Async../node_modules/bluebird/js/release/async.js.Async._drainQueues (http://localhost:37313/__cypress/runner/cypress_runner.js:162150:10)\n    at Async.drainQueues (http://localhost:37313/__cypress/runner/cypress_runner.js:162024:14)",
                "diff": null
              },
              "uuid": "0817ad8e-d899-4048-afa5-01b07e5be003",
              "parentUUID": "c16d366a-c9a7-4add-96bf-f273f1d6c6b5",
              "isHook": false,
              "skipped": false
            }
          ],
          "suites": [],
          "passes": [],
          "failures": [
            "bf1c19a0-c546-4678-bdb5-08d392e2e143",
            "19b584c3-f402-4d1a-9964-2b5fad490e7b",
            "9c375b52-0ad6-4b7d-97e4-2966c37d2f35",
            "759e98c2-cc33-4526-8ea8-a2e5106a6534",
            "af5fb446-f0f7-4cf9-a3a4-43a390c0bedc",
            "12b5c375-a61a-48e4-8fbc-059d30df7dd5",
            "aff71d53-1723-451a-ba3c-20ade7ec2b38",
            "c59b69eb-65eb-43b5-8c72-7d7d3549c641",
            "0817ad8e-d899-4048-afa5-01b07e5be003"
          ],
          "pending": [],
          "skipped": [],
          "duration": 46059,
          "root": false,
          "rootEmpty": false,
          "_timeout": 2000
        },
        {
          "uuid": "6b1b4a57-7a3a-488e-b6ea-0d03b2da38d4",
          "title": "11 - Limite o tamanho mínimo e máximo do board.",
          "fullFile": "",
          "file": "",
          "beforeHooks": [],
          "afterHooks": [],
          "tests": [
            {
              "title": "Verifica se a altura máxima do board é 50",
              "fullTitle": "11 - Limite o tamanho mínimo e máximo do board. Verifica se a altura máxima do board é 50",
              "timedOut": null,
              "duration": 5285,
              "state": "failed",
              "speed": null,
              "pass": false,
              "fail": true,
              "pending": false,
              "context": null,
              "code": "cy.get('#board-size').clear().type(50);\ncy.get('#generate-board').click();\ncy.get('.pixel').should('have.length', 2500);",
              "err": {
                "message": "CypressError: Timed out retrying: Expected to find element: '#board-size', but never found it.",
                "estack": "CypressError: Timed out retrying: Expected to find element: '#board-size', but never found it.\n    at cypressErr (http://localhost:37313/__cypress/runner/cypress_runner.js:149934:9)\n    at throwErr (http://localhost:37313/__cypress/runner/cypress_runner.js:149867:11)\n    at Object.throwErrByPath (http://localhost:37313/__cypress/runner/cypress_runner.js:149915:3)\n    at retry (http://localhost:37313/__cypress/runner/cypress_runner.js:144197:19)\n    at onFailFn (http://localhost:37313/__cypress/runner/cypress_runner.js:132448:16)\n    at tryCatcher (http://localhost:37313/__cypress/runner/cypress_runner.js:167415:23)\n    at Promise._settlePromiseFromHandler (http://localhost:37313/__cypress/runner/cypress_runner.js:165351:31)\n    at Promise._settlePromise (http://localhost:37313/__cypress/runner/cypress_runner.js:165408:18)\n    at Promise._settlePromise0 (http://localhost:37313/__cypress/runner/cypress_runner.js:165453:10)\n    at Promise._settlePromises (http://localhost:37313/__cypress/runner/cypress_runner.js:165528:18)\n    at Async../node_modules/bluebird/js/release/async.js.Async._drainQueue (http://localhost:37313/__cypress/runner/cypress_runner.js:162140:16)\n    at Async../node_modules/bluebird/js/release/async.js.Async._drainQueues (http://localhost:37313/__cypress/runner/cypress_runner.js:162150:10)\n    at Async.drainQueues (http://localhost:37313/__cypress/runner/cypress_runner.js:162024:14)",
                "diff": null
              },
              "uuid": "a4a5e8a5-7e4e-4aff-ab7f-0bfe779412ba",
              "parentUUID": "6b1b4a57-7a3a-488e-b6ea-0d03b2da38d4",
              "isHook": false,
              "skipped": false
            },
            {
              "title": "Verifica se a altura do board é 5 quando um valor menor é colocado no input",
              "fullTitle": "11 - Limite o tamanho mínimo e máximo do board. Verifica se a altura do board é 5 quando um valor menor é colocado no input",
              "timedOut": null,
              "duration": 5200,
              "state": "failed",
              "speed": null,
              "pass": false,
              "fail": true,
              "pending": false,
              "context": null,
              "code": "cy.get('#board-size').clear().type(4);\ncy.get('#generate-board').click();\ncy.get('.pixel').should('have.length', 25);",
              "err": {
                "message": "CypressError: Timed out retrying: Expected to find element: '#board-size', but never found it.",
                "estack": "CypressError: Timed out retrying: Expected to find element: '#board-size', but never found it.\n    at cypressErr (http://localhost:37313/__cypress/runner/cypress_runner.js:149934:9)\n    at throwErr (http://localhost:37313/__cypress/runner/cypress_runner.js:149867:11)\n    at Object.throwErrByPath (http://localhost:37313/__cypress/runner/cypress_runner.js:149915:3)\n    at retry (http://localhost:37313/__cypress/runner/cypress_runner.js:144197:19)\n    at onFailFn (http://localhost:37313/__cypress/runner/cypress_runner.js:132448:16)\n    at tryCatcher (http://localhost:37313/__cypress/runner/cypress_runner.js:167415:23)\n    at Promise._settlePromiseFromHandler (http://localhost:37313/__cypress/runner/cypress_runner.js:165351:31)\n    at Promise._settlePromise (http://localhost:37313/__cypress/runner/cypress_runner.js:165408:18)\n    at Promise._settlePromise0 (http://localhost:37313/__cypress/runner/cypress_runner.js:165453:10)\n    at Promise._settlePromises (http://localhost:37313/__cypress/runner/cypress_runner.js:165528:18)\n    at Async../node_modules/bluebird/js/release/async.js.Async._drainQueue (http://localhost:37313/__cypress/runner/cypress_runner.js:162140:16)\n    at Async../node_modules/bluebird/js/release/async.js.Async._drainQueues (http://localhost:37313/__cypress/runner/cypress_runner.js:162150:10)\n    at Async.drainQueues (http://localhost:37313/__cypress/runner/cypress_runner.js:162024:14)",
                "diff": null
              },
              "uuid": "0c14b7fe-fa75-4542-92f8-1694f12e7145",
              "parentUUID": "6b1b4a57-7a3a-488e-b6ea-0d03b2da38d4",
              "isHook": false,
              "skipped": false
            },
            {
              "title": "Verifica se a altura do board é 50 quando um valor maior é colocado no input",
              "fullTitle": "11 - Limite o tamanho mínimo e máximo do board. Verifica se a altura do board é 50 quando um valor maior é colocado no input",
              "timedOut": null,
              "duration": 5153,
              "state": "failed",
              "speed": null,
              "pass": false,
              "fail": true,
              "pending": false,
              "context": null,
              "code": "cy.get('#board-size').clear().type(51);\ncy.get('#generate-board').click();\ncy.get('.pixel').should('have.length', 2500);",
              "err": {
                "message": "CypressError: Timed out retrying: Expected to find element: '#board-size', but never found it.",
                "estack": "CypressError: Timed out retrying: Expected to find element: '#board-size', but never found it.\n    at cypressErr (http://localhost:37313/__cypress/runner/cypress_runner.js:149934:9)\n    at throwErr (http://localhost:37313/__cypress/runner/cypress_runner.js:149867:11)\n    at Object.throwErrByPath (http://localhost:37313/__cypress/runner/cypress_runner.js:149915:3)\n    at retry (http://localhost:37313/__cypress/runner/cypress_runner.js:144197:19)\n    at onFailFn (http://localhost:37313/__cypress/runner/cypress_runner.js:132448:16)\n    at tryCatcher (http://localhost:37313/__cypress/runner/cypress_runner.js:167415:23)\n    at Promise._settlePromiseFromHandler (http://localhost:37313/__cypress/runner/cypress_runner.js:165351:31)\n    at Promise._settlePromise (http://localhost:37313/__cypress/runner/cypress_runner.js:165408:18)\n    at Promise._settlePromise0 (http://localhost:37313/__cypress/runner/cypress_runner.js:165453:10)\n    at Promise._settlePromises (http://localhost:37313/__cypress/runner/cypress_runner.js:165528:18)\n    at Async../node_modules/bluebird/js/release/async.js.Async._drainQueue (http://localhost:37313/__cypress/runner/cypress_runner.js:162140:16)\n    at Async../node_modules/bluebird/js/release/async.js.Async._drainQueues (http://localhost:37313/__cypress/runner/cypress_runner.js:162150:10)\n    at Async.drainQueues (http://localhost:37313/__cypress/runner/cypress_runner.js:162024:14)",
                "diff": null
              },
              "uuid": "d25313d7-a175-41e7-82cd-8ea8574a49d0",
              "parentUUID": "6b1b4a57-7a3a-488e-b6ea-0d03b2da38d4",
              "isHook": false,
              "skipped": false
            }
          ],
          "suites": [],
          "passes": [],
          "failures": [
            "a4a5e8a5-7e4e-4aff-ab7f-0bfe779412ba",
            "0c14b7fe-fa75-4542-92f8-1694f12e7145",
            "d25313d7-a175-41e7-82cd-8ea8574a49d0"
          ],
          "pending": [],
          "skipped": [],
          "duration": 15638,
          "root": false,
          "rootEmpty": false,
          "_timeout": 2000
        },
        {
          "uuid": "9d6e38a7-63a3-4fbf-a7f3-f78c79ea9772",
          "title": "12 - Faça com que as cores da paleta sejam geradas aleatoriamente ao carregar a página.",
          "fullFile": "",
          "file": "",
          "beforeHooks": [],
          "afterHooks": [],
          "tests": [
            {
              "title": "Verifica se as cores geradas na paleta são diferentes a cada carregamento da página",
              "fullTitle": "12 - Faça com que as cores da paleta sejam geradas aleatoriamente ao carregar a página. Verifica se as cores geradas na paleta são diferentes a cada carregamento da página",
              "timedOut": null,
              "duration": 1451,
              "state": "failed",
              "speed": null,
              "pass": false,
              "fail": true,
              "pending": false,
              "context": null,
              "code": "cy.get('.color').then(function (colors) {\n  var currentColors;\n  var previousColors;\n  previousColors = Array.from(colors).map(function (color) {\n    return Cypress.$(color).css('background-color');\n  });\n  for (var i = 0; i < 5; i += 1) {\n    cy.reload();\n    cy.get('.color').then(function (colors) {\n      currentColors = Array.from(colors).map(function (color) {\n        return Cypress.$(color).css('background-color');\n      });\n      expect(currentColors).not.to.deep.equal(previousColors);\n      previousColors = currentColors;\n    });\n  }\n});",
              "err": {
                "message": "AssertionError: expected [ Array(4) ] to not deeply equal [ Array(4) ]",
                "estack": "AssertionError: expected [ Array(4) ] to not deeply equal [ Array(4) ]\n    at getRet (http://localhost:37313/__cypress/runner/cypress_runner.js:136585:16)\n    at tryCatcher (http://localhost:37313/__cypress/runner/cypress_runner.js:167415:23)\n    at Function.Promise.attempt.Promise.try (http://localhost:37313/__cypress/runner/cypress_runner.js:164690:29)\n    at Context.thenFn (http://localhost:37313/__cypress/runner/cypress_runner.js:136599:23)\n    at Context.then (http://localhost:37313/__cypress/runner/cypress_runner.js:136971:21)\n    at Context.<anonymous> (http://localhost:37313/__cypress/runner/cypress_runner.js:148875:21)\n    at http://localhost:37313/__cypress/runner/cypress_runner.js:148351:33\n    at tryCatcher (http://localhost:37313/__cypress/runner/cypress_runner.js:167415:23)\n    at Promise._settlePromiseFromHandler (http://localhost:37313/__cypress/runner/cypress_runner.js:165351:31)\n    at Promise._settlePromise (http://localhost:37313/__cypress/runner/cypress_runner.js:165408:18)\n    at Promise._settlePromiseCtx (http://localhost:37313/__cypress/runner/cypress_runner.js:165445:10)\n    at Async../node_modules/bluebird/js/release/async.js.Async._drainQueue (http://localhost:37313/__cypress/runner/cypress_runner.js:162145:12)\n    at Async../node_modules/bluebird/js/release/async.js.Async._drainQueues (http://localhost:37313/__cypress/runner/cypress_runner.js:162150:10)\n    at Async.drainQueues (http://localhost:37313/__cypress/runner/cypress_runner.js:162024:14)",
                "diff": ""
              },
              "uuid": "35ed322e-8719-431a-a22a-69131706512a",
              "parentUUID": "9d6e38a7-63a3-4fbf-a7f3-f78c79ea9772",
              "isHook": false,
              "skipped": false
            },
            {
              "title": "Verifica se a cor preta ainda está presente e é a primeira na sua paleta de cores",
              "fullTitle": "12 - Faça com que as cores da paleta sejam geradas aleatoriamente ao carregar a página. Verifica se a cor preta ainda está presente e é a primeira na sua paleta de cores",
              "timedOut": null,
              "duration": 1120,
              "state": "failed",
              "speed": null,
              "pass": false,
              "fail": true,
              "pending": false,
              "context": null,
              "code": "cy.get('.color').then(function (colors) {\n  var currentColors;\n  var previousColors;\n  previousColors = Array.from(colors).map(function (color) {\n    return Cypress.$(color).css('background-color');\n  });\n  expect(previousColors[0]).to.eq(BLACK);\n  for (var i = 0; i < 5; i += 1) {\n    cy.reload();\n    cy.get('.color').then(function (colors) {\n      currentColors = Array.from(colors).map(function (color) {\n        return Cypress.$(color).css('background-color');\n      });\n      expect(currentColors[0]).to.eq(BLACK);\n      expect(currentColors).not.to.deep.equal(previousColors);\n      previousColors = currentColors;\n    });\n  }\n});",
              "err": {
                "message": "AssertionError: expected [ Array(4) ] to not deeply equal [ Array(4) ]",
                "estack": "AssertionError: expected [ Array(4) ] to not deeply equal [ Array(4) ]\n    at getRet (http://localhost:37313/__cypress/runner/cypress_runner.js:136585:16)\n    at tryCatcher (http://localhost:37313/__cypress/runner/cypress_runner.js:167415:23)\n    at Function.Promise.attempt.Promise.try (http://localhost:37313/__cypress/runner/cypress_runner.js:164690:29)\n    at Context.thenFn (http://localhost:37313/__cypress/runner/cypress_runner.js:136599:23)\n    at Context.then (http://localhost:37313/__cypress/runner/cypress_runner.js:136971:21)\n    at Context.<anonymous> (http://localhost:37313/__cypress/runner/cypress_runner.js:148875:21)\n    at http://localhost:37313/__cypress/runner/cypress_runner.js:148351:33\n    at tryCatcher (http://localhost:37313/__cypress/runner/cypress_runner.js:167415:23)\n    at Promise._settlePromiseFromHandler (http://localhost:37313/__cypress/runner/cypress_runner.js:165351:31)\n    at Promise._settlePromise (http://localhost:37313/__cypress/runner/cypress_runner.js:165408:18)\n    at Promise._settlePromiseCtx (http://localhost:37313/__cypress/runner/cypress_runner.js:165445:10)\n    at Async../node_modules/bluebird/js/release/async.js.Async._drainQueue (http://localhost:37313/__cypress/runner/cypress_runner.js:162145:12)\n    at Async../node_modules/bluebird/js/release/async.js.Async._drainQueues (http://localhost:37313/__cypress/runner/cypress_runner.js:162150:10)\n    at Async.drainQueues (http://localhost:37313/__cypress/runner/cypress_runner.js:162024:14)",
                "diff": ""
              },
              "uuid": "26c5c05d-b2f8-4e83-a4ed-18a1082b8116",
              "parentUUID": "9d6e38a7-63a3-4fbf-a7f3-f78c79ea9772",
              "isHook": false,
              "skipped": false
            }
          ],
          "suites": [],
          "passes": [],
          "failures": [
            "35ed322e-8719-431a-a22a-69131706512a",
            "26c5c05d-b2f8-4e83-a4ed-18a1082b8116"
          ],
          "pending": [],
          "skipped": [],
          "duration": 2571,
          "root": false,
          "rootEmpty": false,
          "_timeout": 2000
        }
      ],
      "passes": [],
      "failures": [],
      "pending": [],
      "skipped": [],
      "duration": 0,
      "root": true,
      "rootEmpty": true,
      "_timeout": 2000
    }
  ],
  "meta": {
    "mocha": {
      "version": "7.0.1"
    },
    "mochawesome": {
      "options": {
        "quiet": false,
        "reportFilename": "mochawesome",
        "saveHtml": false,
        "saveJson": true,
        "consoleReporter": "spec",
        "useInlineDiffs": false
      },
      "version": "4.1.0"
    },
    "marge": {
      "options": {
        "id": "default",
        "reportDir": "cypress/reports",
        "overwrite": true,
        "html": false,
        "json": true
      },
      "version": "4.1.0"
    }
  }
}