{
  "stats": {
    "suites": 12,
    "tests": 41,
    "passes": 25,
    "pending": 0,
    "failures": 16,
    "start": "2021-12-20T12:32:41.789Z",
    "end": "2021-12-20T12:34:45.007Z",
    "duration": 123218,
    "testsRegistered": 41,
    "passPercent": 60.97560975609756,
    "pendingPercent": 0,
    "other": 0,
    "hasOther": false,
    "skipped": 0,
    "hasSkipped": false
  },
  "results": [
    {
      "uuid": "c3dac201-58f8-4e01-a7a4-2673cf843234",
      "title": "",
      "fullFile": "cypress/integration/project.spec.js",
      "file": "cypress/integration/project.spec.js",
      "beforeHooks": [],
      "afterHooks": [],
      "tests": [],
      "suites": [
        {
          "uuid": "8a0bad1f-d828-480c-995a-0cc2cb1b2ed6",
          "title": "1 - Adicione à página o título \"Paleta de Cores\".",
          "fullFile": "",
          "file": "",
          "beforeHooks": [],
          "afterHooks": [],
          "tests": [
            {
              "title": "Verifica se contém um elemento `h1` com o id `title` com o título correto",
              "fullTitle": "1 - Adicione à página o título \"Paleta de Cores\". Verifica se contém um elemento `h1` com o id `title` com o título correto",
              "timedOut": null,
              "duration": 1250,
              "state": "passed",
              "speed": "slow",
              "pass": true,
              "fail": false,
              "pending": false,
              "context": null,
              "code": "cy.get('h1#title').should('contain.text', 'Paleta de Cores');",
              "err": {},
              "uuid": "53e6ec96-bbde-44e5-95cc-a1f75547107b",
              "parentUUID": "8a0bad1f-d828-480c-995a-0cc2cb1b2ed6",
              "isHook": false,
              "skipped": false
            }
          ],
          "suites": [],
          "passes": [
            "53e6ec96-bbde-44e5-95cc-a1f75547107b"
          ],
          "failures": [],
          "pending": [],
          "skipped": [],
          "duration": 1250,
          "root": false,
          "rootEmpty": false,
          "_timeout": 2000
        },
        {
          "uuid": "a4a85514-4ac8-4295-8b69-a34f64b0b510",
          "title": "2 - Adicione à página uma paleta de quatro cores distintas.",
          "fullFile": "",
          "file": "",
          "beforeHooks": [],
          "afterHooks": [],
          "tests": [
            {
              "title": "A paleta de cores deve ser um elemento com `id` denominado `color-palette`",
              "fullTitle": "2 - Adicione à página uma paleta de quatro cores distintas. A paleta de cores deve ser um elemento com `id` denominado `color-palette`",
              "timedOut": null,
              "duration": 706,
              "state": "passed",
              "speed": "slow",
              "pass": true,
              "fail": false,
              "pending": false,
              "context": null,
              "code": "cy.get('#color-palette').should('be.visible');\ncy.get('#color-palette').children('.color');",
              "err": {},
              "uuid": "7c8e1d87-0057-4389-8f47-11d42a07d6ab",
              "parentUUID": "a4a85514-4ac8-4295-8b69-a34f64b0b510",
              "isHook": false,
              "skipped": false
            },
            {
              "title": "Verifica se cada cor individual da paleta de cores possui a `classe` chamada `color`.",
              "fullTitle": "2 - Adicione à página uma paleta de quatro cores distintas. Verifica se cada cor individual da paleta de cores possui a `classe` chamada `color`.",
              "timedOut": null,
              "duration": 1036,
              "state": "passed",
              "speed": "slow",
              "pass": true,
              "fail": false,
              "pending": false,
              "context": null,
              "code": "cy.get('.color').should('have.length', 4).then(function (colors) {\n  for (var i = 0; i < colors.length; i++) {\n    cy.wrap(colors[i]).should('be.visible');\n  }\n});",
              "err": {},
              "uuid": "95743063-77a3-48a0-85a0-2f33efc92980",
              "parentUUID": "a4a85514-4ac8-4295-8b69-a34f64b0b510",
              "isHook": false,
              "skipped": false
            },
            {
              "title": "Verifica se a cor de fundo de cada elemento da paleta é a cor que o elemento representa. **A única cor não permitida na paleta é a cor branca.**",
              "fullTitle": "2 - Adicione à página uma paleta de quatro cores distintas. Verifica se a cor de fundo de cada elemento da paleta é a cor que o elemento representa. **A única cor não permitida na paleta é a cor branca.**",
              "timedOut": null,
              "duration": 699,
              "state": "passed",
              "speed": "slow",
              "pass": true,
              "fail": false,
              "pending": false,
              "context": null,
              "code": "cy.get('.color').each(function (color) {\n  cy.wrap(color).should('have.class', 'color').and('not.have.css', 'background-color', WHITE);\n  cy.wrap(color).should('have.css', 'background-color');\n});",
              "err": {},
              "uuid": "fb65efd7-a0f9-4ec0-aecf-382636698e5d",
              "parentUUID": "a4a85514-4ac8-4295-8b69-a34f64b0b510",
              "isHook": false,
              "skipped": false
            },
            {
              "title": "Verifica se cada elemento da paleta de cores tem uma borda preta, sólida e com 1 pixel de largura;",
              "fullTitle": "2 - Adicione à página uma paleta de quatro cores distintas. Verifica se cada elemento da paleta de cores tem uma borda preta, sólida e com 1 pixel de largura;",
              "timedOut": null,
              "duration": 487,
              "state": "passed",
              "speed": "slow",
              "pass": true,
              "fail": false,
              "pending": false,
              "context": null,
              "code": "cy.get('.color').each(function (color) {\n  cy.wrap(color).and('have.css', 'border', \"1px solid \".concat(BLACK)).and('have.class', 'color');\n});",
              "err": {},
              "uuid": "1a86673c-6efa-4629-aa88-0fcb6ccac97f",
              "parentUUID": "a4a85514-4ac8-4295-8b69-a34f64b0b510",
              "isHook": false,
              "skipped": false
            },
            {
              "title": "Verifica se a paleta lista todas as cores disponíveis para utilização, lado a lado.",
              "fullTitle": "2 - Adicione à página uma paleta de quatro cores distintas. Verifica se a paleta lista todas as cores disponíveis para utilização, lado a lado.",
              "timedOut": null,
              "duration": 517,
              "state": "passed",
              "speed": "slow",
              "pass": true,
              "fail": false,
              "pending": false,
              "context": null,
              "code": "cy.get('.color').then(function (colors) {\n  for (var index = 1; index < colors.length; index += 1) {\n    var currentColor = colors[index];\n    var previousColor = colors[index - 1];\n    cy.wrap(currentColor).should('be.onTheRightOf', previousColor).and('be.horizontallyAlignedWith', previousColor);\n  }\n});",
              "err": {},
              "uuid": "4c98ebc9-e208-48ac-afbe-a8bf4e2b44ba",
              "parentUUID": "a4a85514-4ac8-4295-8b69-a34f64b0b510",
              "isHook": false,
              "skipped": false
            },
            {
              "title": "Verifica se a paleta de cores está posicionada abaixo do título 'Paleta de Cores'",
              "fullTitle": "2 - Adicione à página uma paleta de quatro cores distintas. Verifica se a paleta de cores está posicionada abaixo do título 'Paleta de Cores'",
              "timedOut": null,
              "duration": 489,
              "state": "passed",
              "speed": "slow",
              "pass": true,
              "fail": false,
              "pending": false,
              "context": null,
              "code": "cy.get('h1#title').then(function (title) {\n  cy.get('#color-palette').should('be.belowOf', title);\n});",
              "err": {},
              "uuid": "a6f2b603-b0f4-4326-aae1-376c690926a6",
              "parentUUID": "a4a85514-4ac8-4295-8b69-a34f64b0b510",
              "isHook": false,
              "skipped": false
            },
            {
              "title": "Verifica se a paleta de cores não contém cores repetidas.",
              "fullTitle": "2 - Adicione à página uma paleta de quatro cores distintas. Verifica se a paleta de cores não contém cores repetidas.",
              "timedOut": null,
              "duration": 376,
              "state": "passed",
              "speed": "slow",
              "pass": true,
              "fail": false,
              "pending": false,
              "context": null,
              "code": "cy.get('.color').then(function (colors) {\n  var allColors = Array.from(colors).map(function (color) {\n    return Cypress.$(color).css('background-color');\n  });\n  cy.log(allColors);\n  var uniqColors = (0, _toConsumableArray2[\"default\"])(new Set(allColors));\n  cy.log(uniqColors);\n  expect(allColors.length).to.eq(uniqColors.length);\n});",
              "err": {},
              "uuid": "b7118e99-9bb7-4527-a4f9-059aa5243479",
              "parentUUID": "a4a85514-4ac8-4295-8b69-a34f64b0b510",
              "isHook": false,
              "skipped": false
            }
          ],
          "suites": [],
          "passes": [
            "7c8e1d87-0057-4389-8f47-11d42a07d6ab",
            "95743063-77a3-48a0-85a0-2f33efc92980",
            "fb65efd7-a0f9-4ec0-aecf-382636698e5d",
            "1a86673c-6efa-4629-aa88-0fcb6ccac97f",
            "4c98ebc9-e208-48ac-afbe-a8bf4e2b44ba",
            "a6f2b603-b0f4-4326-aae1-376c690926a6",
            "b7118e99-9bb7-4527-a4f9-059aa5243479"
          ],
          "failures": [],
          "pending": [],
          "skipped": [],
          "duration": 4310,
          "root": false,
          "rootEmpty": false,
          "_timeout": 2000
        },
        {
          "uuid": "7c6ff81d-d353-4557-8d85-d7d3ba15ff10",
          "title": "3 - Adicione a cor **preta** como a primeira cor da paleta de cores.",
          "fullFile": "",
          "file": "",
          "beforeHooks": [],
          "afterHooks": [],
          "tests": [
            {
              "title": "Verifica se a primeira cor da paleta é preta",
              "fullTitle": "3 - Adicione a cor **preta** como a primeira cor da paleta de cores. Verifica se a primeira cor da paleta é preta",
              "timedOut": null,
              "duration": 345,
              "state": "passed",
              "speed": "slow",
              "pass": true,
              "fail": false,
              "pending": false,
              "context": null,
              "code": "cy.get('.color').first().should('have.css', 'background-color', BLACK);",
              "err": {},
              "uuid": "a0288d32-397c-4523-9362-e1d682aea176",
              "parentUUID": "7c6ff81d-d353-4557-8d85-d7d3ba15ff10",
              "isHook": false,
              "skipped": false
            },
            {
              "title": "Verifica se as demais cores podem ser escolhidas livremente.",
              "fullTitle": "3 - Adicione a cor **preta** como a primeira cor da paleta de cores. Verifica se as demais cores podem ser escolhidas livremente.",
              "timedOut": null,
              "duration": 640,
              "state": "passed",
              "speed": "slow",
              "pass": true,
              "fail": false,
              "pending": false,
              "context": null,
              "code": "cy.get('.color').eq(1).should('not.have.css', 'background-color', BLACK);\ncy.get('.color').eq(1).should('not.have.css', 'background-color', WHITE);\ncy.get('.color').eq(1).should('not.have.css', 'background-color', 'rgba(0, 0, 0, 0)');\ncy.get('.color').eq(1).should('have.css', 'background-color');\ncy.get('.color').eq(2).should('not.have.css', 'background-color', BLACK);\ncy.get('.color').eq(2).should('not.have.css', 'background-color', WHITE);\ncy.get('.color').eq(2).should('not.have.css', 'background-color', 'rgba(0, 0, 0, 0)');\ncy.get('.color').eq(2).should('have.css', 'background-color');\ncy.get('.color').eq(3).should('not.have.css', 'background-color', BLACK);\ncy.get('.color').eq(3).should('not.have.css', 'background-color', WHITE);\ncy.get('.color').eq(3).should('not.have.css', 'background-color', 'rgba(0, 0, 0, 0)');\ncy.get('.color').eq(3).should('have.css', 'background-color');",
              "err": {},
              "uuid": "3cf92463-5866-48e8-a369-c35727aab7be",
              "parentUUID": "7c6ff81d-d353-4557-8d85-d7d3ba15ff10",
              "isHook": false,
              "skipped": false
            }
          ],
          "suites": [],
          "passes": [
            "a0288d32-397c-4523-9362-e1d682aea176",
            "3cf92463-5866-48e8-a369-c35727aab7be"
          ],
          "failures": [],
          "pending": [],
          "skipped": [],
          "duration": 985,
          "root": false,
          "rootEmpty": false,
          "_timeout": 2000
        },
        {
          "uuid": "86a1d3ea-0fb5-4fd9-b182-fe7fde717880",
          "title": "4 - Adicione à página um quadro de pixels, com 25 pixels.",
          "fullFile": "",
          "file": "",
          "beforeHooks": [],
          "afterHooks": [],
          "tests": [
            {
              "title": "Verifica se o quadro de pixels possui o `id` denominado `pixel-board`",
              "fullTitle": "4 - Adicione à página um quadro de pixels, com 25 pixels. Verifica se o quadro de pixels possui o `id` denominado `pixel-board`",
              "timedOut": null,
              "duration": 609,
              "state": "passed",
              "speed": "slow",
              "pass": true,
              "fail": false,
              "pending": false,
              "context": null,
              "code": "cy.get('#pixel-board').should('be.visible');",
              "err": {},
              "uuid": "d99c5ce9-872f-4459-91a3-babe25ae4ca5",
              "parentUUID": "86a1d3ea-0fb5-4fd9-b182-fe7fde717880",
              "isHook": false,
              "skipped": false
            },
            {
              "title": "Verifica se cada pixel individual dentro do quadro possui a `classe` denominada `pixel`.",
              "fullTitle": "4 - Adicione à página um quadro de pixels, com 25 pixels. Verifica se cada pixel individual dentro do quadro possui a `classe` denominada `pixel`.",
              "timedOut": null,
              "duration": 1081,
              "state": "passed",
              "speed": "slow",
              "pass": true,
              "fail": false,
              "pending": false,
              "context": null,
              "code": "cy.get('.pixel').should('have.length', 25);",
              "err": {},
              "uuid": "9650b176-d902-4cde-abfd-86f1d187f134",
              "parentUUID": "86a1d3ea-0fb5-4fd9-b182-fe7fde717880",
              "isHook": false,
              "skipped": false
            },
            {
              "title": "Verifica se a cor inicial dos pixels dentro do quadro, ao abrir a página, é branca.",
              "fullTitle": "4 - Adicione à página um quadro de pixels, com 25 pixels. Verifica se a cor inicial dos pixels dentro do quadro, ao abrir a página, é branca.",
              "timedOut": null,
              "duration": 1909,
              "state": "failed",
              "speed": null,
              "pass": false,
              "fail": true,
              "pending": false,
              "context": null,
              "code": "cy.get('.pixel').should('have.length', 25).each(function (pixel) {\n  expect(pixel).to.have.css('background-color', WHITE);\n});",
              "err": {
                "message": "AssertionError: expected '<div.pixel>' to have CSS property 'background-color' with the value 'rgb(255, 255, 255)', but the value was 'rgba(0, 0, 0, 0)'",
                "estack": "AssertionError: expected '<div.pixel>' to have CSS property 'background-color' with the value 'rgb(255, 255, 255)', but the value was 'rgba(0, 0, 0, 0)'\n    at callback (http://localhost:32925/__cypress/runner/cypress_runner.js:136947:20)\n    at getRet (http://localhost:32925/__cypress/runner/cypress_runner.js:136585:16)\n    at tryCatcher (http://localhost:32925/__cypress/runner/cypress_runner.js:167415:23)\n    at Function.Promise.attempt.Promise.try (http://localhost:32925/__cypress/runner/cypress_runner.js:164690:29)\n    at thenFn (http://localhost:32925/__cypress/runner/cypress_runner.js:136599:23)\n    at yieldItem (http://localhost:32925/__cypress/runner/cypress_runner.js:136954:16)\n    at tryCatcher (http://localhost:32925/__cypress/runner/cypress_runner.js:167415:23)\n    at Object.gotValue (http://localhost:32925/__cypress/runner/cypress_runner.js:166557:18)\n    at Object.gotAccum (http://localhost:32925/__cypress/runner/cypress_runner.js:166546:25)\n    at Object.tryCatcher (http://localhost:32925/__cypress/runner/cypress_runner.js:167415:23)\n    at Promise._settlePromiseFromHandler (http://localhost:32925/__cypress/runner/cypress_runner.js:165351:31)\n    at Promise._settlePromise (http://localhost:32925/__cypress/runner/cypress_runner.js:165408:18)\n    at Promise._settlePromiseCtx (http://localhost:32925/__cypress/runner/cypress_runner.js:165445:10)\n    at Async../node_modules/bluebird/js/release/async.js.Async._drainQueue (http://localhost:32925/__cypress/runner/cypress_runner.js:162145:12)\n    at Async../node_modules/bluebird/js/release/async.js.Async._drainQueues (http://localhost:32925/__cypress/runner/cypress_runner.js:162150:10)\n    at Async.drainQueues (http://localhost:32925/__cypress/runner/cypress_runner.js:162024:14)",
                "diff": "- 'rgba(0, 0, 0, 0)'\n+ 'rgb(255, 255, 255)'\n"
              },
              "uuid": "7ea503d0-a40e-424e-a210-5a9bcd381d51",
              "parentUUID": "86a1d3ea-0fb5-4fd9-b182-fe7fde717880",
              "isHook": false,
              "skipped": false
            },
            {
              "title": "Verifica se o quadro de pixels aparece abaixo da paleta de cores",
              "fullTitle": "4 - Adicione à página um quadro de pixels, com 25 pixels. Verifica se o quadro de pixels aparece abaixo da paleta de cores",
              "timedOut": null,
              "duration": 1023,
              "state": "passed",
              "speed": "slow",
              "pass": true,
              "fail": false,
              "pending": false,
              "context": null,
              "code": "cy.get('#color-palette').then(function (palette) {\n  cy.get('#pixel-board').should('be.belowOf', palette);\n});",
              "err": {},
              "uuid": "294538d2-83c0-43f3-85f3-9f366815c9f1",
              "parentUUID": "86a1d3ea-0fb5-4fd9-b182-fe7fde717880",
              "isHook": false,
              "skipped": false
            }
          ],
          "suites": [],
          "passes": [
            "d99c5ce9-872f-4459-91a3-babe25ae4ca5",
            "9650b176-d902-4cde-abfd-86f1d187f134",
            "294538d2-83c0-43f3-85f3-9f366815c9f1"
          ],
          "failures": [
            "7ea503d0-a40e-424e-a210-5a9bcd381d51"
          ],
          "pending": [],
          "skipped": [],
          "duration": 4622,
          "root": false,
          "rootEmpty": false,
          "_timeout": 2000
        },
        {
          "uuid": "0e4b5092-bbcf-49cf-a4b9-981085faecfe",
          "title": "5 - Faça com que cada elemento do quadro de pixels possua 40 pixels de largura, 40 pixels de altura e seja delimitado por uma borda preta de 1 pixel.",
          "fullFile": "",
          "file": "",
          "beforeHooks": [],
          "afterHooks": [],
          "tests": [
            {
              "title": "Verifica se o quadro de pixels tem altura e comprimento de 5 elementos",
              "fullTitle": "5 - Faça com que cada elemento do quadro de pixels possua 40 pixels de largura, 40 pixels de altura e seja delimitado por uma borda preta de 1 pixel. Verifica se o quadro de pixels tem altura e comprimento de 5 elementos",
              "timedOut": null,
              "duration": 1269,
              "state": "failed",
              "speed": null,
              "pass": false,
              "fail": true,
              "pending": false,
              "context": null,
              "code": "cy.get('.pixel').should('have.length', 25).each(function (pixel) {\n  expect(pixel).to.have.css('background-color', WHITE);\n}).and(function (pixels) {\n  var rows = chunk(pixels, 5);\n  rows.forEach(function (row) {\n    for (var index = 1; index < row.length; index += 1) {\n      var current = pixels[index];\n      var previous = pixels[index - 1];\n      cy.wrap(current).should('be.onTheRightOf', previous).and('be.horizontallyAlignedWith', previous);\n    }\n  });\n  for (var index = 1; index < 5; index += 1) {\n    expect(pixels[index * 5]).to.be.belowOf(pixels[(index - 1) * 5]);\n  }\n});",
              "err": {
                "message": "AssertionError: expected '<div.pixel>' to have CSS property 'background-color' with the value 'rgb(255, 255, 255)', but the value was 'rgba(0, 0, 0, 0)'",
                "estack": "AssertionError: expected '<div.pixel>' to have CSS property 'background-color' with the value 'rgb(255, 255, 255)', but the value was 'rgba(0, 0, 0, 0)'\n    at callback (http://localhost:32925/__cypress/runner/cypress_runner.js:136947:20)\n    at getRet (http://localhost:32925/__cypress/runner/cypress_runner.js:136585:16)\n    at tryCatcher (http://localhost:32925/__cypress/runner/cypress_runner.js:167415:23)\n    at Function.Promise.attempt.Promise.try (http://localhost:32925/__cypress/runner/cypress_runner.js:164690:29)\n    at thenFn (http://localhost:32925/__cypress/runner/cypress_runner.js:136599:23)\n    at yieldItem (http://localhost:32925/__cypress/runner/cypress_runner.js:136954:16)\n    at tryCatcher (http://localhost:32925/__cypress/runner/cypress_runner.js:167415:23)\n    at Object.gotValue (http://localhost:32925/__cypress/runner/cypress_runner.js:166557:18)\n    at Object.gotAccum (http://localhost:32925/__cypress/runner/cypress_runner.js:166546:25)\n    at Object.tryCatcher (http://localhost:32925/__cypress/runner/cypress_runner.js:167415:23)\n    at Promise._settlePromiseFromHandler (http://localhost:32925/__cypress/runner/cypress_runner.js:165351:31)\n    at Promise._settlePromise (http://localhost:32925/__cypress/runner/cypress_runner.js:165408:18)\n    at Promise._settlePromiseCtx (http://localhost:32925/__cypress/runner/cypress_runner.js:165445:10)\n    at Async../node_modules/bluebird/js/release/async.js.Async._drainQueue (http://localhost:32925/__cypress/runner/cypress_runner.js:162145:12)\n    at Async../node_modules/bluebird/js/release/async.js.Async._drainQueues (http://localhost:32925/__cypress/runner/cypress_runner.js:162150:10)\n    at Async.drainQueues (http://localhost:32925/__cypress/runner/cypress_runner.js:162024:14)",
                "diff": "- 'rgba(0, 0, 0, 0)'\n+ 'rgb(255, 255, 255)'\n"
              },
              "uuid": "bb99f2fa-e553-4052-807f-2bbfd5f1c65d",
              "parentUUID": "0e4b5092-bbcf-49cf-a4b9-981085faecfe",
              "isHook": false,
              "skipped": false
            },
            {
              "title": "Verifica se 40 pixels é o tamanho total do elemento, incluindo seu conteúdo e excluindo a borda preta, que deve ser criada à parte.",
              "fullTitle": "5 - Faça com que cada elemento do quadro de pixels possua 40 pixels de largura, 40 pixels de altura e seja delimitado por uma borda preta de 1 pixel. Verifica se 40 pixels é o tamanho total do elemento, incluindo seu conteúdo e excluindo a borda preta, que deve ser criada à parte.",
              "timedOut": null,
              "duration": 2213,
              "state": "passed",
              "speed": "slow",
              "pass": true,
              "fail": false,
              "pending": false,
              "context": null,
              "code": "cy.get('.pixel').each(function (pixel) {\n  cy.wrap(pixel).should('have.css', 'height', '40px').and('have.css', 'width', '40px').and('have.css', 'border', \"1px solid \".concat(BLACK));\n});",
              "err": {},
              "uuid": "76e5fa36-eff0-4de1-b1c3-e8712f5bab62",
              "parentUUID": "0e4b5092-bbcf-49cf-a4b9-981085faecfe",
              "isHook": false,
              "skipped": false
            }
          ],
          "suites": [],
          "passes": [
            "76e5fa36-eff0-4de1-b1c3-e8712f5bab62"
          ],
          "failures": [
            "bb99f2fa-e553-4052-807f-2bbfd5f1c65d"
          ],
          "pending": [],
          "skipped": [],
          "duration": 3482,
          "root": false,
          "rootEmpty": false,
          "_timeout": 2000
        },
        {
          "uuid": "8095d4b3-25f6-460a-8715-57838d99c405",
          "title": "6 - Defina a cor preta como cor inicial. Ao carregar a página a cor preta já deve estar selecionada para pintar os pixels",
          "fullFile": "",
          "file": "",
          "beforeHooks": [],
          "afterHooks": [],
          "tests": [
            {
              "title": "Verifica se o elemento da cor preta possui, inicialmente, a `classe` `selected`",
              "fullTitle": "6 - Defina a cor preta como cor inicial. Ao carregar a página a cor preta já deve estar selecionada para pintar os pixels Verifica se o elemento da cor preta possui, inicialmente, a `classe` `selected`",
              "timedOut": null,
              "duration": 409,
              "state": "passed",
              "speed": "slow",
              "pass": true,
              "fail": false,
              "pending": false,
              "context": null,
              "code": "cy.get('.selected').first().should('have.css', 'background-color', BLACK);",
              "err": {},
              "uuid": "df707ba4-8708-45b3-bc14-35fd20ff7149",
              "parentUUID": "8095d4b3-25f6-460a-8715-57838d99c405",
              "isHook": false,
              "skipped": false
            },
            {
              "title": "Verifica se nenhuma outra cor da paleta tem a `classe` `selected`",
              "fullTitle": "6 - Defina a cor preta como cor inicial. Ao carregar a página a cor preta já deve estar selecionada para pintar os pixels Verifica se nenhuma outra cor da paleta tem a `classe` `selected`",
              "timedOut": null,
              "duration": 484,
              "state": "passed",
              "speed": "slow",
              "pass": true,
              "fail": false,
              "pending": false,
              "context": null,
              "code": "cy.get('.color:not(:first-child)').each(function (color) {\n  cy.wrap(color).should('not.have.class', 'selected');\n});",
              "err": {},
              "uuid": "41f04543-bb6a-4795-bd14-397e07d5a733",
              "parentUUID": "8095d4b3-25f6-460a-8715-57838d99c405",
              "isHook": false,
              "skipped": false
            }
          ],
          "suites": [],
          "passes": [
            "df707ba4-8708-45b3-bc14-35fd20ff7149",
            "41f04543-bb6a-4795-bd14-397e07d5a733"
          ],
          "failures": [],
          "pending": [],
          "skipped": [],
          "duration": 893,
          "root": false,
          "rootEmpty": false,
          "_timeout": 2000
        },
        {
          "uuid": "7237dbaf-ec75-4db3-996a-ca18e0601736",
          "title": "7 - Clicar em uma das cores da paleta, faz com que ela seja selecionada e utilizada para preencher os pixels no quadro.",
          "fullFile": "",
          "file": "",
          "beforeHooks": [],
          "afterHooks": [],
          "tests": [
            {
              "title": "Verifica se somente uma cor da paleta de cores tem a classe `selected` de cada vez",
              "fullTitle": "7 - Clicar em uma das cores da paleta, faz com que ela seja selecionada e utilizada para preencher os pixels no quadro. Verifica se somente uma cor da paleta de cores tem a classe `selected` de cada vez",
              "timedOut": null,
              "duration": 1096,
              "state": "passed",
              "speed": "slow",
              "pass": true,
              "fail": false,
              "pending": false,
              "context": null,
              "code": "cy.get('.color').each(function (selectedColor, selectedColorIndex) {\n  cy.wrap(selectedColor).click();\n  cy.get('.color').each(function (color, colorIndex) {\n    if (colorIndex === selectedColorIndex) {\n      expect(color).to.have[\"class\"]('selected');\n    } else {\n      expect(color).not.to.have[\"class\"]('selected');\n    }\n  });\n});",
              "err": {},
              "uuid": "87e0cdb6-6c82-4e74-ba18-b7739cac4f9c",
              "parentUUID": "7237dbaf-ec75-4db3-996a-ca18e0601736",
              "isHook": false,
              "skipped": false
            },
            {
              "title": "Verifica se os pixels dentro do quadro não têm a classe `selected` quando são clicados",
              "fullTitle": "7 - Clicar em uma das cores da paleta, faz com que ela seja selecionada e utilizada para preencher os pixels no quadro. Verifica se os pixels dentro do quadro não têm a classe `selected` quando são clicados",
              "timedOut": null,
              "duration": 12850,
              "state": "passed",
              "speed": "slow",
              "pass": true,
              "fail": false,
              "pending": false,
              "context": null,
              "code": "cy.get('.color').each(function (color) {\n  var backgroundColor = color.css('background-color');\n  cy.wrap(color).click();\n  cy.get('.pixel').each(function (pixel) {\n    cy.wrap(pixel).click().should('not.have.class', 'selected');\n  });\n});",
              "err": {},
              "uuid": "3b03bbeb-8a57-4f1d-b409-3779fd15d1d5",
              "parentUUID": "7237dbaf-ec75-4db3-996a-ca18e0601736",
              "isHook": false,
              "skipped": false
            }
          ],
          "suites": [],
          "passes": [
            "87e0cdb6-6c82-4e74-ba18-b7739cac4f9c",
            "3b03bbeb-8a57-4f1d-b409-3779fd15d1d5"
          ],
          "failures": [],
          "pending": [],
          "skipped": [],
          "duration": 13946,
          "root": false,
          "rootEmpty": false,
          "_timeout": 2000
        },
        {
          "uuid": "0aacf3cd-22d0-4aaf-a937-b110b291469a",
          "title": "8 - Clicar em um pixel dentro do quadro após selecionar uma cor na paleta, faz com que o pixel seja preenchido com a cor selecionada.",
          "fullFile": "",
          "file": "",
          "beforeHooks": [],
          "afterHooks": [],
          "tests": [
            {
              "title": "Verifica se ao carregar a página deve ser possível pintar os pixels de preto",
              "fullTitle": "8 - Clicar em um pixel dentro do quadro após selecionar uma cor na paleta, faz com que o pixel seja preenchido com a cor selecionada. Verifica se ao carregar a página deve ser possível pintar os pixels de preto",
              "timedOut": null,
              "duration": 3155,
              "state": "passed",
              "speed": "slow",
              "pass": true,
              "fail": false,
              "pending": false,
              "context": null,
              "code": "cy.get('.pixel').each(function (pixel) {\n  cy.wrap(pixel).click().should('have.css', 'background-color', BLACK);\n});",
              "err": {},
              "uuid": "663392da-15f3-4f85-a419-3ee88040eca9",
              "parentUUID": "0aacf3cd-22d0-4aaf-a937-b110b291469a",
              "isHook": false,
              "skipped": false
            },
            {
              "title": "Verifica se após selecionar uma outra cor na paleta, é possível pintar os pixels com essa cor",
              "fullTitle": "8 - Clicar em um pixel dentro do quadro após selecionar uma cor na paleta, faz com que o pixel seja preenchido com a cor selecionada. Verifica se após selecionar uma outra cor na paleta, é possível pintar os pixels com essa cor",
              "timedOut": null,
              "duration": 10876,
              "state": "passed",
              "speed": "slow",
              "pass": true,
              "fail": false,
              "pending": false,
              "context": null,
              "code": "cy.get('.color').each(function (color) {\n  var backgroundColor = color.css('background-color');\n  cy.wrap(color).click();\n  cy.get('.pixel').each(function (pixel) {\n    cy.wrap(pixel).click().should('have.css', 'background-color', backgroundColor);\n  });\n});",
              "err": {},
              "uuid": "c8bbdca6-f17b-48dc-84e2-481fcff1ea9c",
              "parentUUID": "0aacf3cd-22d0-4aaf-a937-b110b291469a",
              "isHook": false,
              "skipped": false
            },
            {
              "title": "Verifica se somente o pixel que foi clicado foi preenchido com a cor selecionada, sem influenciar na cor dos demais pixels.",
              "fullTitle": "8 - Clicar em um pixel dentro do quadro após selecionar uma cor na paleta, faz com que o pixel seja preenchido com a cor selecionada. Verifica se somente o pixel que foi clicado foi preenchido com a cor selecionada, sem influenciar na cor dos demais pixels.",
              "timedOut": null,
              "duration": 3179,
              "state": "passed",
              "speed": "slow",
              "pass": true,
              "fail": false,
              "pending": false,
              "context": null,
              "code": "var colorToPixelIndexMap = {\n  0: 6,\n  1: 8,\n  2: 16,\n  3: 18\n};\ncy.get('.color').each(function (color, index) {\n  cy.wrap(color).click();\n  var backgroundColor = color.css('background-color');\n  var clickedPixelIndex = colorToPixelIndexMap[index];\n  cy.get('.pixel').eq(clickedPixelIndex).click();\n  cy.get('.pixel').eq(clickedPixelIndex - 1).should('not.have.css', 'background-color', backgroundColor);\n  cy.get('.pixel').eq(clickedPixelIndex + 1).should('not.have.css', 'background-color', backgroundColor);\n  cy.get('.pixel').eq(clickedPixelIndex - 5).should('not.have.css', 'background-color', backgroundColor);\n  cy.get('.pixel').eq(clickedPixelIndex + 5).should('not.have.css', 'background-color', backgroundColor);\n  cy.get('.pixel').eq(clickedPixelIndex - 6).should('not.have.css', 'background-color', backgroundColor);\n  cy.get('.pixel').eq(clickedPixelIndex - 4).should('not.have.css', 'background-color', backgroundColor);\n  cy.get('.pixel').eq(clickedPixelIndex + 4).should('not.have.css', 'background-color', backgroundColor);\n  cy.get('.pixel').eq(clickedPixelIndex + 6).should('not.have.css', 'background-color', backgroundColor);\n});",
              "err": {},
              "uuid": "04134828-2784-4d96-ba30-0a46a37394b4",
              "parentUUID": "0aacf3cd-22d0-4aaf-a937-b110b291469a",
              "isHook": false,
              "skipped": false
            }
          ],
          "suites": [],
          "passes": [
            "663392da-15f3-4f85-a419-3ee88040eca9",
            "c8bbdca6-f17b-48dc-84e2-481fcff1ea9c",
            "04134828-2784-4d96-ba30-0a46a37394b4"
          ],
          "failures": [],
          "pending": [],
          "skipped": [],
          "duration": 17210,
          "root": false,
          "rootEmpty": false,
          "_timeout": 2000
        },
        {
          "uuid": "0d40419d-69f3-42da-aab7-85b18d02debe",
          "title": "9 - Crie um botão que, ao ser clicado, limpa o quadro preenchendo a cor de todos seus pixels com branco.",
          "fullFile": "",
          "file": "",
          "beforeHooks": [],
          "afterHooks": [],
          "tests": [
            {
              "title": "Verifica se o botão tem o `id` denominado `clear-board`",
              "fullTitle": "9 - Crie um botão que, ao ser clicado, limpa o quadro preenchendo a cor de todos seus pixels com branco. Verifica se o botão tem o `id` denominado `clear-board`",
              "timedOut": null,
              "duration": 426,
              "state": "passed",
              "speed": "slow",
              "pass": true,
              "fail": false,
              "pending": false,
              "context": null,
              "code": "cy.get('#clear-board').should('be.visible');",
              "err": {},
              "uuid": "ff4e5736-ed2a-4e69-b637-8f2a03c86695",
              "parentUUID": "0d40419d-69f3-42da-aab7-85b18d02debe",
              "isHook": false,
              "skipped": false
            },
            {
              "title": "Verifica se o botão está posicionado entre a paleta de cores e o quadro de pixels",
              "fullTitle": "9 - Crie um botão que, ao ser clicado, limpa o quadro preenchendo a cor de todos seus pixels com branco. Verifica se o botão está posicionado entre a paleta de cores e o quadro de pixels",
              "timedOut": null,
              "duration": 340,
              "state": "passed",
              "speed": "slow",
              "pass": true,
              "fail": false,
              "pending": false,
              "context": null,
              "code": "cy.get('#color-palette').then(function (palette) {\n  cy.get('#clear-board').should('be.belowOf', palette);\n});\ncy.get('#clear-board').then(function (clearBtn) {\n  cy.get('#pixel-board').should('be.belowOf', clearBtn);\n});",
              "err": {},
              "uuid": "3e9273d6-14ff-419b-b441-f41036483cdf",
              "parentUUID": "0d40419d-69f3-42da-aab7-85b18d02debe",
              "isHook": false,
              "skipped": false
            },
            {
              "title": "Verifica se o texto do botão é 'Limpar'",
              "fullTitle": "9 - Crie um botão que, ao ser clicado, limpa o quadro preenchendo a cor de todos seus pixels com branco. Verifica se o texto do botão é 'Limpar'",
              "timedOut": null,
              "duration": 377,
              "state": "passed",
              "speed": "slow",
              "pass": true,
              "fail": false,
              "pending": false,
              "context": null,
              "code": "cy.get('#clear-board').should('contain.text', 'Limpar');",
              "err": {},
              "uuid": "a2132f9c-5420-4124-a997-65a458c169bf",
              "parentUUID": "0d40419d-69f3-42da-aab7-85b18d02debe",
              "isHook": false,
              "skipped": false
            },
            {
              "title": "Verifica se ao clicar no botão, o quadro de pixels é totalmente preenchido de branco",
              "fullTitle": "9 - Crie um botão que, ao ser clicado, limpa o quadro preenchendo a cor de todos seus pixels com branco. Verifica se ao clicar no botão, o quadro de pixels é totalmente preenchido de branco",
              "timedOut": null,
              "duration": 4020,
              "state": "passed",
              "speed": "slow",
              "pass": true,
              "fail": false,
              "pending": false,
              "context": null,
              "code": "cy.get('.color').eq(1).then(function (color) {\n  var backgroundColor = color.css('background-color');\n  cy.wrap(color).click();\n  cy.get('.pixel').each(function (pixel) {\n    cy.wrap(pixel).click().should('have.css', 'background-color', backgroundColor);\n  });\n});\ncy.get('#clear-board').click();\ncy.get('.pixel').each(function (pixel) {\n  cy.wrap(pixel).should('have.css', 'background-color', WHITE);\n});",
              "err": {},
              "uuid": "8f173d45-3494-45a3-9de4-b002d82601e5",
              "parentUUID": "0d40419d-69f3-42da-aab7-85b18d02debe",
              "isHook": false,
              "skipped": false
            }
          ],
          "suites": [],
          "passes": [
            "ff4e5736-ed2a-4e69-b637-8f2a03c86695",
            "3e9273d6-14ff-419b-b441-f41036483cdf",
            "a2132f9c-5420-4124-a997-65a458c169bf",
            "8f173d45-3494-45a3-9de4-b002d82601e5"
          ],
          "failures": [],
          "pending": [],
          "skipped": [],
          "duration": 5163,
          "root": false,
          "rootEmpty": false,
          "_timeout": 2000
        },
        {
          "uuid": "b1b11e70-d427-4eb0-a8b6-dbd01120b54e",
          "title": "10 - Faça o quadro de pixels ter seu tamanho definido pelo usuário.",
          "fullFile": "",
          "file": "",
          "beforeHooks": [],
          "afterHooks": [],
          "tests": [
            {
              "title": "Verifica se existe um input com o id `board-size`",
              "fullTitle": "10 - Faça o quadro de pixels ter seu tamanho definido pelo usuário. Verifica se existe um input com o id `board-size`",
              "timedOut": null,
              "duration": 5077,
              "state": "failed",
              "speed": null,
              "pass": false,
              "fail": true,
              "pending": false,
              "context": null,
              "code": "cy.get('#board-size').should('be.visible');",
              "err": {
                "message": "CypressError: Timed out retrying: Expected to find element: '#board-size', but never found it.",
                "estack": "CypressError: Timed out retrying: Expected to find element: '#board-size', but never found it.\n    at cypressErr (http://localhost:32925/__cypress/runner/cypress_runner.js:149934:9)\n    at throwErr (http://localhost:32925/__cypress/runner/cypress_runner.js:149867:11)\n    at Object.throwErrByPath (http://localhost:32925/__cypress/runner/cypress_runner.js:149915:3)\n    at retry (http://localhost:32925/__cypress/runner/cypress_runner.js:144197:19)\n    at onFailFn (http://localhost:32925/__cypress/runner/cypress_runner.js:132448:16)\n    at tryCatcher (http://localhost:32925/__cypress/runner/cypress_runner.js:167415:23)\n    at Promise._settlePromiseFromHandler (http://localhost:32925/__cypress/runner/cypress_runner.js:165351:31)\n    at Promise._settlePromise (http://localhost:32925/__cypress/runner/cypress_runner.js:165408:18)\n    at Promise._settlePromise0 (http://localhost:32925/__cypress/runner/cypress_runner.js:165453:10)\n    at Promise._settlePromises (http://localhost:32925/__cypress/runner/cypress_runner.js:165528:18)\n    at Async../node_modules/bluebird/js/release/async.js.Async._drainQueue (http://localhost:32925/__cypress/runner/cypress_runner.js:162140:16)\n    at Async../node_modules/bluebird/js/release/async.js.Async._drainQueues (http://localhost:32925/__cypress/runner/cypress_runner.js:162150:10)\n    at Async.drainQueues (http://localhost:32925/__cypress/runner/cypress_runner.js:162024:14)",
                "diff": null
              },
              "uuid": "b9e24243-d940-413b-a851-a255b27ab582",
              "parentUUID": "b1b11e70-d427-4eb0-a8b6-dbd01120b54e",
              "isHook": false,
              "skipped": false
            },
            {
              "title": "Verifica se existe um botão com o id `generate-board`",
              "fullTitle": "10 - Faça o quadro de pixels ter seu tamanho definido pelo usuário. Verifica se existe um botão com o id `generate-board`",
              "timedOut": null,
              "duration": 5361,
              "state": "failed",
              "speed": null,
              "pass": false,
              "fail": true,
              "pending": false,
              "context": null,
              "code": "cy.get('#generate-board').should('be.visible');",
              "err": {
                "message": "CypressError: Timed out retrying: Expected to find element: '#generate-board', but never found it.",
                "estack": "CypressError: Timed out retrying: Expected to find element: '#generate-board', but never found it.\n    at cypressErr (http://localhost:32925/__cypress/runner/cypress_runner.js:149934:9)\n    at throwErr (http://localhost:32925/__cypress/runner/cypress_runner.js:149867:11)\n    at Object.throwErrByPath (http://localhost:32925/__cypress/runner/cypress_runner.js:149915:3)\n    at retry (http://localhost:32925/__cypress/runner/cypress_runner.js:144197:19)\n    at onFailFn (http://localhost:32925/__cypress/runner/cypress_runner.js:132448:16)\n    at tryCatcher (http://localhost:32925/__cypress/runner/cypress_runner.js:167415:23)\n    at Promise._settlePromiseFromHandler (http://localhost:32925/__cypress/runner/cypress_runner.js:165351:31)\n    at Promise._settlePromise (http://localhost:32925/__cypress/runner/cypress_runner.js:165408:18)\n    at Promise._settlePromise0 (http://localhost:32925/__cypress/runner/cypress_runner.js:165453:10)\n    at Promise._settlePromises (http://localhost:32925/__cypress/runner/cypress_runner.js:165528:18)\n    at Async../node_modules/bluebird/js/release/async.js.Async._drainQueue (http://localhost:32925/__cypress/runner/cypress_runner.js:162140:16)\n    at Async../node_modules/bluebird/js/release/async.js.Async._drainQueues (http://localhost:32925/__cypress/runner/cypress_runner.js:162150:10)\n    at Async.drainQueues (http://localhost:32925/__cypress/runner/cypress_runner.js:162024:14)",
                "diff": null
              },
              "uuid": "c9dffcd2-5878-4b0c-9d2d-5d05ef3c539c",
              "parentUUID": "b1b11e70-d427-4eb0-a8b6-dbd01120b54e",
              "isHook": false,
              "skipped": false
            },
            {
              "title": "Verifica se o input só aceita número maiores que zero. Essa restrição deve ser feita usando os atributos do elemento `input`",
              "fullTitle": "10 - Faça o quadro de pixels ter seu tamanho definido pelo usuário. Verifica se o input só aceita número maiores que zero. Essa restrição deve ser feita usando os atributos do elemento `input`",
              "timedOut": null,
              "duration": 5301,
              "state": "failed",
              "speed": null,
              "pass": false,
              "fail": true,
              "pending": false,
              "context": null,
              "code": "cy.get('#board-size[type=\\'number\\'][min=\\'1\\']');",
              "err": {
                "message": "CypressError: Timed out retrying: Expected to find element: '#board-size[type='number'][min='1']', but never found it.",
                "estack": "CypressError: Timed out retrying: Expected to find element: '#board-size[type='number'][min='1']', but never found it.\n    at cypressErr (http://localhost:32925/__cypress/runner/cypress_runner.js:149934:9)\n    at throwErr (http://localhost:32925/__cypress/runner/cypress_runner.js:149867:11)\n    at Object.throwErrByPath (http://localhost:32925/__cypress/runner/cypress_runner.js:149915:3)\n    at retry (http://localhost:32925/__cypress/runner/cypress_runner.js:144197:19)\n    at onFailFn (http://localhost:32925/__cypress/runner/cypress_runner.js:132448:16)\n    at tryCatcher (http://localhost:32925/__cypress/runner/cypress_runner.js:167415:23)\n    at Promise._settlePromiseFromHandler (http://localhost:32925/__cypress/runner/cypress_runner.js:165351:31)\n    at Promise._settlePromise (http://localhost:32925/__cypress/runner/cypress_runner.js:165408:18)\n    at Promise._settlePromise0 (http://localhost:32925/__cypress/runner/cypress_runner.js:165453:10)\n    at Promise._settlePromises (http://localhost:32925/__cypress/runner/cypress_runner.js:165528:18)\n    at Async../node_modules/bluebird/js/release/async.js.Async._drainQueue (http://localhost:32925/__cypress/runner/cypress_runner.js:162140:16)\n    at Async../node_modules/bluebird/js/release/async.js.Async._drainQueues (http://localhost:32925/__cypress/runner/cypress_runner.js:162150:10)\n    at Async.drainQueues (http://localhost:32925/__cypress/runner/cypress_runner.js:162024:14)",
                "diff": null
              },
              "uuid": "8dadc2cd-10c3-4dee-b660-850bf3ed0519",
              "parentUUID": "b1b11e70-d427-4eb0-a8b6-dbd01120b54e",
              "isHook": false,
              "skipped": false
            },
            {
              "title": "Verifica se o botão contém o texto 'VQV'",
              "fullTitle": "10 - Faça o quadro de pixels ter seu tamanho definido pelo usuário. Verifica se o botão contém o texto 'VQV'",
              "timedOut": null,
              "duration": 5498,
              "state": "failed",
              "speed": null,
              "pass": false,
              "fail": true,
              "pending": false,
              "context": null,
              "code": "cy.get('#generate-board').contains(/vqv/i);",
              "err": {
                "message": "CypressError: Timed out retrying: Expected to find element: '#generate-board', but never found it.",
                "estack": "CypressError: Timed out retrying: Expected to find element: '#generate-board', but never found it.\n    at cypressErr (http://localhost:32925/__cypress/runner/cypress_runner.js:149934:9)\n    at throwErr (http://localhost:32925/__cypress/runner/cypress_runner.js:149867:11)\n    at Object.throwErrByPath (http://localhost:32925/__cypress/runner/cypress_runner.js:149915:3)\n    at retry (http://localhost:32925/__cypress/runner/cypress_runner.js:144197:19)\n    at onFailFn (http://localhost:32925/__cypress/runner/cypress_runner.js:132448:16)\n    at tryCatcher (http://localhost:32925/__cypress/runner/cypress_runner.js:167415:23)\n    at Promise._settlePromiseFromHandler (http://localhost:32925/__cypress/runner/cypress_runner.js:165351:31)\n    at Promise._settlePromise (http://localhost:32925/__cypress/runner/cypress_runner.js:165408:18)\n    at Promise._settlePromise0 (http://localhost:32925/__cypress/runner/cypress_runner.js:165453:10)\n    at Promise._settlePromises (http://localhost:32925/__cypress/runner/cypress_runner.js:165528:18)\n    at Async../node_modules/bluebird/js/release/async.js.Async._drainQueue (http://localhost:32925/__cypress/runner/cypress_runner.js:162140:16)\n    at Async../node_modules/bluebird/js/release/async.js.Async._drainQueues (http://localhost:32925/__cypress/runner/cypress_runner.js:162150:10)\n    at Async.drainQueues (http://localhost:32925/__cypress/runner/cypress_runner.js:162024:14)",
                "diff": null
              },
              "uuid": "6eb1abe3-7aaa-44a9-94a4-191bde655252",
              "parentUUID": "b1b11e70-d427-4eb0-a8b6-dbd01120b54e",
              "isHook": false,
              "skipped": false
            },
            {
              "title": "Verifica se o input está posicionado entre a paleta de cores e o quadro de pixels",
              "fullTitle": "10 - Faça o quadro de pixels ter seu tamanho definido pelo usuário. Verifica se o input está posicionado entre a paleta de cores e o quadro de pixels",
              "timedOut": null,
              "duration": 5160,
              "state": "failed",
              "speed": null,
              "pass": false,
              "fail": true,
              "pending": false,
              "context": null,
              "code": "cy.get('#color-palette').then(function (palette) {\n  cy.get('#board-size').should('be.belowOf', palette);\n});\ncy.get('#board-size').then(function (palette) {\n  cy.get('#pixel-board').should('be.belowOf', palette);\n});",
              "err": {
                "message": "CypressError: Timed out retrying: Expected to find element: '#board-size', but never found it.",
                "estack": "CypressError: Timed out retrying: Expected to find element: '#board-size', but never found it.\n    at cypressErr (http://localhost:32925/__cypress/runner/cypress_runner.js:149934:9)\n    at throwErr (http://localhost:32925/__cypress/runner/cypress_runner.js:149867:11)\n    at Object.throwErrByPath (http://localhost:32925/__cypress/runner/cypress_runner.js:149915:3)\n    at retry (http://localhost:32925/__cypress/runner/cypress_runner.js:144197:19)\n    at onFailFn (http://localhost:32925/__cypress/runner/cypress_runner.js:132448:16)\n    at tryCatcher (http://localhost:32925/__cypress/runner/cypress_runner.js:167415:23)\n    at Promise._settlePromiseFromHandler (http://localhost:32925/__cypress/runner/cypress_runner.js:165351:31)\n    at Promise._settlePromise (http://localhost:32925/__cypress/runner/cypress_runner.js:165408:18)\n    at Promise._settlePromise0 (http://localhost:32925/__cypress/runner/cypress_runner.js:165453:10)\n    at Promise._settlePromises (http://localhost:32925/__cypress/runner/cypress_runner.js:165528:18)\n    at Async../node_modules/bluebird/js/release/async.js.Async._drainQueue (http://localhost:32925/__cypress/runner/cypress_runner.js:162140:16)\n    at Async../node_modules/bluebird/js/release/async.js.Async._drainQueues (http://localhost:32925/__cypress/runner/cypress_runner.js:162150:10)\n    at Async.drainQueues (http://localhost:32925/__cypress/runner/cypress_runner.js:162024:14)",
                "diff": null
              },
              "uuid": "93a19e75-39e6-4802-af9f-9c2ead9283a7",
              "parentUUID": "b1b11e70-d427-4eb0-a8b6-dbd01120b54e",
              "isHook": false,
              "skipped": false
            },
            {
              "title": "Verifica se o botão está posicionado ao lado do input",
              "fullTitle": "10 - Faça o quadro de pixels ter seu tamanho definido pelo usuário. Verifica se o botão está posicionado ao lado do input",
              "timedOut": null,
              "duration": 5381,
              "state": "failed",
              "speed": null,
              "pass": false,
              "fail": true,
              "pending": false,
              "context": null,
              "code": "cy.get('#board-size').then(function (board) {\n  cy.get('#generate-board').should('be.onTheRightOf', board);\n});",
              "err": {
                "message": "CypressError: Timed out retrying: Expected to find element: '#board-size', but never found it.",
                "estack": "CypressError: Timed out retrying: Expected to find element: '#board-size', but never found it.\n    at cypressErr (http://localhost:32925/__cypress/runner/cypress_runner.js:149934:9)\n    at throwErr (http://localhost:32925/__cypress/runner/cypress_runner.js:149867:11)\n    at Object.throwErrByPath (http://localhost:32925/__cypress/runner/cypress_runner.js:149915:3)\n    at retry (http://localhost:32925/__cypress/runner/cypress_runner.js:144197:19)\n    at onFailFn (http://localhost:32925/__cypress/runner/cypress_runner.js:132448:16)\n    at tryCatcher (http://localhost:32925/__cypress/runner/cypress_runner.js:167415:23)\n    at Promise._settlePromiseFromHandler (http://localhost:32925/__cypress/runner/cypress_runner.js:165351:31)\n    at Promise._settlePromise (http://localhost:32925/__cypress/runner/cypress_runner.js:165408:18)\n    at Promise._settlePromise0 (http://localhost:32925/__cypress/runner/cypress_runner.js:165453:10)\n    at Promise._settlePromises (http://localhost:32925/__cypress/runner/cypress_runner.js:165528:18)\n    at Async../node_modules/bluebird/js/release/async.js.Async._drainQueue (http://localhost:32925/__cypress/runner/cypress_runner.js:162140:16)\n    at Async../node_modules/bluebird/js/release/async.js.Async._drainQueues (http://localhost:32925/__cypress/runner/cypress_runner.js:162150:10)\n    at Async.drainQueues (http://localhost:32925/__cypress/runner/cypress_runner.js:162024:14)",
                "diff": null
              },
              "uuid": "9b95e857-5f8e-472d-975a-cd6735213068",
              "parentUUID": "b1b11e70-d427-4eb0-a8b6-dbd01120b54e",
              "isHook": false,
              "skipped": false
            },
            {
              "title": "Verifica se nenhum valor for colocado no input ao clicar no botão, um `alert` é exibido com o texto: 'Board inválido!'",
              "fullTitle": "10 - Faça o quadro de pixels ter seu tamanho definido pelo usuário. Verifica se nenhum valor for colocado no input ao clicar no botão, um `alert` é exibido com o texto: 'Board inválido!'",
              "timedOut": null,
              "duration": 5183,
              "state": "failed",
              "speed": null,
              "pass": false,
              "fail": true,
              "pending": false,
              "context": null,
              "code": "var alerted = false;\ncy.on('window:alert', function (msg) {\n  return alerted = msg;\n});\ncy.get('#generate-board').click().then(function () {\n  return expect(alerted).to.match(/Board inválido!/i);\n});",
              "err": {
                "message": "CypressError: Timed out retrying: Expected to find element: '#generate-board', but never found it.",
                "estack": "CypressError: Timed out retrying: Expected to find element: '#generate-board', but never found it.\n    at cypressErr (http://localhost:32925/__cypress/runner/cypress_runner.js:149934:9)\n    at throwErr (http://localhost:32925/__cypress/runner/cypress_runner.js:149867:11)\n    at Object.throwErrByPath (http://localhost:32925/__cypress/runner/cypress_runner.js:149915:3)\n    at retry (http://localhost:32925/__cypress/runner/cypress_runner.js:144197:19)\n    at onFailFn (http://localhost:32925/__cypress/runner/cypress_runner.js:132448:16)\n    at tryCatcher (http://localhost:32925/__cypress/runner/cypress_runner.js:167415:23)\n    at Promise._settlePromiseFromHandler (http://localhost:32925/__cypress/runner/cypress_runner.js:165351:31)\n    at Promise._settlePromise (http://localhost:32925/__cypress/runner/cypress_runner.js:165408:18)\n    at Promise._settlePromise0 (http://localhost:32925/__cypress/runner/cypress_runner.js:165453:10)\n    at Promise._settlePromises (http://localhost:32925/__cypress/runner/cypress_runner.js:165528:18)\n    at Async../node_modules/bluebird/js/release/async.js.Async._drainQueue (http://localhost:32925/__cypress/runner/cypress_runner.js:162140:16)\n    at Async../node_modules/bluebird/js/release/async.js.Async._drainQueues (http://localhost:32925/__cypress/runner/cypress_runner.js:162150:10)\n    at Async.drainQueues (http://localhost:32925/__cypress/runner/cypress_runner.js:162024:14)",
                "diff": null
              },
              "uuid": "1d0303e6-1f3b-48f2-a38c-43457010a120",
              "parentUUID": "b1b11e70-d427-4eb0-a8b6-dbd01120b54e",
              "isHook": false,
              "skipped": false
            },
            {
              "title": "Verifica se ao clicar no botão com um valor preenchido, o tamanho do board muda.",
              "fullTitle": "10 - Faça o quadro de pixels ter seu tamanho definido pelo usuário. Verifica se ao clicar no botão com um valor preenchido, o tamanho do board muda.",
              "timedOut": null,
              "duration": 5185,
              "state": "failed",
              "speed": null,
              "pass": false,
              "fail": true,
              "pending": false,
              "context": null,
              "code": "cy.get('#board-size').clear().type(10);\ncy.get('#generate-board').click();\ncy.get('.pixel').should('have.length', 100);",
              "err": {
                "message": "CypressError: Timed out retrying: Expected to find element: '#board-size', but never found it.",
                "estack": "CypressError: Timed out retrying: Expected to find element: '#board-size', but never found it.\n    at cypressErr (http://localhost:32925/__cypress/runner/cypress_runner.js:149934:9)\n    at throwErr (http://localhost:32925/__cypress/runner/cypress_runner.js:149867:11)\n    at Object.throwErrByPath (http://localhost:32925/__cypress/runner/cypress_runner.js:149915:3)\n    at retry (http://localhost:32925/__cypress/runner/cypress_runner.js:144197:19)\n    at onFailFn (http://localhost:32925/__cypress/runner/cypress_runner.js:132448:16)\n    at tryCatcher (http://localhost:32925/__cypress/runner/cypress_runner.js:167415:23)\n    at Promise._settlePromiseFromHandler (http://localhost:32925/__cypress/runner/cypress_runner.js:165351:31)\n    at Promise._settlePromise (http://localhost:32925/__cypress/runner/cypress_runner.js:165408:18)\n    at Promise._settlePromise0 (http://localhost:32925/__cypress/runner/cypress_runner.js:165453:10)\n    at Promise._settlePromises (http://localhost:32925/__cypress/runner/cypress_runner.js:165528:18)\n    at Async../node_modules/bluebird/js/release/async.js.Async._drainQueue (http://localhost:32925/__cypress/runner/cypress_runner.js:162140:16)\n    at Async../node_modules/bluebird/js/release/async.js.Async._drainQueues (http://localhost:32925/__cypress/runner/cypress_runner.js:162150:10)\n    at Async.drainQueues (http://localhost:32925/__cypress/runner/cypress_runner.js:162024:14)",
                "diff": null
              },
              "uuid": "77ac4a1d-89a7-42ac-aa9a-8223447dd98e",
              "parentUUID": "b1b11e70-d427-4eb0-a8b6-dbd01120b54e",
              "isHook": false,
              "skipped": false
            },
            {
              "title": "Verifica se o novo quadro tem todos os pixels preenchidos com a cor branca",
              "fullTitle": "10 - Faça o quadro de pixels ter seu tamanho definido pelo usuário. Verifica se o novo quadro tem todos os pixels preenchidos com a cor branca",
              "timedOut": null,
              "duration": 5294,
              "state": "failed",
              "speed": null,
              "pass": false,
              "fail": true,
              "pending": false,
              "context": null,
              "code": "cy.get('#board-size').clear().type(6);\ncy.get('#generate-board').click();\ncy.get('.pixel').should('have.length', 36).each(function (pixel) {\n  expect(pixel).to.have.css('background-color', WHITE);\n});",
              "err": {
                "message": "CypressError: Timed out retrying: Expected to find element: '#board-size', but never found it.",
                "estack": "CypressError: Timed out retrying: Expected to find element: '#board-size', but never found it.\n    at cypressErr (http://localhost:32925/__cypress/runner/cypress_runner.js:149934:9)\n    at throwErr (http://localhost:32925/__cypress/runner/cypress_runner.js:149867:11)\n    at Object.throwErrByPath (http://localhost:32925/__cypress/runner/cypress_runner.js:149915:3)\n    at retry (http://localhost:32925/__cypress/runner/cypress_runner.js:144197:19)\n    at onFailFn (http://localhost:32925/__cypress/runner/cypress_runner.js:132448:16)\n    at tryCatcher (http://localhost:32925/__cypress/runner/cypress_runner.js:167415:23)\n    at Promise._settlePromiseFromHandler (http://localhost:32925/__cypress/runner/cypress_runner.js:165351:31)\n    at Promise._settlePromise (http://localhost:32925/__cypress/runner/cypress_runner.js:165408:18)\n    at Promise._settlePromise0 (http://localhost:32925/__cypress/runner/cypress_runner.js:165453:10)\n    at Promise._settlePromises (http://localhost:32925/__cypress/runner/cypress_runner.js:165528:18)\n    at Async../node_modules/bluebird/js/release/async.js.Async._drainQueue (http://localhost:32925/__cypress/runner/cypress_runner.js:162140:16)\n    at Async../node_modules/bluebird/js/release/async.js.Async._drainQueues (http://localhost:32925/__cypress/runner/cypress_runner.js:162150:10)\n    at Async.drainQueues (http://localhost:32925/__cypress/runner/cypress_runner.js:162024:14)",
                "diff": null
              },
              "uuid": "324cc3d7-c303-4e4f-8727-bd43bcde6d44",
              "parentUUID": "b1b11e70-d427-4eb0-a8b6-dbd01120b54e",
              "isHook": false,
              "skipped": false
            }
          ],
          "suites": [],
          "passes": [],
          "failures": [
            "b9e24243-d940-413b-a851-a255b27ab582",
            "c9dffcd2-5878-4b0c-9d2d-5d05ef3c539c",
            "8dadc2cd-10c3-4dee-b660-850bf3ed0519",
            "6eb1abe3-7aaa-44a9-94a4-191bde655252",
            "93a19e75-39e6-4802-af9f-9c2ead9283a7",
            "9b95e857-5f8e-472d-975a-cd6735213068",
            "1d0303e6-1f3b-48f2-a38c-43457010a120",
            "77ac4a1d-89a7-42ac-aa9a-8223447dd98e",
            "324cc3d7-c303-4e4f-8727-bd43bcde6d44"
          ],
          "pending": [],
          "skipped": [],
          "duration": 47440,
          "root": false,
          "rootEmpty": false,
          "_timeout": 2000
        },
        {
          "uuid": "043c9dd2-5eae-4f57-9406-4be61b24662b",
          "title": "11 - Limite o tamanho mínimo e máximo do board.",
          "fullFile": "",
          "file": "",
          "beforeHooks": [],
          "afterHooks": [],
          "tests": [
            {
              "title": "Verifica se a altura máxima do board é 50",
              "fullTitle": "11 - Limite o tamanho mínimo e máximo do board. Verifica se a altura máxima do board é 50",
              "timedOut": null,
              "duration": 5150,
              "state": "failed",
              "speed": null,
              "pass": false,
              "fail": true,
              "pending": false,
              "context": null,
              "code": "cy.get('#board-size').clear().type(50);\ncy.get('#generate-board').click();\ncy.get('.pixel').should('have.length', 2500);",
              "err": {
                "message": "CypressError: Timed out retrying: Expected to find element: '#board-size', but never found it.",
                "estack": "CypressError: Timed out retrying: Expected to find element: '#board-size', but never found it.\n    at cypressErr (http://localhost:32925/__cypress/runner/cypress_runner.js:149934:9)\n    at throwErr (http://localhost:32925/__cypress/runner/cypress_runner.js:149867:11)\n    at Object.throwErrByPath (http://localhost:32925/__cypress/runner/cypress_runner.js:149915:3)\n    at retry (http://localhost:32925/__cypress/runner/cypress_runner.js:144197:19)\n    at onFailFn (http://localhost:32925/__cypress/runner/cypress_runner.js:132448:16)\n    at tryCatcher (http://localhost:32925/__cypress/runner/cypress_runner.js:167415:23)\n    at Promise._settlePromiseFromHandler (http://localhost:32925/__cypress/runner/cypress_runner.js:165351:31)\n    at Promise._settlePromise (http://localhost:32925/__cypress/runner/cypress_runner.js:165408:18)\n    at Promise._settlePromise0 (http://localhost:32925/__cypress/runner/cypress_runner.js:165453:10)\n    at Promise._settlePromises (http://localhost:32925/__cypress/runner/cypress_runner.js:165528:18)\n    at Async../node_modules/bluebird/js/release/async.js.Async._drainQueue (http://localhost:32925/__cypress/runner/cypress_runner.js:162140:16)\n    at Async../node_modules/bluebird/js/release/async.js.Async._drainQueues (http://localhost:32925/__cypress/runner/cypress_runner.js:162150:10)\n    at Async.drainQueues (http://localhost:32925/__cypress/runner/cypress_runner.js:162024:14)",
                "diff": null
              },
              "uuid": "e869edff-b15f-4e5e-8e42-aac7b719638a",
              "parentUUID": "043c9dd2-5eae-4f57-9406-4be61b24662b",
              "isHook": false,
              "skipped": false
            },
            {
              "title": "Verifica se a altura do board é 5 quando um valor menor é colocado no input",
              "fullTitle": "11 - Limite o tamanho mínimo e máximo do board. Verifica se a altura do board é 5 quando um valor menor é colocado no input",
              "timedOut": null,
              "duration": 4938,
              "state": "failed",
              "speed": null,
              "pass": false,
              "fail": true,
              "pending": false,
              "context": null,
              "code": "cy.get('#board-size').clear().type(4);\ncy.get('#generate-board').click();\ncy.get('.pixel').should('have.length', 25);",
              "err": {
                "message": "CypressError: Timed out retrying: Expected to find element: '#board-size', but never found it.",
                "estack": "CypressError: Timed out retrying: Expected to find element: '#board-size', but never found it.\n    at cypressErr (http://localhost:32925/__cypress/runner/cypress_runner.js:149934:9)\n    at throwErr (http://localhost:32925/__cypress/runner/cypress_runner.js:149867:11)\n    at Object.throwErrByPath (http://localhost:32925/__cypress/runner/cypress_runner.js:149915:3)\n    at retry (http://localhost:32925/__cypress/runner/cypress_runner.js:144197:19)\n    at onFailFn (http://localhost:32925/__cypress/runner/cypress_runner.js:132448:16)\n    at tryCatcher (http://localhost:32925/__cypress/runner/cypress_runner.js:167415:23)\n    at Promise._settlePromiseFromHandler (http://localhost:32925/__cypress/runner/cypress_runner.js:165351:31)\n    at Promise._settlePromise (http://localhost:32925/__cypress/runner/cypress_runner.js:165408:18)\n    at Promise._settlePromise0 (http://localhost:32925/__cypress/runner/cypress_runner.js:165453:10)\n    at Promise._settlePromises (http://localhost:32925/__cypress/runner/cypress_runner.js:165528:18)\n    at Async../node_modules/bluebird/js/release/async.js.Async._drainQueue (http://localhost:32925/__cypress/runner/cypress_runner.js:162140:16)\n    at Async../node_modules/bluebird/js/release/async.js.Async._drainQueues (http://localhost:32925/__cypress/runner/cypress_runner.js:162150:10)\n    at Async.drainQueues (http://localhost:32925/__cypress/runner/cypress_runner.js:162024:14)",
                "diff": null
              },
              "uuid": "a87d227d-9bb6-4686-be58-257308a26ba2",
              "parentUUID": "043c9dd2-5eae-4f57-9406-4be61b24662b",
              "isHook": false,
              "skipped": false
            },
            {
              "title": "Verifica se a altura do board é 50 quando um valor maior é colocado no input",
              "fullTitle": "11 - Limite o tamanho mínimo e máximo do board. Verifica se a altura do board é 50 quando um valor maior é colocado no input",
              "timedOut": null,
              "duration": 6602,
              "state": "failed",
              "speed": null,
              "pass": false,
              "fail": true,
              "pending": false,
              "context": null,
              "code": "cy.get('#board-size').clear().type(51);\ncy.get('#generate-board').click();\ncy.get('.pixel').should('have.length', 2500);",
              "err": {
                "message": "CypressError: Timed out retrying: Expected to find element: '#board-size', but never found it.",
                "estack": "CypressError: Timed out retrying: Expected to find element: '#board-size', but never found it.\n    at cypressErr (http://localhost:32925/__cypress/runner/cypress_runner.js:149934:9)\n    at throwErr (http://localhost:32925/__cypress/runner/cypress_runner.js:149867:11)\n    at Object.throwErrByPath (http://localhost:32925/__cypress/runner/cypress_runner.js:149915:3)\n    at retry (http://localhost:32925/__cypress/runner/cypress_runner.js:144197:19)\n    at onFailFn (http://localhost:32925/__cypress/runner/cypress_runner.js:132448:16)\n    at tryCatcher (http://localhost:32925/__cypress/runner/cypress_runner.js:167415:23)\n    at Promise._settlePromiseFromHandler (http://localhost:32925/__cypress/runner/cypress_runner.js:165351:31)\n    at Promise._settlePromise (http://localhost:32925/__cypress/runner/cypress_runner.js:165408:18)\n    at Promise._settlePromise0 (http://localhost:32925/__cypress/runner/cypress_runner.js:165453:10)\n    at Promise._settlePromises (http://localhost:32925/__cypress/runner/cypress_runner.js:165528:18)\n    at Async../node_modules/bluebird/js/release/async.js.Async._drainQueue (http://localhost:32925/__cypress/runner/cypress_runner.js:162140:16)\n    at Async../node_modules/bluebird/js/release/async.js.Async._drainQueues (http://localhost:32925/__cypress/runner/cypress_runner.js:162150:10)\n    at Async.drainQueues (http://localhost:32925/__cypress/runner/cypress_runner.js:162024:14)",
                "diff": null
              },
              "uuid": "e0d831de-fd20-46e3-a843-fb17755e4f91",
              "parentUUID": "043c9dd2-5eae-4f57-9406-4be61b24662b",
              "isHook": false,
              "skipped": false
            }
          ],
          "suites": [],
          "passes": [],
          "failures": [
            "e869edff-b15f-4e5e-8e42-aac7b719638a",
            "a87d227d-9bb6-4686-be58-257308a26ba2",
            "e0d831de-fd20-46e3-a843-fb17755e4f91"
          ],
          "pending": [],
          "skipped": [],
          "duration": 16690,
          "root": false,
          "rootEmpty": false,
          "_timeout": 2000
        },
        {
          "uuid": "963834d2-f06a-4b20-a182-00852fde8444",
          "title": "12 - Faça com que as cores da paleta sejam geradas aleatoriamente ao carregar a página.",
          "fullFile": "",
          "file": "",
          "beforeHooks": [],
          "afterHooks": [],
          "tests": [
            {
              "title": "Verifica se as cores geradas na paleta são diferentes a cada carregamento da página",
              "fullTitle": "12 - Faça com que as cores da paleta sejam geradas aleatoriamente ao carregar a página. Verifica se as cores geradas na paleta são diferentes a cada carregamento da página",
              "timedOut": null,
              "duration": 1778,
              "state": "failed",
              "speed": null,
              "pass": false,
              "fail": true,
              "pending": false,
              "context": null,
              "code": "cy.get('.color').then(function (colors) {\n  var currentColors;\n  var previousColors;\n  previousColors = Array.from(colors).map(function (color) {\n    return Cypress.$(color).css('background-color');\n  });\n  for (var i = 0; i < 5; i += 1) {\n    cy.reload();\n    cy.get('.color').then(function (colors) {\n      currentColors = Array.from(colors).map(function (color) {\n        return Cypress.$(color).css('background-color');\n      });\n      expect(currentColors).not.to.deep.equal(previousColors);\n      previousColors = currentColors;\n    });\n  }\n});",
              "err": {
                "message": "AssertionError: expected [ Array(4) ] to not deeply equal [ Array(4) ]",
                "estack": "AssertionError: expected [ Array(4) ] to not deeply equal [ Array(4) ]\n    at getRet (http://localhost:32925/__cypress/runner/cypress_runner.js:136585:16)\n    at tryCatcher (http://localhost:32925/__cypress/runner/cypress_runner.js:167415:23)\n    at Function.Promise.attempt.Promise.try (http://localhost:32925/__cypress/runner/cypress_runner.js:164690:29)\n    at Context.thenFn (http://localhost:32925/__cypress/runner/cypress_runner.js:136599:23)\n    at Context.then (http://localhost:32925/__cypress/runner/cypress_runner.js:136971:21)\n    at Context.<anonymous> (http://localhost:32925/__cypress/runner/cypress_runner.js:148875:21)\n    at http://localhost:32925/__cypress/runner/cypress_runner.js:148351:33\n    at tryCatcher (http://localhost:32925/__cypress/runner/cypress_runner.js:167415:23)\n    at Promise._settlePromiseFromHandler (http://localhost:32925/__cypress/runner/cypress_runner.js:165351:31)\n    at Promise._settlePromise (http://localhost:32925/__cypress/runner/cypress_runner.js:165408:18)\n    at Promise._settlePromiseCtx (http://localhost:32925/__cypress/runner/cypress_runner.js:165445:10)\n    at Async../node_modules/bluebird/js/release/async.js.Async._drainQueue (http://localhost:32925/__cypress/runner/cypress_runner.js:162145:12)\n    at Async../node_modules/bluebird/js/release/async.js.Async._drainQueues (http://localhost:32925/__cypress/runner/cypress_runner.js:162150:10)\n    at Async.drainQueues (http://localhost:32925/__cypress/runner/cypress_runner.js:162024:14)",
                "diff": ""
              },
              "uuid": "071205c9-8326-4165-9859-e3e6af96ee7e",
              "parentUUID": "963834d2-f06a-4b20-a182-00852fde8444",
              "isHook": false,
              "skipped": false
            },
            {
              "title": "Verifica se a cor preta ainda está presente e é a primeira na sua paleta de cores",
              "fullTitle": "12 - Faça com que as cores da paleta sejam geradas aleatoriamente ao carregar a página. Verifica se a cor preta ainda está presente e é a primeira na sua paleta de cores",
              "timedOut": null,
              "duration": 1391,
              "state": "failed",
              "speed": null,
              "pass": false,
              "fail": true,
              "pending": false,
              "context": null,
              "code": "cy.get('.color').then(function (colors) {\n  var currentColors;\n  var previousColors;\n  previousColors = Array.from(colors).map(function (color) {\n    return Cypress.$(color).css('background-color');\n  });\n  expect(previousColors[0]).to.eq(BLACK);\n  for (var i = 0; i < 5; i += 1) {\n    cy.reload();\n    cy.get('.color').then(function (colors) {\n      currentColors = Array.from(colors).map(function (color) {\n        return Cypress.$(color).css('background-color');\n      });\n      expect(currentColors[0]).to.eq(BLACK);\n      expect(currentColors).not.to.deep.equal(previousColors);\n      previousColors = currentColors;\n    });\n  }\n});",
              "err": {
                "message": "AssertionError: expected [ Array(4) ] to not deeply equal [ Array(4) ]",
                "estack": "AssertionError: expected [ Array(4) ] to not deeply equal [ Array(4) ]\n    at getRet (http://localhost:32925/__cypress/runner/cypress_runner.js:136585:16)\n    at tryCatcher (http://localhost:32925/__cypress/runner/cypress_runner.js:167415:23)\n    at Function.Promise.attempt.Promise.try (http://localhost:32925/__cypress/runner/cypress_runner.js:164690:29)\n    at Context.thenFn (http://localhost:32925/__cypress/runner/cypress_runner.js:136599:23)\n    at Context.then (http://localhost:32925/__cypress/runner/cypress_runner.js:136971:21)\n    at Context.<anonymous> (http://localhost:32925/__cypress/runner/cypress_runner.js:148875:21)\n    at http://localhost:32925/__cypress/runner/cypress_runner.js:148351:33\n    at tryCatcher (http://localhost:32925/__cypress/runner/cypress_runner.js:167415:23)\n    at Promise._settlePromiseFromHandler (http://localhost:32925/__cypress/runner/cypress_runner.js:165351:31)\n    at Promise._settlePromise (http://localhost:32925/__cypress/runner/cypress_runner.js:165408:18)\n    at Promise._settlePromiseCtx (http://localhost:32925/__cypress/runner/cypress_runner.js:165445:10)\n    at Async../node_modules/bluebird/js/release/async.js.Async._drainQueue (http://localhost:32925/__cypress/runner/cypress_runner.js:162145:12)\n    at Async../node_modules/bluebird/js/release/async.js.Async._drainQueues (http://localhost:32925/__cypress/runner/cypress_runner.js:162150:10)\n    at Async.drainQueues (http://localhost:32925/__cypress/runner/cypress_runner.js:162024:14)",
                "diff": ""
              },
              "uuid": "2e6f30de-91eb-4d94-afbf-08f496a912f4",
              "parentUUID": "963834d2-f06a-4b20-a182-00852fde8444",
              "isHook": false,
              "skipped": false
            }
          ],
          "suites": [],
          "passes": [],
          "failures": [
            "071205c9-8326-4165-9859-e3e6af96ee7e",
            "2e6f30de-91eb-4d94-afbf-08f496a912f4"
          ],
          "pending": [],
          "skipped": [],
          "duration": 3169,
          "root": false,
          "rootEmpty": false,
          "_timeout": 2000
        }
      ],
      "passes": [],
      "failures": [],
      "pending": [],
      "skipped": [],
      "duration": 0,
      "root": true,
      "rootEmpty": true,
      "_timeout": 2000
    }
  ],
  "meta": {
    "mocha": {
      "version": "7.0.1"
    },
    "mochawesome": {
      "options": {
        "quiet": false,
        "reportFilename": "mochawesome",
        "saveHtml": false,
        "saveJson": true,
        "consoleReporter": "spec",
        "useInlineDiffs": false
      },
      "version": "4.1.0"
    },
    "marge": {
      "options": {
        "id": "default",
        "reportDir": "cypress/reports",
        "overwrite": true,
        "html": false,
        "json": true
      },
      "version": "4.1.0"
    }
  }
}