{
  "stats": {
    "suites": 12,
    "tests": 41,
    "passes": 1,
    "pending": 0,
    "failures": 40,
    "start": "2021-12-19T12:19:27.522Z",
    "end": "2021-12-19T12:23:07.350Z",
    "duration": 219828,
    "testsRegistered": 41,
    "passPercent": 2.4390243902439024,
    "pendingPercent": 0,
    "other": 0,
    "hasOther": false,
    "skipped": 0,
    "hasSkipped": false
  },
  "results": [
    {
      "uuid": "e260fe10-346f-4302-b1ed-f38c06b823b4",
      "title": "",
      "fullFile": "cypress/integration/project.spec.js",
      "file": "cypress/integration/project.spec.js",
      "beforeHooks": [],
      "afterHooks": [],
      "tests": [],
      "suites": [
        {
          "uuid": "f9677568-bf23-430f-8cc4-1bdaa4be7aca",
          "title": "1 - Adicione à página o título \"Paleta de Cores\".",
          "fullFile": "",
          "file": "",
          "beforeHooks": [],
          "afterHooks": [],
          "tests": [
            {
              "title": "Verifica se contém um elemento `h1` com o id `title` com o título correto",
              "fullTitle": "1 - Adicione à página o título \"Paleta de Cores\". Verifica se contém um elemento `h1` com o id `title` com o título correto",
              "timedOut": null,
              "duration": 966,
              "state": "passed",
              "speed": "slow",
              "pass": true,
              "fail": false,
              "pending": false,
              "context": null,
              "code": "cy.get('h1#title').should('contain.text', 'Paleta de Cores');",
              "err": {},
              "uuid": "950e5c5a-d6ae-4b76-9ef3-6b7c0dec0d36",
              "parentUUID": "f9677568-bf23-430f-8cc4-1bdaa4be7aca",
              "isHook": false,
              "skipped": false
            }
          ],
          "suites": [],
          "passes": [
            "950e5c5a-d6ae-4b76-9ef3-6b7c0dec0d36"
          ],
          "failures": [],
          "pending": [],
          "skipped": [],
          "duration": 966,
          "root": false,
          "rootEmpty": false,
          "_timeout": 2000
        },
        {
          "uuid": "0349df32-7ed1-43d4-a469-34cc71079d29",
          "title": "2 - Adicione à página uma paleta de quatro cores distintas.",
          "fullFile": "",
          "file": "",
          "beforeHooks": [],
          "afterHooks": [],
          "tests": [
            {
              "title": "A paleta de cores deve ser um elemento com `id` denominado `color-palette`",
              "fullTitle": "2 - Adicione à página uma paleta de quatro cores distintas. A paleta de cores deve ser um elemento com `id` denominado `color-palette`",
              "timedOut": null,
              "duration": 4879,
              "state": "failed",
              "speed": null,
              "pass": false,
              "fail": true,
              "pending": false,
              "context": null,
              "code": "cy.get('#color-palette').should('be.visible');\ncy.get('#color-palette').children('.color');",
              "err": {
                "message": "CypressError: Timed out retrying: Expected to find element: '#color-palette', but never found it.",
                "estack": "CypressError: Timed out retrying: Expected to find element: '#color-palette', but never found it.\n    at cypressErr (http://localhost:46043/__cypress/runner/cypress_runner.js:149934:9)\n    at throwErr (http://localhost:46043/__cypress/runner/cypress_runner.js:149867:11)\n    at Object.throwErrByPath (http://localhost:46043/__cypress/runner/cypress_runner.js:149915:3)\n    at retry (http://localhost:46043/__cypress/runner/cypress_runner.js:144197:19)\n    at onFailFn (http://localhost:46043/__cypress/runner/cypress_runner.js:132448:16)\n    at tryCatcher (http://localhost:46043/__cypress/runner/cypress_runner.js:167415:23)\n    at Promise._settlePromiseFromHandler (http://localhost:46043/__cypress/runner/cypress_runner.js:165351:31)\n    at Promise._settlePromise (http://localhost:46043/__cypress/runner/cypress_runner.js:165408:18)\n    at Promise._settlePromise0 (http://localhost:46043/__cypress/runner/cypress_runner.js:165453:10)\n    at Promise._settlePromises (http://localhost:46043/__cypress/runner/cypress_runner.js:165528:18)\n    at Async../node_modules/bluebird/js/release/async.js.Async._drainQueue (http://localhost:46043/__cypress/runner/cypress_runner.js:162140:16)\n    at Async../node_modules/bluebird/js/release/async.js.Async._drainQueues (http://localhost:46043/__cypress/runner/cypress_runner.js:162150:10)\n    at Async.drainQueues (http://localhost:46043/__cypress/runner/cypress_runner.js:162024:14)",
                "diff": null
              },
              "uuid": "5a6ee79b-3d2f-4ac1-9f79-09536e846ade",
              "parentUUID": "0349df32-7ed1-43d4-a469-34cc71079d29",
              "isHook": false,
              "skipped": false
            },
            {
              "title": "Verifica se cada cor individual da paleta de cores possui a `classe` chamada `color`.",
              "fullTitle": "2 - Adicione à página uma paleta de quatro cores distintas. Verifica se cada cor individual da paleta de cores possui a `classe` chamada `color`.",
              "timedOut": null,
              "duration": 5343,
              "state": "failed",
              "speed": null,
              "pass": false,
              "fail": true,
              "pending": false,
              "context": null,
              "code": "cy.get('.color').should('have.length', 4).then(function (colors) {\n  for (var i = 0; i < colors.length; i++) {\n    cy.wrap(colors[i]).should('be.visible');\n  }\n});",
              "err": {
                "message": "CypressError: Timed out retrying: Expected to find element: '.color', but never found it.",
                "estack": "CypressError: Timed out retrying: Expected to find element: '.color', but never found it.\n    at cypressErr (http://localhost:46043/__cypress/runner/cypress_runner.js:149934:9)\n    at throwErr (http://localhost:46043/__cypress/runner/cypress_runner.js:149867:11)\n    at Object.throwErrByPath (http://localhost:46043/__cypress/runner/cypress_runner.js:149915:3)\n    at retry (http://localhost:46043/__cypress/runner/cypress_runner.js:144197:19)\n    at onFailFn (http://localhost:46043/__cypress/runner/cypress_runner.js:132448:16)\n    at tryCatcher (http://localhost:46043/__cypress/runner/cypress_runner.js:167415:23)\n    at Promise._settlePromiseFromHandler (http://localhost:46043/__cypress/runner/cypress_runner.js:165351:31)\n    at Promise._settlePromise (http://localhost:46043/__cypress/runner/cypress_runner.js:165408:18)\n    at Promise._settlePromise0 (http://localhost:46043/__cypress/runner/cypress_runner.js:165453:10)\n    at Promise._settlePromises (http://localhost:46043/__cypress/runner/cypress_runner.js:165528:18)\n    at Async../node_modules/bluebird/js/release/async.js.Async._drainQueue (http://localhost:46043/__cypress/runner/cypress_runner.js:162140:16)\n    at Async../node_modules/bluebird/js/release/async.js.Async._drainQueues (http://localhost:46043/__cypress/runner/cypress_runner.js:162150:10)\n    at Async.drainQueues (http://localhost:46043/__cypress/runner/cypress_runner.js:162024:14)",
                "diff": null
              },
              "uuid": "0e4d2e53-cb31-4e3b-a593-86c9da4dc702",
              "parentUUID": "0349df32-7ed1-43d4-a469-34cc71079d29",
              "isHook": false,
              "skipped": false
            },
            {
              "title": "Verifica se a cor de fundo de cada elemento da paleta é a cor que o elemento representa. **A única cor não permitida na paleta é a cor branca.**",
              "fullTitle": "2 - Adicione à página uma paleta de quatro cores distintas. Verifica se a cor de fundo de cada elemento da paleta é a cor que o elemento representa. **A única cor não permitida na paleta é a cor branca.**",
              "timedOut": null,
              "duration": 5075,
              "state": "failed",
              "speed": null,
              "pass": false,
              "fail": true,
              "pending": false,
              "context": null,
              "code": "cy.get('.color').each(function (color) {\n  cy.wrap(color).should('have.class', 'color').and('not.have.css', 'background-color', WHITE);\n  cy.wrap(color).should('have.css', 'background-color');\n});",
              "err": {
                "message": "CypressError: Timed out retrying: Expected to find element: '.color', but never found it.",
                "estack": "CypressError: Timed out retrying: Expected to find element: '.color', but never found it.\n    at cypressErr (http://localhost:46043/__cypress/runner/cypress_runner.js:149934:9)\n    at throwErr (http://localhost:46043/__cypress/runner/cypress_runner.js:149867:11)\n    at Object.throwErrByPath (http://localhost:46043/__cypress/runner/cypress_runner.js:149915:3)\n    at retry (http://localhost:46043/__cypress/runner/cypress_runner.js:144197:19)\n    at onFailFn (http://localhost:46043/__cypress/runner/cypress_runner.js:132448:16)\n    at tryCatcher (http://localhost:46043/__cypress/runner/cypress_runner.js:167415:23)\n    at Promise._settlePromiseFromHandler (http://localhost:46043/__cypress/runner/cypress_runner.js:165351:31)\n    at Promise._settlePromise (http://localhost:46043/__cypress/runner/cypress_runner.js:165408:18)\n    at Promise._settlePromise0 (http://localhost:46043/__cypress/runner/cypress_runner.js:165453:10)\n    at Promise._settlePromises (http://localhost:46043/__cypress/runner/cypress_runner.js:165528:18)\n    at Async../node_modules/bluebird/js/release/async.js.Async._drainQueue (http://localhost:46043/__cypress/runner/cypress_runner.js:162140:16)\n    at Async../node_modules/bluebird/js/release/async.js.Async._drainQueues (http://localhost:46043/__cypress/runner/cypress_runner.js:162150:10)\n    at Async.drainQueues (http://localhost:46043/__cypress/runner/cypress_runner.js:162024:14)",
                "diff": null
              },
              "uuid": "f1fde725-a1b0-4af2-8e4b-d3f50b848615",
              "parentUUID": "0349df32-7ed1-43d4-a469-34cc71079d29",
              "isHook": false,
              "skipped": false
            },
            {
              "title": "Verifica se cada elemento da paleta de cores tem uma borda preta, sólida e com 1 pixel de largura;",
              "fullTitle": "2 - Adicione à página uma paleta de quatro cores distintas. Verifica se cada elemento da paleta de cores tem uma borda preta, sólida e com 1 pixel de largura;",
              "timedOut": null,
              "duration": 5390,
              "state": "failed",
              "speed": null,
              "pass": false,
              "fail": true,
              "pending": false,
              "context": null,
              "code": "cy.get('.color').each(function (color) {\n  cy.wrap(color).and('have.css', 'border', \"1px solid \".concat(BLACK)).and('have.class', 'color');\n});",
              "err": {
                "message": "CypressError: Timed out retrying: Expected to find element: '.color', but never found it.",
                "estack": "CypressError: Timed out retrying: Expected to find element: '.color', but never found it.\n    at cypressErr (http://localhost:46043/__cypress/runner/cypress_runner.js:149934:9)\n    at throwErr (http://localhost:46043/__cypress/runner/cypress_runner.js:149867:11)\n    at Object.throwErrByPath (http://localhost:46043/__cypress/runner/cypress_runner.js:149915:3)\n    at retry (http://localhost:46043/__cypress/runner/cypress_runner.js:144197:19)\n    at onFailFn (http://localhost:46043/__cypress/runner/cypress_runner.js:132448:16)\n    at tryCatcher (http://localhost:46043/__cypress/runner/cypress_runner.js:167415:23)\n    at Promise._settlePromiseFromHandler (http://localhost:46043/__cypress/runner/cypress_runner.js:165351:31)\n    at Promise._settlePromise (http://localhost:46043/__cypress/runner/cypress_runner.js:165408:18)\n    at Promise._settlePromise0 (http://localhost:46043/__cypress/runner/cypress_runner.js:165453:10)\n    at Promise._settlePromises (http://localhost:46043/__cypress/runner/cypress_runner.js:165528:18)\n    at Async../node_modules/bluebird/js/release/async.js.Async._drainQueue (http://localhost:46043/__cypress/runner/cypress_runner.js:162140:16)\n    at Async../node_modules/bluebird/js/release/async.js.Async._drainQueues (http://localhost:46043/__cypress/runner/cypress_runner.js:162150:10)\n    at Async.drainQueues (http://localhost:46043/__cypress/runner/cypress_runner.js:162024:14)",
                "diff": null
              },
              "uuid": "9c290497-0677-466e-988c-64e1911b147d",
              "parentUUID": "0349df32-7ed1-43d4-a469-34cc71079d29",
              "isHook": false,
              "skipped": false
            },
            {
              "title": "Verifica se a paleta lista todas as cores disponíveis para utilização, lado a lado.",
              "fullTitle": "2 - Adicione à página uma paleta de quatro cores distintas. Verifica se a paleta lista todas as cores disponíveis para utilização, lado a lado.",
              "timedOut": null,
              "duration": 5356,
              "state": "failed",
              "speed": null,
              "pass": false,
              "fail": true,
              "pending": false,
              "context": null,
              "code": "cy.get('.color').then(function (colors) {\n  for (var index = 1; index < colors.length; index += 1) {\n    var currentColor = colors[index];\n    var previousColor = colors[index - 1];\n    cy.wrap(currentColor).should('be.onTheRightOf', previousColor).and('be.horizontallyAlignedWith', previousColor);\n  }\n});",
              "err": {
                "message": "CypressError: Timed out retrying: Expected to find element: '.color', but never found it.",
                "estack": "CypressError: Timed out retrying: Expected to find element: '.color', but never found it.\n    at cypressErr (http://localhost:46043/__cypress/runner/cypress_runner.js:149934:9)\n    at throwErr (http://localhost:46043/__cypress/runner/cypress_runner.js:149867:11)\n    at Object.throwErrByPath (http://localhost:46043/__cypress/runner/cypress_runner.js:149915:3)\n    at retry (http://localhost:46043/__cypress/runner/cypress_runner.js:144197:19)\n    at onFailFn (http://localhost:46043/__cypress/runner/cypress_runner.js:132448:16)\n    at tryCatcher (http://localhost:46043/__cypress/runner/cypress_runner.js:167415:23)\n    at Promise._settlePromiseFromHandler (http://localhost:46043/__cypress/runner/cypress_runner.js:165351:31)\n    at Promise._settlePromise (http://localhost:46043/__cypress/runner/cypress_runner.js:165408:18)\n    at Promise._settlePromise0 (http://localhost:46043/__cypress/runner/cypress_runner.js:165453:10)\n    at Promise._settlePromises (http://localhost:46043/__cypress/runner/cypress_runner.js:165528:18)\n    at Async../node_modules/bluebird/js/release/async.js.Async._drainQueue (http://localhost:46043/__cypress/runner/cypress_runner.js:162140:16)\n    at Async../node_modules/bluebird/js/release/async.js.Async._drainQueues (http://localhost:46043/__cypress/runner/cypress_runner.js:162150:10)\n    at Async.drainQueues (http://localhost:46043/__cypress/runner/cypress_runner.js:162024:14)",
                "diff": null
              },
              "uuid": "c8190410-e70c-4a69-97c7-1da99a3de841",
              "parentUUID": "0349df32-7ed1-43d4-a469-34cc71079d29",
              "isHook": false,
              "skipped": false
            },
            {
              "title": "Verifica se a paleta de cores está posicionada abaixo do título 'Paleta de Cores'",
              "fullTitle": "2 - Adicione à página uma paleta de quatro cores distintas. Verifica se a paleta de cores está posicionada abaixo do título 'Paleta de Cores'",
              "timedOut": null,
              "duration": 5257,
              "state": "failed",
              "speed": null,
              "pass": false,
              "fail": true,
              "pending": false,
              "context": null,
              "code": "cy.get('h1#title').then(function (title) {\n  cy.get('#color-palette').should('be.belowOf', title);\n});",
              "err": {
                "message": "CypressError: Timed out retrying: Expected to find element: '#color-palette', but never found it.",
                "estack": "CypressError: Timed out retrying: Expected to find element: '#color-palette', but never found it.\n    at cypressErr (http://localhost:46043/__cypress/runner/cypress_runner.js:149934:9)\n    at throwErr (http://localhost:46043/__cypress/runner/cypress_runner.js:149867:11)\n    at Object.throwErrByPath (http://localhost:46043/__cypress/runner/cypress_runner.js:149915:3)\n    at retry (http://localhost:46043/__cypress/runner/cypress_runner.js:144197:19)\n    at onFailFn (http://localhost:46043/__cypress/runner/cypress_runner.js:132448:16)\n    at tryCatcher (http://localhost:46043/__cypress/runner/cypress_runner.js:167415:23)\n    at Promise._settlePromiseFromHandler (http://localhost:46043/__cypress/runner/cypress_runner.js:165351:31)\n    at Promise._settlePromise (http://localhost:46043/__cypress/runner/cypress_runner.js:165408:18)\n    at Promise._settlePromise0 (http://localhost:46043/__cypress/runner/cypress_runner.js:165453:10)\n    at Promise._settlePromises (http://localhost:46043/__cypress/runner/cypress_runner.js:165528:18)\n    at Async../node_modules/bluebird/js/release/async.js.Async._drainQueue (http://localhost:46043/__cypress/runner/cypress_runner.js:162140:16)\n    at Async../node_modules/bluebird/js/release/async.js.Async._drainQueues (http://localhost:46043/__cypress/runner/cypress_runner.js:162150:10)\n    at Async.drainQueues (http://localhost:46043/__cypress/runner/cypress_runner.js:162024:14)",
                "diff": null
              },
              "uuid": "b9e212e0-b1c7-4f7d-98d6-9d23bbf3a18c",
              "parentUUID": "0349df32-7ed1-43d4-a469-34cc71079d29",
              "isHook": false,
              "skipped": false
            },
            {
              "title": "Verifica se a paleta de cores não contém cores repetidas.",
              "fullTitle": "2 - Adicione à página uma paleta de quatro cores distintas. Verifica se a paleta de cores não contém cores repetidas.",
              "timedOut": null,
              "duration": 5302,
              "state": "failed",
              "speed": null,
              "pass": false,
              "fail": true,
              "pending": false,
              "context": null,
              "code": "cy.get('.color').then(function (colors) {\n  var allColors = Array.from(colors).map(function (color) {\n    return Cypress.$(color).css('background-color');\n  });\n  cy.log(allColors);\n  var uniqColors = (0, _toConsumableArray2[\"default\"])(new Set(allColors));\n  cy.log(uniqColors);\n  expect(allColors.length).to.eq(uniqColors.length);\n});",
              "err": {
                "message": "CypressError: Timed out retrying: Expected to find element: '.color', but never found it.",
                "estack": "CypressError: Timed out retrying: Expected to find element: '.color', but never found it.\n    at cypressErr (http://localhost:46043/__cypress/runner/cypress_runner.js:149934:9)\n    at throwErr (http://localhost:46043/__cypress/runner/cypress_runner.js:149867:11)\n    at Object.throwErrByPath (http://localhost:46043/__cypress/runner/cypress_runner.js:149915:3)\n    at retry (http://localhost:46043/__cypress/runner/cypress_runner.js:144197:19)\n    at onFailFn (http://localhost:46043/__cypress/runner/cypress_runner.js:132448:16)\n    at tryCatcher (http://localhost:46043/__cypress/runner/cypress_runner.js:167415:23)\n    at Promise._settlePromiseFromHandler (http://localhost:46043/__cypress/runner/cypress_runner.js:165351:31)\n    at Promise._settlePromise (http://localhost:46043/__cypress/runner/cypress_runner.js:165408:18)\n    at Promise._settlePromise0 (http://localhost:46043/__cypress/runner/cypress_runner.js:165453:10)\n    at Promise._settlePromises (http://localhost:46043/__cypress/runner/cypress_runner.js:165528:18)\n    at Async../node_modules/bluebird/js/release/async.js.Async._drainQueue (http://localhost:46043/__cypress/runner/cypress_runner.js:162140:16)\n    at Async../node_modules/bluebird/js/release/async.js.Async._drainQueues (http://localhost:46043/__cypress/runner/cypress_runner.js:162150:10)\n    at Async.drainQueues (http://localhost:46043/__cypress/runner/cypress_runner.js:162024:14)",
                "diff": null
              },
              "uuid": "32612d81-9eae-4163-ada6-9c20dcdc8987",
              "parentUUID": "0349df32-7ed1-43d4-a469-34cc71079d29",
              "isHook": false,
              "skipped": false
            }
          ],
          "suites": [],
          "passes": [],
          "failures": [
            "5a6ee79b-3d2f-4ac1-9f79-09536e846ade",
            "0e4d2e53-cb31-4e3b-a593-86c9da4dc702",
            "f1fde725-a1b0-4af2-8e4b-d3f50b848615",
            "9c290497-0677-466e-988c-64e1911b147d",
            "c8190410-e70c-4a69-97c7-1da99a3de841",
            "b9e212e0-b1c7-4f7d-98d6-9d23bbf3a18c",
            "32612d81-9eae-4163-ada6-9c20dcdc8987"
          ],
          "pending": [],
          "skipped": [],
          "duration": 36602,
          "root": false,
          "rootEmpty": false,
          "_timeout": 2000
        },
        {
          "uuid": "f5283389-d1da-4bcb-86c3-8b7e5b52ac0f",
          "title": "3 - Adicione a cor **preta** como a primeira cor da paleta de cores.",
          "fullFile": "",
          "file": "",
          "beforeHooks": [],
          "afterHooks": [],
          "tests": [
            {
              "title": "Verifica se a primeira cor da paleta é preta",
              "fullTitle": "3 - Adicione a cor **preta** como a primeira cor da paleta de cores. Verifica se a primeira cor da paleta é preta",
              "timedOut": null,
              "duration": 5255,
              "state": "failed",
              "speed": null,
              "pass": false,
              "fail": true,
              "pending": false,
              "context": null,
              "code": "cy.get('.color').first().should('have.css', 'background-color', BLACK);",
              "err": {
                "message": "CypressError: Timed out retrying: Expected to find element: '.color', but never found it.",
                "estack": "CypressError: Timed out retrying: Expected to find element: '.color', but never found it.\n    at cypressErr (http://localhost:46043/__cypress/runner/cypress_runner.js:149934:9)\n    at throwErr (http://localhost:46043/__cypress/runner/cypress_runner.js:149867:11)\n    at Object.throwErrByPath (http://localhost:46043/__cypress/runner/cypress_runner.js:149915:3)\n    at retry (http://localhost:46043/__cypress/runner/cypress_runner.js:144197:19)\n    at onFailFn (http://localhost:46043/__cypress/runner/cypress_runner.js:132448:16)\n    at tryCatcher (http://localhost:46043/__cypress/runner/cypress_runner.js:167415:23)\n    at Promise._settlePromiseFromHandler (http://localhost:46043/__cypress/runner/cypress_runner.js:165351:31)\n    at Promise._settlePromise (http://localhost:46043/__cypress/runner/cypress_runner.js:165408:18)\n    at Promise._settlePromise0 (http://localhost:46043/__cypress/runner/cypress_runner.js:165453:10)\n    at Promise._settlePromises (http://localhost:46043/__cypress/runner/cypress_runner.js:165528:18)\n    at Async../node_modules/bluebird/js/release/async.js.Async._drainQueue (http://localhost:46043/__cypress/runner/cypress_runner.js:162140:16)\n    at Async../node_modules/bluebird/js/release/async.js.Async._drainQueues (http://localhost:46043/__cypress/runner/cypress_runner.js:162150:10)\n    at Async.drainQueues (http://localhost:46043/__cypress/runner/cypress_runner.js:162024:14)",
                "diff": null
              },
              "uuid": "c5775e5c-156c-41a7-b927-e5182e678b14",
              "parentUUID": "f5283389-d1da-4bcb-86c3-8b7e5b52ac0f",
              "isHook": false,
              "skipped": false
            },
            {
              "title": "Verifica se as demais cores podem ser escolhidas livremente.",
              "fullTitle": "3 - Adicione a cor **preta** como a primeira cor da paleta de cores. Verifica se as demais cores podem ser escolhidas livremente.",
              "timedOut": null,
              "duration": 5409,
              "state": "failed",
              "speed": null,
              "pass": false,
              "fail": true,
              "pending": false,
              "context": null,
              "code": "cy.get('.color').eq(1).should('not.have.css', 'background-color', BLACK);\ncy.get('.color').eq(1).should('not.have.css', 'background-color', WHITE);\ncy.get('.color').eq(1).should('not.have.css', 'background-color', 'rgba(0, 0, 0, 0)');\ncy.get('.color').eq(1).should('have.css', 'background-color');\ncy.get('.color').eq(2).should('not.have.css', 'background-color', BLACK);\ncy.get('.color').eq(2).should('not.have.css', 'background-color', WHITE);\ncy.get('.color').eq(2).should('not.have.css', 'background-color', 'rgba(0, 0, 0, 0)');\ncy.get('.color').eq(2).should('have.css', 'background-color');\ncy.get('.color').eq(3).should('not.have.css', 'background-color', BLACK);\ncy.get('.color').eq(3).should('not.have.css', 'background-color', WHITE);\ncy.get('.color').eq(3).should('not.have.css', 'background-color', 'rgba(0, 0, 0, 0)');\ncy.get('.color').eq(3).should('have.css', 'background-color');",
              "err": {
                "message": "CypressError: Timed out retrying: Expected to find element: '.color', but never found it.",
                "estack": "CypressError: Timed out retrying: Expected to find element: '.color', but never found it.\n    at cypressErr (http://localhost:46043/__cypress/runner/cypress_runner.js:149934:9)\n    at throwErr (http://localhost:46043/__cypress/runner/cypress_runner.js:149867:11)\n    at Object.throwErrByPath (http://localhost:46043/__cypress/runner/cypress_runner.js:149915:3)\n    at retry (http://localhost:46043/__cypress/runner/cypress_runner.js:144197:19)\n    at onFailFn (http://localhost:46043/__cypress/runner/cypress_runner.js:132448:16)\n    at tryCatcher (http://localhost:46043/__cypress/runner/cypress_runner.js:167415:23)\n    at Promise._settlePromiseFromHandler (http://localhost:46043/__cypress/runner/cypress_runner.js:165351:31)\n    at Promise._settlePromise (http://localhost:46043/__cypress/runner/cypress_runner.js:165408:18)\n    at Promise._settlePromise0 (http://localhost:46043/__cypress/runner/cypress_runner.js:165453:10)\n    at Promise._settlePromises (http://localhost:46043/__cypress/runner/cypress_runner.js:165528:18)\n    at Async../node_modules/bluebird/js/release/async.js.Async._drainQueue (http://localhost:46043/__cypress/runner/cypress_runner.js:162140:16)\n    at Async../node_modules/bluebird/js/release/async.js.Async._drainQueues (http://localhost:46043/__cypress/runner/cypress_runner.js:162150:10)\n    at Async.drainQueues (http://localhost:46043/__cypress/runner/cypress_runner.js:162024:14)",
                "diff": null
              },
              "uuid": "c3bae653-65e4-4c9e-83a6-f9fd629cd1c3",
              "parentUUID": "f5283389-d1da-4bcb-86c3-8b7e5b52ac0f",
              "isHook": false,
              "skipped": false
            }
          ],
          "suites": [],
          "passes": [],
          "failures": [
            "c5775e5c-156c-41a7-b927-e5182e678b14",
            "c3bae653-65e4-4c9e-83a6-f9fd629cd1c3"
          ],
          "pending": [],
          "skipped": [],
          "duration": 10664,
          "root": false,
          "rootEmpty": false,
          "_timeout": 2000
        },
        {
          "uuid": "6c9c4aa1-747b-460e-ba09-9f5a62252f4c",
          "title": "4 - Adicione à página um quadro de pixels, com 25 pixels.",
          "fullFile": "",
          "file": "",
          "beforeHooks": [],
          "afterHooks": [],
          "tests": [
            {
              "title": "Verifica se o quadro de pixels possui o `id` denominado `pixel-board`",
              "fullTitle": "4 - Adicione à página um quadro de pixels, com 25 pixels. Verifica se o quadro de pixels possui o `id` denominado `pixel-board`",
              "timedOut": null,
              "duration": 5190,
              "state": "failed",
              "speed": null,
              "pass": false,
              "fail": true,
              "pending": false,
              "context": null,
              "code": "cy.get('#pixel-board').should('be.visible');",
              "err": {
                "message": "CypressError: Timed out retrying: Expected to find element: '#pixel-board', but never found it.",
                "estack": "CypressError: Timed out retrying: Expected to find element: '#pixel-board', but never found it.\n    at cypressErr (http://localhost:46043/__cypress/runner/cypress_runner.js:149934:9)\n    at throwErr (http://localhost:46043/__cypress/runner/cypress_runner.js:149867:11)\n    at Object.throwErrByPath (http://localhost:46043/__cypress/runner/cypress_runner.js:149915:3)\n    at retry (http://localhost:46043/__cypress/runner/cypress_runner.js:144197:19)\n    at onFailFn (http://localhost:46043/__cypress/runner/cypress_runner.js:132448:16)\n    at tryCatcher (http://localhost:46043/__cypress/runner/cypress_runner.js:167415:23)\n    at Promise._settlePromiseFromHandler (http://localhost:46043/__cypress/runner/cypress_runner.js:165351:31)\n    at Promise._settlePromise (http://localhost:46043/__cypress/runner/cypress_runner.js:165408:18)\n    at Promise._settlePromise0 (http://localhost:46043/__cypress/runner/cypress_runner.js:165453:10)\n    at Promise._settlePromises (http://localhost:46043/__cypress/runner/cypress_runner.js:165528:18)\n    at Async../node_modules/bluebird/js/release/async.js.Async._drainQueue (http://localhost:46043/__cypress/runner/cypress_runner.js:162140:16)\n    at Async../node_modules/bluebird/js/release/async.js.Async._drainQueues (http://localhost:46043/__cypress/runner/cypress_runner.js:162150:10)\n    at Async.drainQueues (http://localhost:46043/__cypress/runner/cypress_runner.js:162024:14)",
                "diff": null
              },
              "uuid": "62442277-4307-4c4d-9685-43bcc5d97e27",
              "parentUUID": "6c9c4aa1-747b-460e-ba09-9f5a62252f4c",
              "isHook": false,
              "skipped": false
            },
            {
              "title": "Verifica se cada pixel individual dentro do quadro possui a `classe` denominada `pixel`.",
              "fullTitle": "4 - Adicione à página um quadro de pixels, com 25 pixels. Verifica se cada pixel individual dentro do quadro possui a `classe` denominada `pixel`.",
              "timedOut": null,
              "duration": 5233,
              "state": "failed",
              "speed": null,
              "pass": false,
              "fail": true,
              "pending": false,
              "context": null,
              "code": "cy.get('.pixel').should('have.length', 25);",
              "err": {
                "message": "CypressError: Timed out retrying: Expected to find element: '.pixel', but never found it.",
                "estack": "CypressError: Timed out retrying: Expected to find element: '.pixel', but never found it.\n    at cypressErr (http://localhost:46043/__cypress/runner/cypress_runner.js:149934:9)\n    at throwErr (http://localhost:46043/__cypress/runner/cypress_runner.js:149867:11)\n    at Object.throwErrByPath (http://localhost:46043/__cypress/runner/cypress_runner.js:149915:3)\n    at retry (http://localhost:46043/__cypress/runner/cypress_runner.js:144197:19)\n    at onFailFn (http://localhost:46043/__cypress/runner/cypress_runner.js:132448:16)\n    at tryCatcher (http://localhost:46043/__cypress/runner/cypress_runner.js:167415:23)\n    at Promise._settlePromiseFromHandler (http://localhost:46043/__cypress/runner/cypress_runner.js:165351:31)\n    at Promise._settlePromise (http://localhost:46043/__cypress/runner/cypress_runner.js:165408:18)\n    at Promise._settlePromise0 (http://localhost:46043/__cypress/runner/cypress_runner.js:165453:10)\n    at Promise._settlePromises (http://localhost:46043/__cypress/runner/cypress_runner.js:165528:18)\n    at Async../node_modules/bluebird/js/release/async.js.Async._drainQueue (http://localhost:46043/__cypress/runner/cypress_runner.js:162140:16)\n    at Async../node_modules/bluebird/js/release/async.js.Async._drainQueues (http://localhost:46043/__cypress/runner/cypress_runner.js:162150:10)\n    at Async.drainQueues (http://localhost:46043/__cypress/runner/cypress_runner.js:162024:14)",
                "diff": null
              },
              "uuid": "2e6e2d1e-6b45-4ad5-a2b2-c506234060f3",
              "parentUUID": "6c9c4aa1-747b-460e-ba09-9f5a62252f4c",
              "isHook": false,
              "skipped": false
            },
            {
              "title": "Verifica se a cor inicial dos pixels dentro do quadro, ao abrir a página, é branca.",
              "fullTitle": "4 - Adicione à página um quadro de pixels, com 25 pixels. Verifica se a cor inicial dos pixels dentro do quadro, ao abrir a página, é branca.",
              "timedOut": null,
              "duration": 6274,
              "state": "failed",
              "speed": null,
              "pass": false,
              "fail": true,
              "pending": false,
              "context": null,
              "code": "cy.get('.pixel').should('have.length', 25).each(function (pixel) {\n  expect(pixel).to.have.css('background-color', WHITE);\n});",
              "err": {
                "message": "CypressError: Timed out retrying: Expected to find element: '.pixel', but never found it.",
                "estack": "CypressError: Timed out retrying: Expected to find element: '.pixel', but never found it.\n    at cypressErr (http://localhost:46043/__cypress/runner/cypress_runner.js:149934:9)\n    at throwErr (http://localhost:46043/__cypress/runner/cypress_runner.js:149867:11)\n    at Object.throwErrByPath (http://localhost:46043/__cypress/runner/cypress_runner.js:149915:3)\n    at retry (http://localhost:46043/__cypress/runner/cypress_runner.js:144197:19)\n    at onFailFn (http://localhost:46043/__cypress/runner/cypress_runner.js:132448:16)\n    at tryCatcher (http://localhost:46043/__cypress/runner/cypress_runner.js:167415:23)\n    at Promise._settlePromiseFromHandler (http://localhost:46043/__cypress/runner/cypress_runner.js:165351:31)\n    at Promise._settlePromise (http://localhost:46043/__cypress/runner/cypress_runner.js:165408:18)\n    at Promise._settlePromise0 (http://localhost:46043/__cypress/runner/cypress_runner.js:165453:10)\n    at Promise._settlePromises (http://localhost:46043/__cypress/runner/cypress_runner.js:165528:18)\n    at Async../node_modules/bluebird/js/release/async.js.Async._drainQueue (http://localhost:46043/__cypress/runner/cypress_runner.js:162140:16)\n    at Async../node_modules/bluebird/js/release/async.js.Async._drainQueues (http://localhost:46043/__cypress/runner/cypress_runner.js:162150:10)\n    at Async.drainQueues (http://localhost:46043/__cypress/runner/cypress_runner.js:162024:14)",
                "diff": null
              },
              "uuid": "dd4d6ff2-7838-4253-b7aa-10910d1347e3",
              "parentUUID": "6c9c4aa1-747b-460e-ba09-9f5a62252f4c",
              "isHook": false,
              "skipped": false
            },
            {
              "title": "Verifica se o quadro de pixels aparece abaixo da paleta de cores",
              "fullTitle": "4 - Adicione à página um quadro de pixels, com 25 pixels. Verifica se o quadro de pixels aparece abaixo da paleta de cores",
              "timedOut": null,
              "duration": 5448,
              "state": "failed",
              "speed": null,
              "pass": false,
              "fail": true,
              "pending": false,
              "context": null,
              "code": "cy.get('#color-palette').then(function (palette) {\n  cy.get('#pixel-board').should('be.belowOf', palette);\n});",
              "err": {
                "message": "CypressError: Timed out retrying: Expected to find element: '#color-palette', but never found it.",
                "estack": "CypressError: Timed out retrying: Expected to find element: '#color-palette', but never found it.\n    at cypressErr (http://localhost:46043/__cypress/runner/cypress_runner.js:149934:9)\n    at throwErr (http://localhost:46043/__cypress/runner/cypress_runner.js:149867:11)\n    at Object.throwErrByPath (http://localhost:46043/__cypress/runner/cypress_runner.js:149915:3)\n    at retry (http://localhost:46043/__cypress/runner/cypress_runner.js:144197:19)\n    at onFailFn (http://localhost:46043/__cypress/runner/cypress_runner.js:132448:16)\n    at tryCatcher (http://localhost:46043/__cypress/runner/cypress_runner.js:167415:23)\n    at Promise._settlePromiseFromHandler (http://localhost:46043/__cypress/runner/cypress_runner.js:165351:31)\n    at Promise._settlePromise (http://localhost:46043/__cypress/runner/cypress_runner.js:165408:18)\n    at Promise._settlePromise0 (http://localhost:46043/__cypress/runner/cypress_runner.js:165453:10)\n    at Promise._settlePromises (http://localhost:46043/__cypress/runner/cypress_runner.js:165528:18)\n    at Async../node_modules/bluebird/js/release/async.js.Async._drainQueue (http://localhost:46043/__cypress/runner/cypress_runner.js:162140:16)\n    at Async../node_modules/bluebird/js/release/async.js.Async._drainQueues (http://localhost:46043/__cypress/runner/cypress_runner.js:162150:10)\n    at Async.drainQueues (http://localhost:46043/__cypress/runner/cypress_runner.js:162024:14)",
                "diff": null
              },
              "uuid": "375f90df-dcb8-4edf-8508-0f3149691271",
              "parentUUID": "6c9c4aa1-747b-460e-ba09-9f5a62252f4c",
              "isHook": false,
              "skipped": false
            }
          ],
          "suites": [],
          "passes": [],
          "failures": [
            "62442277-4307-4c4d-9685-43bcc5d97e27",
            "2e6e2d1e-6b45-4ad5-a2b2-c506234060f3",
            "dd4d6ff2-7838-4253-b7aa-10910d1347e3",
            "375f90df-dcb8-4edf-8508-0f3149691271"
          ],
          "pending": [],
          "skipped": [],
          "duration": 22145,
          "root": false,
          "rootEmpty": false,
          "_timeout": 2000
        },
        {
          "uuid": "48d22046-60ce-4a52-ac8c-5282bf245efb",
          "title": "5 - Faça com que cada elemento do quadro de pixels possua 40 pixels de largura, 40 pixels de altura e seja delimitado por uma borda preta de 1 pixel.",
          "fullFile": "",
          "file": "",
          "beforeHooks": [],
          "afterHooks": [],
          "tests": [
            {
              "title": "Verifica se o quadro de pixels tem altura e comprimento de 5 elementos",
              "fullTitle": "5 - Faça com que cada elemento do quadro de pixels possua 40 pixels de largura, 40 pixels de altura e seja delimitado por uma borda preta de 1 pixel. Verifica se o quadro de pixels tem altura e comprimento de 5 elementos",
              "timedOut": null,
              "duration": 5249,
              "state": "failed",
              "speed": null,
              "pass": false,
              "fail": true,
              "pending": false,
              "context": null,
              "code": "cy.get('.pixel').should('have.length', 25).each(function (pixel) {\n  expect(pixel).to.have.css('background-color', WHITE);\n}).and(function (pixels) {\n  var rows = chunk(pixels, 5);\n  rows.forEach(function (row) {\n    for (var index = 1; index < row.length; index += 1) {\n      var current = pixels[index];\n      var previous = pixels[index - 1];\n      cy.wrap(current).should('be.onTheRightOf', previous).and('be.horizontallyAlignedWith', previous);\n    }\n  });\n  for (var index = 1; index < 5; index += 1) {\n    expect(pixels[index * 5]).to.be.belowOf(pixels[(index - 1) * 5]);\n  }\n});",
              "err": {
                "message": "CypressError: Timed out retrying: Expected to find element: '.pixel', but never found it.",
                "estack": "CypressError: Timed out retrying: Expected to find element: '.pixel', but never found it.\n    at cypressErr (http://localhost:46043/__cypress/runner/cypress_runner.js:149934:9)\n    at throwErr (http://localhost:46043/__cypress/runner/cypress_runner.js:149867:11)\n    at Object.throwErrByPath (http://localhost:46043/__cypress/runner/cypress_runner.js:149915:3)\n    at retry (http://localhost:46043/__cypress/runner/cypress_runner.js:144197:19)\n    at onFailFn (http://localhost:46043/__cypress/runner/cypress_runner.js:132448:16)\n    at tryCatcher (http://localhost:46043/__cypress/runner/cypress_runner.js:167415:23)\n    at Promise._settlePromiseFromHandler (http://localhost:46043/__cypress/runner/cypress_runner.js:165351:31)\n    at Promise._settlePromise (http://localhost:46043/__cypress/runner/cypress_runner.js:165408:18)\n    at Promise._settlePromise0 (http://localhost:46043/__cypress/runner/cypress_runner.js:165453:10)\n    at Promise._settlePromises (http://localhost:46043/__cypress/runner/cypress_runner.js:165528:18)\n    at Async../node_modules/bluebird/js/release/async.js.Async._drainQueue (http://localhost:46043/__cypress/runner/cypress_runner.js:162140:16)\n    at Async../node_modules/bluebird/js/release/async.js.Async._drainQueues (http://localhost:46043/__cypress/runner/cypress_runner.js:162150:10)\n    at Async.drainQueues (http://localhost:46043/__cypress/runner/cypress_runner.js:162024:14)",
                "diff": null
              },
              "uuid": "55b0e632-020e-4153-8fe8-252390cbd87b",
              "parentUUID": "48d22046-60ce-4a52-ac8c-5282bf245efb",
              "isHook": false,
              "skipped": false
            },
            {
              "title": "Verifica se 40 pixels é o tamanho total do elemento, incluindo seu conteúdo e excluindo a borda preta, que deve ser criada à parte.",
              "fullTitle": "5 - Faça com que cada elemento do quadro de pixels possua 40 pixels de largura, 40 pixels de altura e seja delimitado por uma borda preta de 1 pixel. Verifica se 40 pixels é o tamanho total do elemento, incluindo seu conteúdo e excluindo a borda preta, que deve ser criada à parte.",
              "timedOut": null,
              "duration": 5450,
              "state": "failed",
              "speed": null,
              "pass": false,
              "fail": true,
              "pending": false,
              "context": null,
              "code": "cy.get('.pixel').each(function (pixel) {\n  cy.wrap(pixel).should('have.css', 'height', '40px').and('have.css', 'width', '40px').and('have.css', 'border', \"1px solid \".concat(BLACK));\n});",
              "err": {
                "message": "CypressError: Timed out retrying: Expected to find element: '.pixel', but never found it.",
                "estack": "CypressError: Timed out retrying: Expected to find element: '.pixel', but never found it.\n    at cypressErr (http://localhost:46043/__cypress/runner/cypress_runner.js:149934:9)\n    at throwErr (http://localhost:46043/__cypress/runner/cypress_runner.js:149867:11)\n    at Object.throwErrByPath (http://localhost:46043/__cypress/runner/cypress_runner.js:149915:3)\n    at retry (http://localhost:46043/__cypress/runner/cypress_runner.js:144197:19)\n    at onFailFn (http://localhost:46043/__cypress/runner/cypress_runner.js:132448:16)\n    at tryCatcher (http://localhost:46043/__cypress/runner/cypress_runner.js:167415:23)\n    at Promise._settlePromiseFromHandler (http://localhost:46043/__cypress/runner/cypress_runner.js:165351:31)\n    at Promise._settlePromise (http://localhost:46043/__cypress/runner/cypress_runner.js:165408:18)\n    at Promise._settlePromise0 (http://localhost:46043/__cypress/runner/cypress_runner.js:165453:10)\n    at Promise._settlePromises (http://localhost:46043/__cypress/runner/cypress_runner.js:165528:18)\n    at Async../node_modules/bluebird/js/release/async.js.Async._drainQueue (http://localhost:46043/__cypress/runner/cypress_runner.js:162140:16)\n    at Async../node_modules/bluebird/js/release/async.js.Async._drainQueues (http://localhost:46043/__cypress/runner/cypress_runner.js:162150:10)\n    at Async.drainQueues (http://localhost:46043/__cypress/runner/cypress_runner.js:162024:14)",
                "diff": null
              },
              "uuid": "4524b2d8-09e3-43f8-a4af-b28406508ea0",
              "parentUUID": "48d22046-60ce-4a52-ac8c-5282bf245efb",
              "isHook": false,
              "skipped": false
            }
          ],
          "suites": [],
          "passes": [],
          "failures": [
            "55b0e632-020e-4153-8fe8-252390cbd87b",
            "4524b2d8-09e3-43f8-a4af-b28406508ea0"
          ],
          "pending": [],
          "skipped": [],
          "duration": 10699,
          "root": false,
          "rootEmpty": false,
          "_timeout": 2000
        },
        {
          "uuid": "de545769-eae7-4ff9-aad0-67ec95345a90",
          "title": "6 - Defina a cor preta como cor inicial. Ao carregar a página a cor preta já deve estar selecionada para pintar os pixels",
          "fullFile": "",
          "file": "",
          "beforeHooks": [],
          "afterHooks": [],
          "tests": [
            {
              "title": "Verifica se o elemento da cor preta possui, inicialmente, a `classe` `selected`",
              "fullTitle": "6 - Defina a cor preta como cor inicial. Ao carregar a página a cor preta já deve estar selecionada para pintar os pixels Verifica se o elemento da cor preta possui, inicialmente, a `classe` `selected`",
              "timedOut": null,
              "duration": 6201,
              "state": "failed",
              "speed": null,
              "pass": false,
              "fail": true,
              "pending": false,
              "context": null,
              "code": "cy.get('.selected').first().should('have.css', 'background-color', BLACK);",
              "err": {
                "message": "CypressError: Timed out retrying: Expected to find element: '.selected', but never found it.",
                "estack": "CypressError: Timed out retrying: Expected to find element: '.selected', but never found it.\n    at cypressErr (http://localhost:46043/__cypress/runner/cypress_runner.js:149934:9)\n    at throwErr (http://localhost:46043/__cypress/runner/cypress_runner.js:149867:11)\n    at Object.throwErrByPath (http://localhost:46043/__cypress/runner/cypress_runner.js:149915:3)\n    at retry (http://localhost:46043/__cypress/runner/cypress_runner.js:144197:19)\n    at onFailFn (http://localhost:46043/__cypress/runner/cypress_runner.js:132448:16)\n    at tryCatcher (http://localhost:46043/__cypress/runner/cypress_runner.js:167415:23)\n    at Promise._settlePromiseFromHandler (http://localhost:46043/__cypress/runner/cypress_runner.js:165351:31)\n    at Promise._settlePromise (http://localhost:46043/__cypress/runner/cypress_runner.js:165408:18)\n    at Promise._settlePromise0 (http://localhost:46043/__cypress/runner/cypress_runner.js:165453:10)\n    at Promise._settlePromises (http://localhost:46043/__cypress/runner/cypress_runner.js:165528:18)\n    at Async../node_modules/bluebird/js/release/async.js.Async._drainQueue (http://localhost:46043/__cypress/runner/cypress_runner.js:162140:16)\n    at Async../node_modules/bluebird/js/release/async.js.Async._drainQueues (http://localhost:46043/__cypress/runner/cypress_runner.js:162150:10)\n    at Async.drainQueues (http://localhost:46043/__cypress/runner/cypress_runner.js:162024:14)",
                "diff": null
              },
              "uuid": "26ee5317-26ef-4cc4-9faf-3d37806531fb",
              "parentUUID": "de545769-eae7-4ff9-aad0-67ec95345a90",
              "isHook": false,
              "skipped": false
            },
            {
              "title": "Verifica se nenhuma outra cor da paleta tem a `classe` `selected`",
              "fullTitle": "6 - Defina a cor preta como cor inicial. Ao carregar a página a cor preta já deve estar selecionada para pintar os pixels Verifica se nenhuma outra cor da paleta tem a `classe` `selected`",
              "timedOut": null,
              "duration": 5208,
              "state": "failed",
              "speed": null,
              "pass": false,
              "fail": true,
              "pending": false,
              "context": null,
              "code": "cy.get('.color:not(:first-child)').each(function (color) {\n  cy.wrap(color).should('not.have.class', 'selected');\n});",
              "err": {
                "message": "CypressError: Timed out retrying: Expected to find element: '.color:not(:first-child)', but never found it.",
                "estack": "CypressError: Timed out retrying: Expected to find element: '.color:not(:first-child)', but never found it.\n    at cypressErr (http://localhost:46043/__cypress/runner/cypress_runner.js:149934:9)\n    at throwErr (http://localhost:46043/__cypress/runner/cypress_runner.js:149867:11)\n    at Object.throwErrByPath (http://localhost:46043/__cypress/runner/cypress_runner.js:149915:3)\n    at retry (http://localhost:46043/__cypress/runner/cypress_runner.js:144197:19)\n    at onFailFn (http://localhost:46043/__cypress/runner/cypress_runner.js:132448:16)\n    at tryCatcher (http://localhost:46043/__cypress/runner/cypress_runner.js:167415:23)\n    at Promise._settlePromiseFromHandler (http://localhost:46043/__cypress/runner/cypress_runner.js:165351:31)\n    at Promise._settlePromise (http://localhost:46043/__cypress/runner/cypress_runner.js:165408:18)\n    at Promise._settlePromise0 (http://localhost:46043/__cypress/runner/cypress_runner.js:165453:10)\n    at Promise._settlePromises (http://localhost:46043/__cypress/runner/cypress_runner.js:165528:18)\n    at Async../node_modules/bluebird/js/release/async.js.Async._drainQueue (http://localhost:46043/__cypress/runner/cypress_runner.js:162140:16)\n    at Async../node_modules/bluebird/js/release/async.js.Async._drainQueues (http://localhost:46043/__cypress/runner/cypress_runner.js:162150:10)\n    at Async.drainQueues (http://localhost:46043/__cypress/runner/cypress_runner.js:162024:14)",
                "diff": null
              },
              "uuid": "b5c2a65b-9343-4925-836a-87903b15f868",
              "parentUUID": "de545769-eae7-4ff9-aad0-67ec95345a90",
              "isHook": false,
              "skipped": false
            }
          ],
          "suites": [],
          "passes": [],
          "failures": [
            "26ee5317-26ef-4cc4-9faf-3d37806531fb",
            "b5c2a65b-9343-4925-836a-87903b15f868"
          ],
          "pending": [],
          "skipped": [],
          "duration": 11409,
          "root": false,
          "rootEmpty": false,
          "_timeout": 2000
        },
        {
          "uuid": "9d1ea294-6ea7-4f9c-804b-1b978851e1f2",
          "title": "7 - Clicar em uma das cores da paleta, faz com que ela seja selecionada e utilizada para preencher os pixels no quadro.",
          "fullFile": "",
          "file": "",
          "beforeHooks": [],
          "afterHooks": [],
          "tests": [
            {
              "title": "Verifica se somente uma cor da paleta de cores tem a classe `selected` de cada vez",
              "fullTitle": "7 - Clicar em uma das cores da paleta, faz com que ela seja selecionada e utilizada para preencher os pixels no quadro. Verifica se somente uma cor da paleta de cores tem a classe `selected` de cada vez",
              "timedOut": null,
              "duration": 5209,
              "state": "failed",
              "speed": null,
              "pass": false,
              "fail": true,
              "pending": false,
              "context": null,
              "code": "cy.get('.color').each(function (selectedColor, selectedColorIndex) {\n  cy.wrap(selectedColor).click();\n  cy.get('.color').each(function (color, colorIndex) {\n    if (colorIndex === selectedColorIndex) {\n      expect(color).to.have[\"class\"]('selected');\n    } else {\n      expect(color).not.to.have[\"class\"]('selected');\n    }\n  });\n});",
              "err": {
                "message": "CypressError: Timed out retrying: Expected to find element: '.color', but never found it.",
                "estack": "CypressError: Timed out retrying: Expected to find element: '.color', but never found it.\n    at cypressErr (http://localhost:46043/__cypress/runner/cypress_runner.js:149934:9)\n    at throwErr (http://localhost:46043/__cypress/runner/cypress_runner.js:149867:11)\n    at Object.throwErrByPath (http://localhost:46043/__cypress/runner/cypress_runner.js:149915:3)\n    at retry (http://localhost:46043/__cypress/runner/cypress_runner.js:144197:19)\n    at onFailFn (http://localhost:46043/__cypress/runner/cypress_runner.js:132448:16)\n    at tryCatcher (http://localhost:46043/__cypress/runner/cypress_runner.js:167415:23)\n    at Promise._settlePromiseFromHandler (http://localhost:46043/__cypress/runner/cypress_runner.js:165351:31)\n    at Promise._settlePromise (http://localhost:46043/__cypress/runner/cypress_runner.js:165408:18)\n    at Promise._settlePromise0 (http://localhost:46043/__cypress/runner/cypress_runner.js:165453:10)\n    at Promise._settlePromises (http://localhost:46043/__cypress/runner/cypress_runner.js:165528:18)\n    at Async../node_modules/bluebird/js/release/async.js.Async._drainQueue (http://localhost:46043/__cypress/runner/cypress_runner.js:162140:16)\n    at Async../node_modules/bluebird/js/release/async.js.Async._drainQueues (http://localhost:46043/__cypress/runner/cypress_runner.js:162150:10)\n    at Async.drainQueues (http://localhost:46043/__cypress/runner/cypress_runner.js:162024:14)",
                "diff": null
              },
              "uuid": "94e9721a-c883-4553-afcc-71efd6be186b",
              "parentUUID": "9d1ea294-6ea7-4f9c-804b-1b978851e1f2",
              "isHook": false,
              "skipped": false
            },
            {
              "title": "Verifica se os pixels dentro do quadro não têm a classe `selected` quando são clicados",
              "fullTitle": "7 - Clicar em uma das cores da paleta, faz com que ela seja selecionada e utilizada para preencher os pixels no quadro. Verifica se os pixels dentro do quadro não têm a classe `selected` quando são clicados",
              "timedOut": null,
              "duration": 5344,
              "state": "failed",
              "speed": null,
              "pass": false,
              "fail": true,
              "pending": false,
              "context": null,
              "code": "cy.get('.color').each(function (color) {\n  var backgroundColor = color.css('background-color');\n  cy.wrap(color).click();\n  cy.get('.pixel').each(function (pixel) {\n    cy.wrap(pixel).click().should('not.have.class', 'selected');\n  });\n});",
              "err": {
                "message": "CypressError: Timed out retrying: Expected to find element: '.color', but never found it.",
                "estack": "CypressError: Timed out retrying: Expected to find element: '.color', but never found it.\n    at cypressErr (http://localhost:46043/__cypress/runner/cypress_runner.js:149934:9)\n    at throwErr (http://localhost:46043/__cypress/runner/cypress_runner.js:149867:11)\n    at Object.throwErrByPath (http://localhost:46043/__cypress/runner/cypress_runner.js:149915:3)\n    at retry (http://localhost:46043/__cypress/runner/cypress_runner.js:144197:19)\n    at onFailFn (http://localhost:46043/__cypress/runner/cypress_runner.js:132448:16)\n    at tryCatcher (http://localhost:46043/__cypress/runner/cypress_runner.js:167415:23)\n    at Promise._settlePromiseFromHandler (http://localhost:46043/__cypress/runner/cypress_runner.js:165351:31)\n    at Promise._settlePromise (http://localhost:46043/__cypress/runner/cypress_runner.js:165408:18)\n    at Promise._settlePromise0 (http://localhost:46043/__cypress/runner/cypress_runner.js:165453:10)\n    at Promise._settlePromises (http://localhost:46043/__cypress/runner/cypress_runner.js:165528:18)\n    at Async../node_modules/bluebird/js/release/async.js.Async._drainQueue (http://localhost:46043/__cypress/runner/cypress_runner.js:162140:16)\n    at Async../node_modules/bluebird/js/release/async.js.Async._drainQueues (http://localhost:46043/__cypress/runner/cypress_runner.js:162150:10)\n    at Async.drainQueues (http://localhost:46043/__cypress/runner/cypress_runner.js:162024:14)",
                "diff": null
              },
              "uuid": "aa352bb3-10f3-4b81-a4d7-8e5ea571615c",
              "parentUUID": "9d1ea294-6ea7-4f9c-804b-1b978851e1f2",
              "isHook": false,
              "skipped": false
            }
          ],
          "suites": [],
          "passes": [],
          "failures": [
            "94e9721a-c883-4553-afcc-71efd6be186b",
            "aa352bb3-10f3-4b81-a4d7-8e5ea571615c"
          ],
          "pending": [],
          "skipped": [],
          "duration": 10553,
          "root": false,
          "rootEmpty": false,
          "_timeout": 2000
        },
        {
          "uuid": "a97b545c-a48c-4c6b-88e5-d28a97299390",
          "title": "8 - Clicar em um pixel dentro do quadro após selecionar uma cor na paleta, faz com que o pixel seja preenchido com a cor selecionada.",
          "fullFile": "",
          "file": "",
          "beforeHooks": [],
          "afterHooks": [],
          "tests": [
            {
              "title": "Verifica se ao carregar a página deve ser possível pintar os pixels de preto",
              "fullTitle": "8 - Clicar em um pixel dentro do quadro após selecionar uma cor na paleta, faz com que o pixel seja preenchido com a cor selecionada. Verifica se ao carregar a página deve ser possível pintar os pixels de preto",
              "timedOut": null,
              "duration": 5511,
              "state": "failed",
              "speed": null,
              "pass": false,
              "fail": true,
              "pending": false,
              "context": null,
              "code": "cy.get('.pixel').each(function (pixel) {\n  cy.wrap(pixel).click().should('have.css', 'background-color', BLACK);\n});",
              "err": {
                "message": "CypressError: Timed out retrying: Expected to find element: '.pixel', but never found it.",
                "estack": "CypressError: Timed out retrying: Expected to find element: '.pixel', but never found it.\n    at cypressErr (http://localhost:46043/__cypress/runner/cypress_runner.js:149934:9)\n    at throwErr (http://localhost:46043/__cypress/runner/cypress_runner.js:149867:11)\n    at Object.throwErrByPath (http://localhost:46043/__cypress/runner/cypress_runner.js:149915:3)\n    at retry (http://localhost:46043/__cypress/runner/cypress_runner.js:144197:19)\n    at onFailFn (http://localhost:46043/__cypress/runner/cypress_runner.js:132448:16)\n    at tryCatcher (http://localhost:46043/__cypress/runner/cypress_runner.js:167415:23)\n    at Promise._settlePromiseFromHandler (http://localhost:46043/__cypress/runner/cypress_runner.js:165351:31)\n    at Promise._settlePromise (http://localhost:46043/__cypress/runner/cypress_runner.js:165408:18)\n    at Promise._settlePromise0 (http://localhost:46043/__cypress/runner/cypress_runner.js:165453:10)\n    at Promise._settlePromises (http://localhost:46043/__cypress/runner/cypress_runner.js:165528:18)\n    at Async../node_modules/bluebird/js/release/async.js.Async._drainQueue (http://localhost:46043/__cypress/runner/cypress_runner.js:162140:16)\n    at Async../node_modules/bluebird/js/release/async.js.Async._drainQueues (http://localhost:46043/__cypress/runner/cypress_runner.js:162150:10)\n    at Async.drainQueues (http://localhost:46043/__cypress/runner/cypress_runner.js:162024:14)",
                "diff": null
              },
              "uuid": "e69e3793-1ad6-4b0f-ab64-13d5cdf48a40",
              "parentUUID": "a97b545c-a48c-4c6b-88e5-d28a97299390",
              "isHook": false,
              "skipped": false
            },
            {
              "title": "Verifica se após selecionar uma outra cor na paleta, é possível pintar os pixels com essa cor",
              "fullTitle": "8 - Clicar em um pixel dentro do quadro após selecionar uma cor na paleta, faz com que o pixel seja preenchido com a cor selecionada. Verifica se após selecionar uma outra cor na paleta, é possível pintar os pixels com essa cor",
              "timedOut": null,
              "duration": 5305,
              "state": "failed",
              "speed": null,
              "pass": false,
              "fail": true,
              "pending": false,
              "context": null,
              "code": "cy.get('.color').each(function (color) {\n  var backgroundColor = color.css('background-color');\n  cy.wrap(color).click();\n  cy.get('.pixel').each(function (pixel) {\n    cy.wrap(pixel).click().should('have.css', 'background-color', backgroundColor);\n  });\n});",
              "err": {
                "message": "CypressError: Timed out retrying: Expected to find element: '.color', but never found it.",
                "estack": "CypressError: Timed out retrying: Expected to find element: '.color', but never found it.\n    at cypressErr (http://localhost:46043/__cypress/runner/cypress_runner.js:149934:9)\n    at throwErr (http://localhost:46043/__cypress/runner/cypress_runner.js:149867:11)\n    at Object.throwErrByPath (http://localhost:46043/__cypress/runner/cypress_runner.js:149915:3)\n    at retry (http://localhost:46043/__cypress/runner/cypress_runner.js:144197:19)\n    at onFailFn (http://localhost:46043/__cypress/runner/cypress_runner.js:132448:16)\n    at tryCatcher (http://localhost:46043/__cypress/runner/cypress_runner.js:167415:23)\n    at Promise._settlePromiseFromHandler (http://localhost:46043/__cypress/runner/cypress_runner.js:165351:31)\n    at Promise._settlePromise (http://localhost:46043/__cypress/runner/cypress_runner.js:165408:18)\n    at Promise._settlePromise0 (http://localhost:46043/__cypress/runner/cypress_runner.js:165453:10)\n    at Promise._settlePromises (http://localhost:46043/__cypress/runner/cypress_runner.js:165528:18)\n    at Async../node_modules/bluebird/js/release/async.js.Async._drainQueue (http://localhost:46043/__cypress/runner/cypress_runner.js:162140:16)\n    at Async../node_modules/bluebird/js/release/async.js.Async._drainQueues (http://localhost:46043/__cypress/runner/cypress_runner.js:162150:10)\n    at Async.drainQueues (http://localhost:46043/__cypress/runner/cypress_runner.js:162024:14)",
                "diff": null
              },
              "uuid": "a7d6fdcb-dcad-4821-be35-14993d8809c7",
              "parentUUID": "a97b545c-a48c-4c6b-88e5-d28a97299390",
              "isHook": false,
              "skipped": false
            },
            {
              "title": "Verifica se somente o pixel que foi clicado foi preenchido com a cor selecionada, sem influenciar na cor dos demais pixels.",
              "fullTitle": "8 - Clicar em um pixel dentro do quadro após selecionar uma cor na paleta, faz com que o pixel seja preenchido com a cor selecionada. Verifica se somente o pixel que foi clicado foi preenchido com a cor selecionada, sem influenciar na cor dos demais pixels.",
              "timedOut": null,
              "duration": 5435,
              "state": "failed",
              "speed": null,
              "pass": false,
              "fail": true,
              "pending": false,
              "context": null,
              "code": "var colorToPixelIndexMap = {\n  0: 6,\n  1: 8,\n  2: 16,\n  3: 18\n};\ncy.get('.color').each(function (color, index) {\n  cy.wrap(color).click();\n  var backgroundColor = color.css('background-color');\n  var clickedPixelIndex = colorToPixelIndexMap[index];\n  cy.get('.pixel').eq(clickedPixelIndex).click();\n  cy.get('.pixel').eq(clickedPixelIndex - 1).should('not.have.css', 'background-color', backgroundColor);\n  cy.get('.pixel').eq(clickedPixelIndex + 1).should('not.have.css', 'background-color', backgroundColor);\n  cy.get('.pixel').eq(clickedPixelIndex - 5).should('not.have.css', 'background-color', backgroundColor);\n  cy.get('.pixel').eq(clickedPixelIndex + 5).should('not.have.css', 'background-color', backgroundColor);\n  cy.get('.pixel').eq(clickedPixelIndex - 6).should('not.have.css', 'background-color', backgroundColor);\n  cy.get('.pixel').eq(clickedPixelIndex - 4).should('not.have.css', 'background-color', backgroundColor);\n  cy.get('.pixel').eq(clickedPixelIndex + 4).should('not.have.css', 'background-color', backgroundColor);\n  cy.get('.pixel').eq(clickedPixelIndex + 6).should('not.have.css', 'background-color', backgroundColor);\n});",
              "err": {
                "message": "CypressError: Timed out retrying: Expected to find element: '.color', but never found it.",
                "estack": "CypressError: Timed out retrying: Expected to find element: '.color', but never found it.\n    at cypressErr (http://localhost:46043/__cypress/runner/cypress_runner.js:149934:9)\n    at throwErr (http://localhost:46043/__cypress/runner/cypress_runner.js:149867:11)\n    at Object.throwErrByPath (http://localhost:46043/__cypress/runner/cypress_runner.js:149915:3)\n    at retry (http://localhost:46043/__cypress/runner/cypress_runner.js:144197:19)\n    at onFailFn (http://localhost:46043/__cypress/runner/cypress_runner.js:132448:16)\n    at tryCatcher (http://localhost:46043/__cypress/runner/cypress_runner.js:167415:23)\n    at Promise._settlePromiseFromHandler (http://localhost:46043/__cypress/runner/cypress_runner.js:165351:31)\n    at Promise._settlePromise (http://localhost:46043/__cypress/runner/cypress_runner.js:165408:18)\n    at Promise._settlePromise0 (http://localhost:46043/__cypress/runner/cypress_runner.js:165453:10)\n    at Promise._settlePromises (http://localhost:46043/__cypress/runner/cypress_runner.js:165528:18)\n    at Async../node_modules/bluebird/js/release/async.js.Async._drainQueue (http://localhost:46043/__cypress/runner/cypress_runner.js:162140:16)\n    at Async../node_modules/bluebird/js/release/async.js.Async._drainQueues (http://localhost:46043/__cypress/runner/cypress_runner.js:162150:10)\n    at Async.drainQueues (http://localhost:46043/__cypress/runner/cypress_runner.js:162024:14)",
                "diff": null
              },
              "uuid": "27550ddb-039b-4b92-81d9-b1292e9db388",
              "parentUUID": "a97b545c-a48c-4c6b-88e5-d28a97299390",
              "isHook": false,
              "skipped": false
            }
          ],
          "suites": [],
          "passes": [],
          "failures": [
            "e69e3793-1ad6-4b0f-ab64-13d5cdf48a40",
            "a7d6fdcb-dcad-4821-be35-14993d8809c7",
            "27550ddb-039b-4b92-81d9-b1292e9db388"
          ],
          "pending": [],
          "skipped": [],
          "duration": 16251,
          "root": false,
          "rootEmpty": false,
          "_timeout": 2000
        },
        {
          "uuid": "7fa248bc-78a3-47a4-8cfd-0c84dcbbf794",
          "title": "9 - Crie um botão que, ao ser clicado, limpa o quadro preenchendo a cor de todos seus pixels com branco.",
          "fullFile": "",
          "file": "",
          "beforeHooks": [],
          "afterHooks": [],
          "tests": [
            {
              "title": "Verifica se o botão tem o `id` denominado `clear-board`",
              "fullTitle": "9 - Crie um botão que, ao ser clicado, limpa o quadro preenchendo a cor de todos seus pixels com branco. Verifica se o botão tem o `id` denominado `clear-board`",
              "timedOut": null,
              "duration": 5630,
              "state": "failed",
              "speed": null,
              "pass": false,
              "fail": true,
              "pending": false,
              "context": null,
              "code": "cy.get('#clear-board').should('be.visible');",
              "err": {
                "message": "CypressError: Timed out retrying: Expected to find element: '#clear-board', but never found it.",
                "estack": "CypressError: Timed out retrying: Expected to find element: '#clear-board', but never found it.\n    at cypressErr (http://localhost:46043/__cypress/runner/cypress_runner.js:149934:9)\n    at throwErr (http://localhost:46043/__cypress/runner/cypress_runner.js:149867:11)\n    at Object.throwErrByPath (http://localhost:46043/__cypress/runner/cypress_runner.js:149915:3)\n    at retry (http://localhost:46043/__cypress/runner/cypress_runner.js:144197:19)\n    at onFailFn (http://localhost:46043/__cypress/runner/cypress_runner.js:132448:16)\n    at tryCatcher (http://localhost:46043/__cypress/runner/cypress_runner.js:167415:23)\n    at Promise._settlePromiseFromHandler (http://localhost:46043/__cypress/runner/cypress_runner.js:165351:31)\n    at Promise._settlePromise (http://localhost:46043/__cypress/runner/cypress_runner.js:165408:18)\n    at Promise._settlePromise0 (http://localhost:46043/__cypress/runner/cypress_runner.js:165453:10)\n    at Promise._settlePromises (http://localhost:46043/__cypress/runner/cypress_runner.js:165528:18)\n    at Async../node_modules/bluebird/js/release/async.js.Async._drainQueue (http://localhost:46043/__cypress/runner/cypress_runner.js:162140:16)\n    at Async../node_modules/bluebird/js/release/async.js.Async._drainQueues (http://localhost:46043/__cypress/runner/cypress_runner.js:162150:10)\n    at Async.drainQueues (http://localhost:46043/__cypress/runner/cypress_runner.js:162024:14)",
                "diff": null
              },
              "uuid": "6031235a-3396-452b-b75f-4a834eca7a2c",
              "parentUUID": "7fa248bc-78a3-47a4-8cfd-0c84dcbbf794",
              "isHook": false,
              "skipped": false
            },
            {
              "title": "Verifica se o botão está posicionado entre a paleta de cores e o quadro de pixels",
              "fullTitle": "9 - Crie um botão que, ao ser clicado, limpa o quadro preenchendo a cor de todos seus pixels com branco. Verifica se o botão está posicionado entre a paleta de cores e o quadro de pixels",
              "timedOut": null,
              "duration": 5579,
              "state": "failed",
              "speed": null,
              "pass": false,
              "fail": true,
              "pending": false,
              "context": null,
              "code": "cy.get('#color-palette').then(function (palette) {\n  cy.get('#clear-board').should('be.belowOf', palette);\n});\ncy.get('#clear-board').then(function (clearBtn) {\n  cy.get('#pixel-board').should('be.belowOf', clearBtn);\n});",
              "err": {
                "message": "CypressError: Timed out retrying: Expected to find element: '#color-palette', but never found it.",
                "estack": "CypressError: Timed out retrying: Expected to find element: '#color-palette', but never found it.\n    at cypressErr (http://localhost:46043/__cypress/runner/cypress_runner.js:149934:9)\n    at throwErr (http://localhost:46043/__cypress/runner/cypress_runner.js:149867:11)\n    at Object.throwErrByPath (http://localhost:46043/__cypress/runner/cypress_runner.js:149915:3)\n    at retry (http://localhost:46043/__cypress/runner/cypress_runner.js:144197:19)\n    at onFailFn (http://localhost:46043/__cypress/runner/cypress_runner.js:132448:16)\n    at tryCatcher (http://localhost:46043/__cypress/runner/cypress_runner.js:167415:23)\n    at Promise._settlePromiseFromHandler (http://localhost:46043/__cypress/runner/cypress_runner.js:165351:31)\n    at Promise._settlePromise (http://localhost:46043/__cypress/runner/cypress_runner.js:165408:18)\n    at Promise._settlePromise0 (http://localhost:46043/__cypress/runner/cypress_runner.js:165453:10)\n    at Promise._settlePromises (http://localhost:46043/__cypress/runner/cypress_runner.js:165528:18)\n    at Async../node_modules/bluebird/js/release/async.js.Async._drainQueue (http://localhost:46043/__cypress/runner/cypress_runner.js:162140:16)\n    at Async../node_modules/bluebird/js/release/async.js.Async._drainQueues (http://localhost:46043/__cypress/runner/cypress_runner.js:162150:10)\n    at Async.drainQueues (http://localhost:46043/__cypress/runner/cypress_runner.js:162024:14)",
                "diff": null
              },
              "uuid": "848b72a0-5c46-4676-8e8e-976e206d2d95",
              "parentUUID": "7fa248bc-78a3-47a4-8cfd-0c84dcbbf794",
              "isHook": false,
              "skipped": false
            },
            {
              "title": "Verifica se o texto do botão é 'Limpar'",
              "fullTitle": "9 - Crie um botão que, ao ser clicado, limpa o quadro preenchendo a cor de todos seus pixels com branco. Verifica se o texto do botão é 'Limpar'",
              "timedOut": null,
              "duration": 6218,
              "state": "failed",
              "speed": null,
              "pass": false,
              "fail": true,
              "pending": false,
              "context": null,
              "code": "cy.get('#clear-board').should('contain.text', 'Limpar');",
              "err": {
                "message": "CypressError: Timed out retrying: Expected to find element: '#clear-board', but never found it.",
                "estack": "CypressError: Timed out retrying: Expected to find element: '#clear-board', but never found it.\n    at cypressErr (http://localhost:46043/__cypress/runner/cypress_runner.js:149934:9)\n    at throwErr (http://localhost:46043/__cypress/runner/cypress_runner.js:149867:11)\n    at Object.throwErrByPath (http://localhost:46043/__cypress/runner/cypress_runner.js:149915:3)\n    at retry (http://localhost:46043/__cypress/runner/cypress_runner.js:144197:19)\n    at onFailFn (http://localhost:46043/__cypress/runner/cypress_runner.js:132448:16)\n    at tryCatcher (http://localhost:46043/__cypress/runner/cypress_runner.js:167415:23)\n    at Promise._settlePromiseFromHandler (http://localhost:46043/__cypress/runner/cypress_runner.js:165351:31)\n    at Promise._settlePromise (http://localhost:46043/__cypress/runner/cypress_runner.js:165408:18)\n    at Promise._settlePromise0 (http://localhost:46043/__cypress/runner/cypress_runner.js:165453:10)\n    at Promise._settlePromises (http://localhost:46043/__cypress/runner/cypress_runner.js:165528:18)\n    at Async../node_modules/bluebird/js/release/async.js.Async._drainQueue (http://localhost:46043/__cypress/runner/cypress_runner.js:162140:16)\n    at Async../node_modules/bluebird/js/release/async.js.Async._drainQueues (http://localhost:46043/__cypress/runner/cypress_runner.js:162150:10)\n    at Async.drainQueues (http://localhost:46043/__cypress/runner/cypress_runner.js:162024:14)",
                "diff": null
              },
              "uuid": "13b18c8f-468c-48a7-8ec2-274b53037c12",
              "parentUUID": "7fa248bc-78a3-47a4-8cfd-0c84dcbbf794",
              "isHook": false,
              "skipped": false
            },
            {
              "title": "Verifica se ao clicar no botão, o quadro de pixels é totalmente preenchido de branco",
              "fullTitle": "9 - Crie um botão que, ao ser clicado, limpa o quadro preenchendo a cor de todos seus pixels com branco. Verifica se ao clicar no botão, o quadro de pixels é totalmente preenchido de branco",
              "timedOut": null,
              "duration": 4969,
              "state": "failed",
              "speed": null,
              "pass": false,
              "fail": true,
              "pending": false,
              "context": null,
              "code": "cy.get('.color').eq(1).then(function (color) {\n  var backgroundColor = color.css('background-color');\n  cy.wrap(color).click();\n  cy.get('.pixel').each(function (pixel) {\n    cy.wrap(pixel).click().should('have.css', 'background-color', backgroundColor);\n  });\n});\ncy.get('#clear-board').click();\ncy.get('.pixel').each(function (pixel) {\n  cy.wrap(pixel).should('have.css', 'background-color', WHITE);\n});",
              "err": {
                "message": "CypressError: Timed out retrying: Expected to find element: '.color', but never found it.",
                "estack": "CypressError: Timed out retrying: Expected to find element: '.color', but never found it.\n    at cypressErr (http://localhost:46043/__cypress/runner/cypress_runner.js:149934:9)\n    at throwErr (http://localhost:46043/__cypress/runner/cypress_runner.js:149867:11)\n    at Object.throwErrByPath (http://localhost:46043/__cypress/runner/cypress_runner.js:149915:3)\n    at retry (http://localhost:46043/__cypress/runner/cypress_runner.js:144197:19)\n    at onFailFn (http://localhost:46043/__cypress/runner/cypress_runner.js:132448:16)\n    at tryCatcher (http://localhost:46043/__cypress/runner/cypress_runner.js:167415:23)\n    at Promise._settlePromiseFromHandler (http://localhost:46043/__cypress/runner/cypress_runner.js:165351:31)\n    at Promise._settlePromise (http://localhost:46043/__cypress/runner/cypress_runner.js:165408:18)\n    at Promise._settlePromise0 (http://localhost:46043/__cypress/runner/cypress_runner.js:165453:10)\n    at Promise._settlePromises (http://localhost:46043/__cypress/runner/cypress_runner.js:165528:18)\n    at Async../node_modules/bluebird/js/release/async.js.Async._drainQueue (http://localhost:46043/__cypress/runner/cypress_runner.js:162140:16)\n    at Async../node_modules/bluebird/js/release/async.js.Async._drainQueues (http://localhost:46043/__cypress/runner/cypress_runner.js:162150:10)\n    at Async.drainQueues (http://localhost:46043/__cypress/runner/cypress_runner.js:162024:14)",
                "diff": null
              },
              "uuid": "f3743a5d-c04f-45c2-9d98-b19d09708ee6",
              "parentUUID": "7fa248bc-78a3-47a4-8cfd-0c84dcbbf794",
              "isHook": false,
              "skipped": false
            }
          ],
          "suites": [],
          "passes": [],
          "failures": [
            "6031235a-3396-452b-b75f-4a834eca7a2c",
            "848b72a0-5c46-4676-8e8e-976e206d2d95",
            "13b18c8f-468c-48a7-8ec2-274b53037c12",
            "f3743a5d-c04f-45c2-9d98-b19d09708ee6"
          ],
          "pending": [],
          "skipped": [],
          "duration": 22396,
          "root": false,
          "rootEmpty": false,
          "_timeout": 2000
        },
        {
          "uuid": "a74f2430-6196-4cc4-88ec-a87f118899d2",
          "title": "10 - Faça o quadro de pixels ter seu tamanho definido pelo usuário.",
          "fullFile": "",
          "file": "",
          "beforeHooks": [],
          "afterHooks": [],
          "tests": [
            {
              "title": "Verifica se existe um input com o id `board-size`",
              "fullTitle": "10 - Faça o quadro de pixels ter seu tamanho definido pelo usuário. Verifica se existe um input com o id `board-size`",
              "timedOut": null,
              "duration": 5387,
              "state": "failed",
              "speed": null,
              "pass": false,
              "fail": true,
              "pending": false,
              "context": null,
              "code": "cy.get('#board-size').should('be.visible');",
              "err": {
                "message": "CypressError: Timed out retrying: Expected to find element: '#board-size', but never found it.",
[...]
                "diff": null
              },
              "uuid": "4a3353cc-369e-4bbe-b948-065f6e382858",
              "parentUUID": "a74f2430-6196-4cc4-88ec-a87f118899d2",
              "isHook": false,
              "skipped": false
            },
            {
              "title": "Verifica se o novo quadro tem todos os pixels preenchidos com a cor branca",
              "fullTitle": "10 - Faça o quadro de pixels ter seu tamanho definido pelo usuário. Verifica se o novo quadro tem todos os pixels preenchidos com a cor branca",
              "timedOut": null,
              "duration": 5099,
              "state": "failed",
              "speed": null,
              "pass": false,
              "fail": true,
              "pending": false,
              "context": null,
              "code": "cy.get('#board-size').clear().type(6);\ncy.get('#generate-board').click();\ncy.get('.pixel').should('have.length', 36).each(function (pixel) {\n  expect(pixel).to.have.css('background-color', WHITE);\n});",
              "err": {
                "message": "CypressError: Timed out retrying: Expected to find element: '#board-size', but never found it.",
                "estack": "CypressError: Timed out retrying: Expected to find element: '#board-size', but never found it.\n    at cypressErr (http://localhost:46043/__cypress/runner/cypress_runner.js:149934:9)\n    at throwErr (http://localhost:46043/__cypress/runner/cypress_runner.js:149867:11)\n    at Object.throwErrByPath (http://localhost:46043/__cypress/runner/cypress_runner.js:149915:3)\n    at retry (http://localhost:46043/__cypress/runner/cypress_runner.js:144197:19)\n    at onFailFn (http://localhost:46043/__cypress/runner/cypress_runner.js:132448:16)\n    at tryCatcher (http://localhost:46043/__cypress/runner/cypress_runner.js:167415:23)\n    at Promise._settlePromiseFromHandler (http://localhost:46043/__cypress/runner/cypress_runner.js:165351:31)\n    at Promise._settlePromise (http://localhost:46043/__cypress/runner/cypress_runner.js:165408:18)\n    at Promise._settlePromise0 (http://localhost:46043/__cypress/runner/cypress_runner.js:165453:10)\n    at Promise._settlePromises (http://localhost:46043/__cypress/runner/cypress_runner.js:165528:18)\n    at Async../node_modules/bluebird/js/release/async.js.Async._drainQueue (http://localhost:46043/__cypress/runner/cypress_runner.js:162140:16)\n    at Async../node_modules/bluebird/js/release/async.js.Async._drainQueues (http://localhost:46043/__cypress/runner/cypress_runner.js:162150:10)\n    at Async.drainQueues (http://localhost:46043/__cypress/runner/cypress_runner.js:162024:14)",
                "diff": null
              },
              "uuid": "056987ce-221b-4692-ba64-89facc2e85d0",
              "parentUUID": "a74f2430-6196-4cc4-88ec-a87f118899d2",
              "isHook": false,
              "skipped": false
            }
          ],
          "suites": [],
          "passes": [],
          "failures": [
            "da7d4e5a-e430-4751-9f22-a0a68b15b7ab",
            "a31e9905-6359-4bdf-bc7c-f5bd4808365e",
            "2decb968-4269-4f04-bad8-be3ab1fd7814",
            "509f9529-1986-4238-b613-b1b665ba451d",
            "53e5b5ab-ffed-4cf9-9aa4-c378aa0de65e",
            "afba7dcf-b244-4ae1-85b5-44f2c09c588f",
            "8c1c8b4a-9f38-4fa8-b3ca-4a1629109cbf",
            "4a3353cc-369e-4bbe-b948-065f6e382858",
            "056987ce-221b-4692-ba64-89facc2e85d0"
          ],
          "pending": [],
          "skipped": [],
          "duration": 47241,
          "root": false,
          "rootEmpty": false,
          "_timeout": 2000
        },
        {
          "uuid": "2497225b-bfb1-4d1d-b940-e90619ef63de",
          "title": "11 - Limite o tamanho mínimo e máximo do board.",
          "fullFile": "",
          "file": "",
          "beforeHooks": [],
          "afterHooks": [],
          "tests": [
            {
              "title": "Verifica se a altura máxima do board é 50",
              "fullTitle": "11 - Limite o tamanho mínimo e máximo do board. Verifica se a altura máxima do board é 50",
              "timedOut": null,
              "duration": 5287,
              "state": "failed",
              "speed": null,
              "pass": false,
              "fail": true,
              "pending": false,
              "context": null,
              "code": "cy.get('#board-size').clear().type(50);\ncy.get('#generate-board').click();\ncy.get('.pixel').should('have.length', 2500);",
              "err": {
                "message": "CypressError: Timed out retrying: Expected to find element: '#board-size', but never found it.",
                "estack": "CypressError: Timed out retrying: Expected to find element: '#board-size', but never found it.\n    at cypressErr (http://localhost:46043/__cypress/runner/cypress_runner.js:149934:9)\n    at throwErr (http://localhost:46043/__cypress/runner/cypress_runner.js:149867:11)\n    at Object.throwErrByPath (http://localhost:46043/__cypress/runner/cypress_runner.js:149915:3)\n    at retry (http://localhost:46043/__cypress/runner/cypress_runner.js:144197:19)\n    at onFailFn (http://localhost:46043/__cypress/runner/cypress_runner.js:132448:16)\n    at tryCatcher (http://localhost:46043/__cypress/runner/cypress_runner.js:167415:23)\n    at Promise._settlePromiseFromHandler (http://localhost:46043/__cypress/runner/cypress_runner.js:165351:31)\n    at Promise._settlePromise (http://localhost:46043/__cypress/runner/cypress_runner.js:165408:18)\n    at Promise._settlePromise0 (http://localhost:46043/__cypress/runner/cypress_runner.js:165453:10)\n    at Promise._settlePromises (http://localhost:46043/__cypress/runner/cypress_runner.js:165528:18)\n    at Async../node_modules/bluebird/js/release/async.js.Async._drainQueue (http://localhost:46043/__cypress/runner/cypress_runner.js:162140:16)\n    at Async../node_modules/bluebird/js/release/async.js.Async._drainQueues (http://localhost:46043/__cypress/runner/cypress_runner.js:162150:10)\n    at Async.drainQueues (http://localhost:46043/__cypress/runner/cypress_runner.js:162024:14)",
                "diff": null
              },
              "uuid": "a0e29f76-3734-40f2-95b0-d4940c1877ca",
              "parentUUID": "2497225b-bfb1-4d1d-b940-e90619ef63de",
              "isHook": false,
              "skipped": false
            },
            {
              "title": "Verifica se a altura do board é 5 quando um valor menor é colocado no input",
              "fullTitle": "11 - Limite o tamanho mínimo e máximo do board. Verifica se a altura do board é 5 quando um valor menor é colocado no input",
              "timedOut": null,
              "duration": 5173,
              "state": "failed",
              "speed": null,
              "pass": false,
              "fail": true,
              "pending": false,
              "context": null,
              "code": "cy.get('#board-size').clear().type(4);\ncy.get('#generate-board').click();\ncy.get('.pixel').should('have.length', 25);",
              "err": {
                "message": "CypressError: Timed out retrying: Expected to find element: '#board-size', but never found it.",
                "estack": "CypressError: Timed out retrying: Expected to find element: '#board-size', but never found it.\n    at cypressErr (http://localhost:46043/__cypress/runner/cypress_runner.js:149934:9)\n    at throwErr (http://localhost:46043/__cypress/runner/cypress_runner.js:149867:11)\n    at Object.throwErrByPath (http://localhost:46043/__cypress/runner/cypress_runner.js:149915:3)\n    at retry (http://localhost:46043/__cypress/runner/cypress_runner.js:144197:19)\n    at onFailFn (http://localhost:46043/__cypress/runner/cypress_runner.js:132448:16)\n    at tryCatcher (http://localhost:46043/__cypress/runner/cypress_runner.js:167415:23)\n    at Promise._settlePromiseFromHandler (http://localhost:46043/__cypress/runner/cypress_runner.js:165351:31)\n    at Promise._settlePromise (http://localhost:46043/__cypress/runner/cypress_runner.js:165408:18)\n    at Promise._settlePromise0 (http://localhost:46043/__cypress/runner/cypress_runner.js:165453:10)\n    at Promise._settlePromises (http://localhost:46043/__cypress/runner/cypress_runner.js:165528:18)\n    at Async../node_modules/bluebird/js/release/async.js.Async._drainQueue (http://localhost:46043/__cypress/runner/cypress_runner.js:162140:16)\n    at Async../node_modules/bluebird/js/release/async.js.Async._drainQueues (http://localhost:46043/__cypress/runner/cypress_runner.js:162150:10)\n    at Async.drainQueues (http://localhost:46043/__cypress/runner/cypress_runner.js:162024:14)",
                "diff": null
              },
              "uuid": "ae193962-162c-4e92-8782-12b259564817",
              "parentUUID": "2497225b-bfb1-4d1d-b940-e90619ef63de",
              "isHook": false,
              "skipped": false
            },
            {
              "title": "Verifica se a altura do board é 50 quando um valor maior é colocado no input",
              "fullTitle": "11 - Limite o tamanho mínimo e máximo do board. Verifica se a altura do board é 50 quando um valor maior é colocado no input",
              "timedOut": null,
              "duration": 5445,
              "state": "failed",
              "speed": null,
              "pass": false,
              "fail": true,
              "pending": false,
              "context": null,
              "code": "cy.get('#board-size').clear().type(51);\ncy.get('#generate-board').click();\ncy.get('.pixel').should('have.length', 2500);",
              "err": {
                "message": "CypressError: Timed out retrying: Expected to find element: '#board-size', but never found it.",
                "estack": "CypressError: Timed out retrying: Expected to find element: '#board-size', but never found it.\n    at cypressErr (http://localhost:46043/__cypress/runner/cypress_runner.js:149934:9)\n    at throwErr (http://localhost:46043/__cypress/runner/cypress_runner.js:149867:11)\n    at Object.throwErrByPath (http://localhost:46043/__cypress/runner/cypress_runner.js:149915:3)\n    at retry (http://localhost:46043/__cypress/runner/cypress_runner.js:144197:19)\n    at onFailFn (http://localhost:46043/__cypress/runner/cypress_runner.js:132448:16)\n    at tryCatcher (http://localhost:46043/__cypress/runner/cypress_runner.js:167415:23)\n    at Promise._settlePromiseFromHandler (http://localhost:46043/__cypress/runner/cypress_runner.js:165351:31)\n    at Promise._settlePromise (http://localhost:46043/__cypress/runner/cypress_runner.js:165408:18)\n    at Promise._settlePromise0 (http://localhost:46043/__cypress/runner/cypress_runner.js:165453:10)\n    at Promise._settlePromises (http://localhost:46043/__cypress/runner/cypress_runner.js:165528:18)\n    at Async../node_modules/bluebird/js/release/async.js.Async._drainQueue (http://localhost:46043/__cypress/runner/cypress_runner.js:162140:16)\n    at Async../node_modules/bluebird/js/release/async.js.Async._drainQueues (http://localhost:46043/__cypress/runner/cypress_runner.js:162150:10)\n    at Async.drainQueues (http://localhost:46043/__cypress/runner/cypress_runner.js:162024:14)",
                "diff": null
              },
              "uuid": "4fdf2d4d-db5d-42af-b017-04dd41fda950",
              "parentUUID": "2497225b-bfb1-4d1d-b940-e90619ef63de",
              "isHook": false,
              "skipped": false
            }
          ],
          "suites": [],
          "passes": [],
          "failures": [
            "a0e29f76-3734-40f2-95b0-d4940c1877ca",
            "ae193962-162c-4e92-8782-12b259564817",
            "4fdf2d4d-db5d-42af-b017-04dd41fda950"
          ],
          "pending": [],
          "skipped": [],
          "duration": 15905,
          "root": false,
          "rootEmpty": false,
          "_timeout": 2000
        },
        {
          "uuid": "1809e86a-2b2e-4cc9-930f-4912c20eae8a",
          "title": "12 - Faça com que as cores da paleta sejam geradas aleatoriamente ao carregar a página.",
          "fullFile": "",
          "file": "",
          "beforeHooks": [],
          "afterHooks": [],
          "tests": [
            {
              "title": "Verifica se as cores geradas na paleta são diferentes a cada carregamento da página",
              "fullTitle": "12 - Faça com que as cores da paleta sejam geradas aleatoriamente ao carregar a página. Verifica se as cores geradas na paleta são diferentes a cada carregamento da página",
              "timedOut": null,
              "duration": 5397,
              "state": "failed",
              "speed": null,
              "pass": false,
              "fail": true,
              "pending": false,
              "context": null,
              "code": "cy.get('.color').then(function (colors) {\n  var currentColors;\n  var previousColors;\n  previousColors = Array.from(colors).map(function (color) {\n    return Cypress.$(color).css('background-color');\n  });\n  for (var i = 0; i < 5; i += 1) {\n    cy.reload();\n    cy.get('.color').then(function (colors) {\n      currentColors = Array.from(colors).map(function (color) {\n        return Cypress.$(color).css('background-color');\n      });\n      expect(currentColors).not.to.deep.equal(previousColors);\n      previousColors = currentColors;\n    });\n  }\n});",
              "err": {
                "message": "CypressError: Timed out retrying: Expected to find element: '.color', but never found it.",
                "estack": "CypressError: Timed out retrying: Expected to find element: '.color', but never found it.\n    at cypressErr (http://localhost:46043/__cypress/runner/cypress_runner.js:149934:9)\n    at throwErr (http://localhost:46043/__cypress/runner/cypress_runner.js:149867:11)\n    at Object.throwErrByPath (http://localhost:46043/__cypress/runner/cypress_runner.js:149915:3)\n    at retry (http://localhost:46043/__cypress/runner/cypress_runner.js:144197:19)\n    at onFailFn (http://localhost:46043/__cypress/runner/cypress_runner.js:132448:16)\n    at tryCatcher (http://localhost:46043/__cypress/runner/cypress_runner.js:167415:23)\n    at Promise._settlePromiseFromHandler (http://localhost:46043/__cypress/runner/cypress_runner.js:165351:31)\n    at Promise._settlePromise (http://localhost:46043/__cypress/runner/cypress_runner.js:165408:18)\n    at Promise._settlePromise0 (http://localhost:46043/__cypress/runner/cypress_runner.js:165453:10)\n    at Promise._settlePromises (http://localhost:46043/__cypress/runner/cypress_runner.js:165528:18)\n    at Async../node_modules/bluebird/js/release/async.js.Async._drainQueue (http://localhost:46043/__cypress/runner/cypress_runner.js:162140:16)\n    at Async../node_modules/bluebird/js/release/async.js.Async._drainQueues (http://localhost:46043/__cypress/runner/cypress_runner.js:162150:10)\n    at Async.drainQueues (http://localhost:46043/__cypress/runner/cypress_runner.js:162024:14)",
                "diff": null
              },
              "uuid": "cbd2a901-89ed-4180-8c4f-89c8b97c956e",
              "parentUUID": "1809e86a-2b2e-4cc9-930f-4912c20eae8a",
              "isHook": false,
              "skipped": false
            },
            {
              "title": "Verifica se a cor preta ainda está presente e é a primeira na sua paleta de cores",
              "fullTitle": "12 - Faça com que as cores da paleta sejam geradas aleatoriamente ao carregar a página. Verifica se a cor preta ainda está presente e é a primeira na sua paleta de cores",
              "timedOut": null,
              "duration": 5285,
              "state": "failed",
              "speed": null,
              "pass": false,
              "fail": true,
              "pending": false,
              "context": null,
              "code": "cy.get('.color').then(function (colors) {\n  var currentColors;\n  var previousColors;\n  previousColors = Array.from(colors).map(function (color) {\n    return Cypress.$(color).css('background-color');\n  });\n  expect(previousColors[0]).to.eq(BLACK);\n  for (var i = 0; i < 5; i += 1) {\n    cy.reload();\n    cy.get('.color').then(function (colors) {\n      currentColors = Array.from(colors).map(function (color) {\n        return Cypress.$(color).css('background-color');\n      });\n      expect(currentColors[0]).to.eq(BLACK);\n      expect(currentColors).not.to.deep.equal(previousColors);\n      previousColors = currentColors;\n    });\n  }\n});",
              "err": {
                "message": "CypressError: Timed out retrying: Expected to find element: '.color', but never found it.",
                "estack": "CypressError: Timed out retrying: Expected to find element: '.color', but never found it.\n    at cypressErr (http://localhost:46043/__cypress/runner/cypress_runner.js:149934:9)\n    at throwErr (http://localhost:46043/__cypress/runner/cypress_runner.js:149867:11)\n    at Object.throwErrByPath (http://localhost:46043/__cypress/runner/cypress_runner.js:149915:3)\n    at retry (http://localhost:46043/__cypress/runner/cypress_runner.js:144197:19)\n    at onFailFn (http://localhost:46043/__cypress/runner/cypress_runner.js:132448:16)\n    at tryCatcher (http://localhost:46043/__cypress/runner/cypress_runner.js:167415:23)\n    at Promise._settlePromiseFromHandler (http://localhost:46043/__cypress/runner/cypress_runner.js:165351:31)\n    at Promise._settlePromise (http://localhost:46043/__cypress/runner/cypress_runner.js:165408:18)\n    at Promise._settlePromise0 (http://localhost:46043/__cypress/runner/cypress_runner.js:165453:10)\n    at Promise._settlePromises (http://localhost:46043/__cypress/runner/cypress_runner.js:165528:18)\n    at Async../node_modules/bluebird/js/release/async.js.Async._drainQueue (http://localhost:46043/__cypress/runner/cypress_runner.js:162140:16)\n    at Async../node_modules/bluebird/js/release/async.js.Async._drainQueues (http://localhost:46043/__cypress/runner/cypress_runner.js:162150:10)\n    at Async.drainQueues (http://localhost:46043/__cypress/runner/cypress_runner.js:162024:14)",
                "diff": null
              },
              "uuid": "d9c7d1c5-9089-47d2-a3ff-8b476aaf7a59",
              "parentUUID": "1809e86a-2b2e-4cc9-930f-4912c20eae8a",
              "isHook": false,
              "skipped": false
            }
          ],
          "suites": [],
          "passes": [],
          "failures": [
            "cbd2a901-89ed-4180-8c4f-89c8b97c956e",
            "d9c7d1c5-9089-47d2-a3ff-8b476aaf7a59"
          ],
          "pending": [],
          "skipped": [],
          "duration": 10682,
          "root": false,
          "rootEmpty": false,
          "_timeout": 2000
        }
      ],
      "passes": [],
      "failures": [],
      "pending": [],
      "skipped": [],
      "duration": 0,
      "root": true,
      "rootEmpty": true,
      "_timeout": 2000
    }
  ],
  "meta": {
    "mocha": {
      "version": "7.0.1"
    },
    "mochawesome": {
      "options": {
        "quiet": false,
        "reportFilename": "mochawesome",
        "saveHtml": false,
        "saveJson": true,
        "consoleReporter": "spec",
        "useInlineDiffs": false
      },
      "version": "4.1.0"
    },
    "marge": {
      "options": {
        "id": "default",
        "reportDir": "cypress/reports",
        "overwrite": true,
        "html": false,
        "json": true
      },
      "version": "4.1.0"
    }
  }
}