{
  "stats": {
    "suites": 12,
    "tests": 41,
    "passes": 21,
    "pending": 0,
    "failures": 20,
    "start": "2021-12-19T22:36:33.869Z",
    "end": "2021-12-19T22:39:31.572Z",
    "duration": 177703,
    "testsRegistered": 41,
    "passPercent": 51.21951219512195,
    "pendingPercent": 0,
    "other": 0,
    "hasOther": false,
    "skipped": 0,
    "hasSkipped": false
  },
  "results": [
    {
      "uuid": "34119953-20a3-4aa7-9e58-a8231b5fbca5",
      "title": "",
      "fullFile": "cypress/integration/project.spec.js",
      "file": "cypress/integration/project.spec.js",
      "beforeHooks": [],
      "afterHooks": [],
      "tests": [],
      "suites": [
        {
          "uuid": "efaaf416-c98e-445c-a1df-e995488abc8c",
          "title": "1 - Adicione à página o título \"Paleta de Cores\".",
          "fullFile": "",
          "file": "",
          "beforeHooks": [],
          "afterHooks": [],
          "tests": [
            {
              "title": "Verifica se contém um elemento `h1` com o id `title` com o título correto",
              "fullTitle": "1 - Adicione à página o título \"Paleta de Cores\". Verifica se contém um elemento `h1` com o id `title` com o título correto",
              "timedOut": null,
              "duration": 1180,
              "state": "passed",
              "speed": "slow",
              "pass": true,
              "fail": false,
              "pending": false,
              "context": null,
              "code": "cy.get('h1#title').should('contain.text', 'Paleta de Cores');",
              "err": {},
              "uuid": "2bc92275-13e5-4130-b17f-19d7118996f6",
              "parentUUID": "efaaf416-c98e-445c-a1df-e995488abc8c",
              "isHook": false,
              "skipped": false
            }
          ],
          "suites": [],
          "passes": [
            "2bc92275-13e5-4130-b17f-19d7118996f6"
          ],
          "failures": [],
          "pending": [],
          "skipped": [],
          "duration": 1180,
          "root": false,
          "rootEmpty": false,
          "_timeout": 2000
        },
        {
          "uuid": "6a8a1ce5-a10f-48e9-84f7-5afef87c33bd",
          "title": "2 - Adicione à página uma paleta de quatro cores distintas.",
          "fullFile": "",
          "file": "",
          "beforeHooks": [],
          "afterHooks": [],
          "tests": [
            {
              "title": "A paleta de cores deve ser um elemento com `id` denominado `color-palette`",
              "fullTitle": "2 - Adicione à página uma paleta de quatro cores distintas. A paleta de cores deve ser um elemento com `id` denominado `color-palette`",
              "timedOut": null,
              "duration": 743,
              "state": "passed",
              "speed": "slow",
              "pass": true,
              "fail": false,
              "pending": false,
              "context": null,
              "code": "cy.get('#color-palette').should('be.visible');\ncy.get('#color-palette').children('.color');",
              "err": {},
              "uuid": "a278eae2-6d00-4744-ba60-0546a6968305",
              "parentUUID": "6a8a1ce5-a10f-48e9-84f7-5afef87c33bd",
              "isHook": false,
              "skipped": false
            },
            {
              "title": "Verifica se cada cor individual da paleta de cores possui a `classe` chamada `color`.",
              "fullTitle": "2 - Adicione à página uma paleta de quatro cores distintas. Verifica se cada cor individual da paleta de cores possui a `classe` chamada `color`.",
              "timedOut": null,
              "duration": 809,
              "state": "passed",
              "speed": "slow",
              "pass": true,
              "fail": false,
              "pending": false,
              "context": null,
              "code": "cy.get('.color').should('have.length', 4).then(function (colors) {\n  for (var i = 0; i < colors.length; i++) {\n    cy.wrap(colors[i]).should('be.visible');\n  }\n});",
              "err": {},
              "uuid": "07cf6377-ef74-42cf-a965-b7e99e60c65b",
              "parentUUID": "6a8a1ce5-a10f-48e9-84f7-5afef87c33bd",
              "isHook": false,
              "skipped": false
            },
            {
              "title": "Verifica se a cor de fundo de cada elemento da paleta é a cor que o elemento representa. **A única cor não permitida na paleta é a cor branca.**",
              "fullTitle": "2 - Adicione à página uma paleta de quatro cores distintas. Verifica se a cor de fundo de cada elemento da paleta é a cor que o elemento representa. **A única cor não permitida na paleta é a cor branca.**",
              "timedOut": null,
              "duration": 934,
              "state": "passed",
              "speed": "slow",
              "pass": true,
              "fail": false,
              "pending": false,
              "context": null,
              "code": "cy.get('.color').each(function (color) {\n  cy.wrap(color).should('have.class', 'color').and('not.have.css', 'background-color', WHITE);\n  cy.wrap(color).should('have.css', 'background-color');\n});",
              "err": {},
              "uuid": "c26bfc4c-df3c-47ea-8070-c90e1db30b59",
              "parentUUID": "6a8a1ce5-a10f-48e9-84f7-5afef87c33bd",
              "isHook": false,
              "skipped": false
            },
            {
              "title": "Verifica se cada elemento da paleta de cores tem uma borda preta, sólida e com 1 pixel de largura;",
              "fullTitle": "2 - Adicione à página uma paleta de quatro cores distintas. Verifica se cada elemento da paleta de cores tem uma borda preta, sólida e com 1 pixel de largura;",
              "timedOut": null,
              "duration": 727,
              "state": "passed",
              "speed": "slow",
              "pass": true,
              "fail": false,
              "pending": false,
              "context": null,
              "code": "cy.get('.color').each(function (color) {\n  cy.wrap(color).and('have.css', 'border', \"1px solid \".concat(BLACK)).and('have.class', 'color');\n});",
              "err": {},
              "uuid": "c687cc9e-41a1-4d04-a20b-f1722d90a09b",
              "parentUUID": "6a8a1ce5-a10f-48e9-84f7-5afef87c33bd",
              "isHook": false,
              "skipped": false
            },
            {
              "title": "Verifica se a paleta lista todas as cores disponíveis para utilização, lado a lado.",
              "fullTitle": "2 - Adicione à página uma paleta de quatro cores distintas. Verifica se a paleta lista todas as cores disponíveis para utilização, lado a lado.",
              "timedOut": null,
              "duration": 1058,
              "state": "passed",
              "speed": "slow",
              "pass": true,
              "fail": false,
              "pending": false,
              "context": null,
              "code": "cy.get('.color').then(function (colors) {\n  for (var index = 1; index < colors.length; index += 1) {\n    var currentColor = colors[index];\n    var previousColor = colors[index - 1];\n    cy.wrap(currentColor).should('be.onTheRightOf', previousColor).and('be.horizontallyAlignedWith', previousColor);\n  }\n});",
              "err": {},
              "uuid": "d5db6346-862c-4491-86f4-47894f151400",
              "parentUUID": "6a8a1ce5-a10f-48e9-84f7-5afef87c33bd",
              "isHook": false,
              "skipped": false
            },
            {
              "title": "Verifica se a paleta de cores está posicionada abaixo do título 'Paleta de Cores'",
              "fullTitle": "2 - Adicione à página uma paleta de quatro cores distintas. Verifica se a paleta de cores está posicionada abaixo do título 'Paleta de Cores'",
              "timedOut": null,
              "duration": 600,
              "state": "passed",
              "speed": "slow",
              "pass": true,
              "fail": false,
              "pending": false,
              "context": null,
              "code": "cy.get('h1#title').then(function (title) {\n  cy.get('#color-palette').should('be.belowOf', title);\n});",
              "err": {},
              "uuid": "b8c5312d-a5a7-4abb-9db7-78264634c784",
              "parentUUID": "6a8a1ce5-a10f-48e9-84f7-5afef87c33bd",
              "isHook": false,
              "skipped": false
            },
            {
              "title": "Verifica se a paleta de cores não contém cores repetidas.",
              "fullTitle": "2 - Adicione à página uma paleta de quatro cores distintas. Verifica se a paleta de cores não contém cores repetidas.",
              "timedOut": null,
              "duration": 498,
              "state": "passed",
              "speed": "slow",
              "pass": true,
              "fail": false,
              "pending": false,
              "context": null,
              "code": "cy.get('.color').then(function (colors) {\n  var allColors = Array.from(colors).map(function (color) {\n    return Cypress.$(color).css('background-color');\n  });\n  cy.log(allColors);\n  var uniqColors = (0, _toConsumableArray2[\"default\"])(new Set(allColors));\n  cy.log(uniqColors);\n  expect(allColors.length).to.eq(uniqColors.length);\n});",
              "err": {},
              "uuid": "383af701-fd3d-4044-b358-47a93a271fad",
              "parentUUID": "6a8a1ce5-a10f-48e9-84f7-5afef87c33bd",
              "isHook": false,
              "skipped": false
            }
          ],
          "suites": [],
          "passes": [
            "a278eae2-6d00-4744-ba60-0546a6968305",
            "07cf6377-ef74-42cf-a965-b7e99e60c65b",
            "c26bfc4c-df3c-47ea-8070-c90e1db30b59",
            "c687cc9e-41a1-4d04-a20b-f1722d90a09b",
            "d5db6346-862c-4491-86f4-47894f151400",
            "b8c5312d-a5a7-4abb-9db7-78264634c784",
            "383af701-fd3d-4044-b358-47a93a271fad"
          ],
          "failures": [],
          "pending": [],
          "skipped": [],
          "duration": 5369,
          "root": false,
          "rootEmpty": false,
          "_timeout": 2000
        },
        {
          "uuid": "a503b68e-3fbd-4df6-af62-e6b93664af36",
          "title": "3 - Adicione a cor **preta** como a primeira cor da paleta de cores.",
          "fullFile": "",
          "file": "",
          "beforeHooks": [],
          "afterHooks": [],
          "tests": [
            {
              "title": "Verifica se a primeira cor da paleta é preta",
              "fullTitle": "3 - Adicione a cor **preta** como a primeira cor da paleta de cores. Verifica se a primeira cor da paleta é preta",
              "timedOut": null,
              "duration": 420,
              "state": "passed",
              "speed": "slow",
              "pass": true,
              "fail": false,
              "pending": false,
              "context": null,
              "code": "cy.get('.color').first().should('have.css', 'background-color', BLACK);",
              "err": {},
              "uuid": "4b645fc4-ae33-42c0-9f43-846327afeb86",
              "parentUUID": "a503b68e-3fbd-4df6-af62-e6b93664af36",
              "isHook": false,
              "skipped": false
            },
            {
              "title": "Verifica se as demais cores podem ser escolhidas livremente.",
              "fullTitle": "3 - Adicione a cor **preta** como a primeira cor da paleta de cores. Verifica se as demais cores podem ser escolhidas livremente.",
              "timedOut": null,
              "duration": 1392,
              "state": "passed",
              "speed": "slow",
              "pass": true,
              "fail": false,
              "pending": false,
              "context": null,
              "code": "cy.get('.color').eq(1).should('not.have.css', 'background-color', BLACK);\ncy.get('.color').eq(1).should('not.have.css', 'background-color', WHITE);\ncy.get('.color').eq(1).should('not.have.css', 'background-color', 'rgba(0, 0, 0, 0)');\ncy.get('.color').eq(1).should('have.css', 'background-color');\ncy.get('.color').eq(2).should('not.have.css', 'background-color', BLACK);\ncy.get('.color').eq(2).should('not.have.css', 'background-color', WHITE);\ncy.get('.color').eq(2).should('not.have.css', 'background-color', 'rgba(0, 0, 0, 0)');\ncy.get('.color').eq(2).should('have.css', 'background-color');\ncy.get('.color').eq(3).should('not.have.css', 'background-color', BLACK);\ncy.get('.color').eq(3).should('not.have.css', 'background-color', WHITE);\ncy.get('.color').eq(3).should('not.have.css', 'background-color', 'rgba(0, 0, 0, 0)');\ncy.get('.color').eq(3).should('have.css', 'background-color');",
              "err": {},
              "uuid": "672873ab-1bdc-4cdd-b925-0edf60bae18e",
              "parentUUID": "a503b68e-3fbd-4df6-af62-e6b93664af36",
              "isHook": false,
              "skipped": false
            }
          ],
          "suites": [],
          "passes": [
            "4b645fc4-ae33-42c0-9f43-846327afeb86",
            "672873ab-1bdc-4cdd-b925-0edf60bae18e"
          ],
          "failures": [],
          "pending": [],
          "skipped": [],
          "duration": 1812,
          "root": false,
          "rootEmpty": false,
          "_timeout": 2000
        },
        {
          "uuid": "41d1b914-5102-4f94-bc6b-5974c1b12cfb",
          "title": "4 - Adicione à página um quadro de pixels, com 25 pixels.",
          "fullFile": "",
          "file": "",
          "beforeHooks": [],
          "afterHooks": [],
          "tests": [
            {
              "title": "Verifica se o quadro de pixels possui o `id` denominado `pixel-board`",
              "fullTitle": "4 - Adicione à página um quadro de pixels, com 25 pixels. Verifica se o quadro de pixels possui o `id` denominado `pixel-board`",
              "timedOut": null,
              "duration": 357,
              "state": "passed",
              "speed": "slow",
              "pass": true,
              "fail": false,
              "pending": false,
              "context": null,
              "code": "cy.get('#pixel-board').should('be.visible');",
              "err": {},
              "uuid": "96548cf0-95ec-4f52-b235-860003ec0056",
              "parentUUID": "41d1b914-5102-4f94-bc6b-5974c1b12cfb",
              "isHook": false,
              "skipped": false
            },
            {
              "title": "Verifica se cada pixel individual dentro do quadro possui a `classe` denominada `pixel`.",
              "fullTitle": "4 - Adicione à página um quadro de pixels, com 25 pixels. Verifica se cada pixel individual dentro do quadro possui a `classe` denominada `pixel`.",
              "timedOut": null,
              "duration": 770,
              "state": "passed",
              "speed": "slow",
              "pass": true,
              "fail": false,
              "pending": false,
              "context": null,
              "code": "cy.get('.pixel').should('have.length', 25);",
              "err": {},
              "uuid": "4fd412fd-3d24-47c1-8365-aca530d657a1",
              "parentUUID": "41d1b914-5102-4f94-bc6b-5974c1b12cfb",
              "isHook": false,
              "skipped": false
            },
            {
              "title": "Verifica se a cor inicial dos pixels dentro do quadro, ao abrir a página, é branca.",
              "fullTitle": "4 - Adicione à página um quadro de pixels, com 25 pixels. Verifica se a cor inicial dos pixels dentro do quadro, ao abrir a página, é branca.",
              "timedOut": null,
              "duration": 1882,
              "state": "failed",
              "speed": null,
              "pass": false,
              "fail": true,
              "pending": false,
              "context": null,
              "code": "cy.get('.pixel').should('have.length', 25).each(function (pixel) {\n  expect(pixel).to.have.css('background-color', WHITE);\n});",
              "err": {
                "message": "AssertionError: expected '<div.pixel>' to have CSS property 'background-color' with the value 'rgb(255, 255, 255)', but the value was 'rgba(0, 0, 0, 0)'",
                "estack": "AssertionError: expected '<div.pixel>' to have CSS property 'background-color' with the value 'rgb(255, 255, 255)', but the value was 'rgba(0, 0, 0, 0)'\n    at callback (http://localhost:33861/__cypress/runner/cypress_runner.js:136947:20)\n    at getRet (http://localhost:33861/__cypress/runner/cypress_runner.js:136585:16)\n    at tryCatcher (http://localhost:33861/__cypress/runner/cypress_runner.js:167415:23)\n    at Function.Promise.attempt.Promise.try (http://localhost:33861/__cypress/runner/cypress_runner.js:164690:29)\n    at thenFn (http://localhost:33861/__cypress/runner/cypress_runner.js:136599:23)\n    at yieldItem (http://localhost:33861/__cypress/runner/cypress_runner.js:136954:16)\n    at tryCatcher (http://localhost:33861/__cypress/runner/cypress_runner.js:167415:23)\n    at Object.gotValue (http://localhost:33861/__cypress/runner/cypress_runner.js:166557:18)\n    at Object.gotAccum (http://localhost:33861/__cypress/runner/cypress_runner.js:166546:25)\n    at Object.tryCatcher (http://localhost:33861/__cypress/runner/cypress_runner.js:167415:23)\n    at Promise._settlePromiseFromHandler (http://localhost:33861/__cypress/runner/cypress_runner.js:165351:31)\n    at Promise._settlePromise (http://localhost:33861/__cypress/runner/cypress_runner.js:165408:18)\n    at Promise._settlePromiseCtx (http://localhost:33861/__cypress/runner/cypress_runner.js:165445:10)\n    at Async../node_modules/bluebird/js/release/async.js.Async._drainQueue (http://localhost:33861/__cypress/runner/cypress_runner.js:162145:12)\n    at Async../node_modules/bluebird/js/release/async.js.Async._drainQueues (http://localhost:33861/__cypress/runner/cypress_runner.js:162150:10)\n    at Async.drainQueues (http://localhost:33861/__cypress/runner/cypress_runner.js:162024:14)",
                "diff": "- 'rgba(0, 0, 0, 0)'\n+ 'rgb(255, 255, 255)'\n"
              },
              "uuid": "590bd09f-5cf7-4e48-a460-62dc03dcb788",
              "parentUUID": "41d1b914-5102-4f94-bc6b-5974c1b12cfb",
              "isHook": false,
              "skipped": false
            },
            {
              "title": "Verifica se o quadro de pixels aparece abaixo da paleta de cores",
              "fullTitle": "4 - Adicione à página um quadro de pixels, com 25 pixels. Verifica se o quadro de pixels aparece abaixo da paleta de cores",
              "timedOut": null,
              "duration": 1145,
              "state": "passed",
              "speed": "slow",
              "pass": true,
              "fail": false,
              "pending": false,
              "context": null,
              "code": "cy.get('#color-palette').then(function (palette) {\n  cy.get('#pixel-board').should('be.belowOf', palette);\n});",
              "err": {},
              "uuid": "d8e73e7e-1527-43f1-b6f6-b4bbc7ec3e8e",
              "parentUUID": "41d1b914-5102-4f94-bc6b-5974c1b12cfb",
              "isHook": false,
              "skipped": false
            }
          ],
          "suites": [],
          "passes": [
            "96548cf0-95ec-4f52-b235-860003ec0056",
            "4fd412fd-3d24-47c1-8365-aca530d657a1",
            "d8e73e7e-1527-43f1-b6f6-b4bbc7ec3e8e"
          ],
          "failures": [
            "590bd09f-5cf7-4e48-a460-62dc03dcb788"
          ],
          "pending": [],
          "skipped": [],
          "duration": 4154,
          "root": false,
          "rootEmpty": false,
          "_timeout": 2000
        },
        {
          "uuid": "2631f527-2e5c-4312-85ca-2df3953c37d7",
          "title": "5 - Faça com que cada elemento do quadro de pixels possua 40 pixels de largura, 40 pixels de altura e seja delimitado por uma borda preta de 1 pixel.",
          "fullFile": "",
          "file": "",
          "beforeHooks": [],
          "afterHooks": [],
          "tests": [
            {
              "title": "Verifica se o quadro de pixels tem altura e comprimento de 5 elementos",
              "fullTitle": "5 - Faça com que cada elemento do quadro de pixels possua 40 pixels de largura, 40 pixels de altura e seja delimitado por uma borda preta de 1 pixel. Verifica se o quadro de pixels tem altura e comprimento de 5 elementos",
              "timedOut": null,
              "duration": 2403,
              "state": "failed",
              "speed": null,
              "pass": false,
              "fail": true,
              "pending": false,
              "context": null,
              "code": "cy.get('.pixel').should('have.length', 25).each(function (pixel) {\n  expect(pixel).to.have.css('background-color', WHITE);\n}).and(function (pixels) {\n  var rows = chunk(pixels, 5);\n  rows.forEach(function (row) {\n    for (var index = 1; index < row.length; index += 1) {\n      var current = pixels[index];\n      var previous = pixels[index - 1];\n      cy.wrap(current).should('be.onTheRightOf', previous).and('be.horizontallyAlignedWith', previous);\n    }\n  });\n  for (var index = 1; index < 5; index += 1) {\n    expect(pixels[index * 5]).to.be.belowOf(pixels[(index - 1) * 5]);\n  }\n});",
              "err": {
                "message": "AssertionError: expected '<div.pixel>' to have CSS property 'background-color' with the value 'rgb(255, 255, 255)', but the value was 'rgba(0, 0, 0, 0)'",
                "estack": "AssertionError: expected '<div.pixel>' to have CSS property 'background-color' with the value 'rgb(255, 255, 255)', but the value was 'rgba(0, 0, 0, 0)'\n    at callback (http://localhost:33861/__cypress/runner/cypress_runner.js:136947:20)\n    at getRet (http://localhost:33861/__cypress/runner/cypress_runner.js:136585:16)\n    at tryCatcher (http://localhost:33861/__cypress/runner/cypress_runner.js:167415:23)\n    at Function.Promise.attempt.Promise.try (http://localhost:33861/__cypress/runner/cypress_runner.js:164690:29)\n    at thenFn (http://localhost:33861/__cypress/runner/cypress_runner.js:136599:23)\n    at yieldItem (http://localhost:33861/__cypress/runner/cypress_runner.js:136954:16)\n    at tryCatcher (http://localhost:33861/__cypress/runner/cypress_runner.js:167415:23)\n    at Object.gotValue (http://localhost:33861/__cypress/runner/cypress_runner.js:166557:18)\n    at Object.gotAccum (http://localhost:33861/__cypress/runner/cypress_runner.js:166546:25)\n    at Object.tryCatcher (http://localhost:33861/__cypress/runner/cypress_runner.js:167415:23)\n    at Promise._settlePromiseFromHandler (http://localhost:33861/__cypress/runner/cypress_runner.js:165351:31)\n    at Promise._settlePromise (http://localhost:33861/__cypress/runner/cypress_runner.js:165408:18)\n    at Promise._settlePromiseCtx (http://localhost:33861/__cypress/runner/cypress_runner.js:165445:10)\n    at Async../node_modules/bluebird/js/release/async.js.Async._drainQueue (http://localhost:33861/__cypress/runner/cypress_runner.js:162145:12)\n    at Async../node_modules/bluebird/js/release/async.js.Async._drainQueues (http://localhost:33861/__cypress/runner/cypress_runner.js:162150:10)\n    at Async.drainQueues (http://localhost:33861/__cypress/runner/cypress_runner.js:162024:14)",
                "diff": "- 'rgba(0, 0, 0, 0)'\n+ 'rgb(255, 255, 255)'\n"
              },
              "uuid": "550946b7-ecbc-4f21-8516-a51fc74f16f1",
              "parentUUID": "2631f527-2e5c-4312-85ca-2df3953c37d7",
              "isHook": false,
              "skipped": false
            },
            {
              "title": "Verifica se 40 pixels é o tamanho total do elemento, incluindo seu conteúdo e excluindo a borda preta, que deve ser criada à parte.",
              "fullTitle": "5 - Faça com que cada elemento do quadro de pixels possua 40 pixels de largura, 40 pixels de altura e seja delimitado por uma borda preta de 1 pixel. Verifica se 40 pixels é o tamanho total do elemento, incluindo seu conteúdo e excluindo a borda preta, que deve ser criada à parte.",
              "timedOut": null,
              "duration": 2792,
              "state": "passed",
              "speed": "slow",
              "pass": true,
              "fail": false,
              "pending": false,
              "context": null,
              "code": "cy.get('.pixel').each(function (pixel) {\n  cy.wrap(pixel).should('have.css', 'height', '40px').and('have.css', 'width', '40px').and('have.css', 'border', \"1px solid \".concat(BLACK));\n});",
              "err": {},
              "uuid": "e198ae7c-9507-4176-abe3-d04e0ee76acb",
              "parentUUID": "2631f527-2e5c-4312-85ca-2df3953c37d7",
              "isHook": false,
              "skipped": false
            }
          ],
          "suites": [],
          "passes": [
            "e198ae7c-9507-4176-abe3-d04e0ee76acb"
          ],
          "failures": [
            "550946b7-ecbc-4f21-8516-a51fc74f16f1"
          ],
          "pending": [],
          "skipped": [],
          "duration": 5195,
          "root": false,
          "rootEmpty": false,
          "_timeout": 2000
        },
        {
          "uuid": "ca7053a1-fc14-43d3-8117-364dee876eb3",
          "title": "6 - Defina a cor preta como cor inicial. Ao carregar a página a cor preta já deve estar selecionada para pintar os pixels",
          "fullFile": "",
          "file": "",
          "beforeHooks": [],
          "afterHooks": [],
          "tests": [
            {
              "title": "Verifica se o elemento da cor preta possui, inicialmente, a `classe` `selected`",
              "fullTitle": "6 - Defina a cor preta como cor inicial. Ao carregar a página a cor preta já deve estar selecionada para pintar os pixels Verifica se o elemento da cor preta possui, inicialmente, a `classe` `selected`",
              "timedOut": null,
              "duration": 1196,
              "state": "passed",
              "speed": "slow",
              "pass": true,
              "fail": false,
              "pending": false,
              "context": null,
              "code": "cy.get('.selected').first().should('have.css', 'background-color', BLACK);",
              "err": {},
              "uuid": "029235c2-8932-458c-b5d9-3ca0788e19ed",
              "parentUUID": "ca7053a1-fc14-43d3-8117-364dee876eb3",
              "isHook": false,
              "skipped": false
            },
            {
              "title": "Verifica se nenhuma outra cor da paleta tem a `classe` `selected`",
              "fullTitle": "6 - Defina a cor preta como cor inicial. Ao carregar a página a cor preta já deve estar selecionada para pintar os pixels Verifica se nenhuma outra cor da paleta tem a `classe` `selected`",
              "timedOut": null,
              "duration": 834,
              "state": "passed",
              "speed": "slow",
              "pass": true,
              "fail": false,
              "pending": false,
              "context": null,
              "code": "cy.get('.color:not(:first-child)').each(function (color) {\n  cy.wrap(color).should('not.have.class', 'selected');\n});",
              "err": {},
              "uuid": "30695d4b-5165-423b-968a-509269bce32d",
              "parentUUID": "ca7053a1-fc14-43d3-8117-364dee876eb3",
              "isHook": false,
              "skipped": false
            }
          ],
          "suites": [],
          "passes": [
            "029235c2-8932-458c-b5d9-3ca0788e19ed",
            "30695d4b-5165-423b-968a-509269bce32d"
          ],
          "failures": [],
          "pending": [],
          "skipped": [],
          "duration": 2030,
          "root": false,
          "rootEmpty": false,
          "_timeout": 2000
        },
        {
          "uuid": "d73b5405-c308-4aca-b5f1-f07d6ff1c802",
          "title": "7 - Clicar em uma das cores da paleta, faz com que ela seja selecionada e utilizada para preencher os pixels no quadro.",
          "fullFile": "",
          "file": "",
          "beforeHooks": [],
          "afterHooks": [],
          "tests": [
            {
              "title": "Verifica se somente uma cor da paleta de cores tem a classe `selected` de cada vez",
              "fullTitle": "7 - Clicar em uma das cores da paleta, faz com que ela seja selecionada e utilizada para preencher os pixels no quadro. Verifica se somente uma cor da paleta de cores tem a classe `selected` de cada vez",
              "timedOut": null,
              "duration": 4163,
              "state": "passed",
              "speed": "slow",
              "pass": true,
              "fail": false,
              "pending": false,
              "context": null,
              "code": "cy.get('.color').each(function (selectedColor, selectedColorIndex) {\n  cy.wrap(selectedColor).click();\n  cy.get('.color').each(function (color, colorIndex) {\n    if (colorIndex === selectedColorIndex) {\n      expect(color).to.have[\"class\"]('selected');\n    } else {\n      expect(color).not.to.have[\"class\"]('selected');\n    }\n  });\n});",
              "err": {},
              "uuid": "c6a7282d-3ec1-4e78-b3e6-63e181fa44ad",
              "parentUUID": "d73b5405-c308-4aca-b5f1-f07d6ff1c802",
              "isHook": false,
              "skipped": false
            },
            {
              "title": "Verifica se os pixels dentro do quadro não têm a classe `selected` quando são clicados",
              "fullTitle": "7 - Clicar em uma das cores da paleta, faz com que ela seja selecionada e utilizada para preencher os pixels no quadro. Verifica se os pixels dentro do quadro não têm a classe `selected` quando são clicados",
              "timedOut": null,
              "duration": 13719,
              "state": "passed",
              "speed": "slow",
              "pass": true,
              "fail": false,
              "pending": false,
              "context": null,
              "code": "cy.get('.color').each(function (color) {\n  var backgroundColor = color.css('background-color');\n  cy.wrap(color).click();\n  cy.get('.pixel').each(function (pixel) {\n    cy.wrap(pixel).click().should('not.have.class', 'selected');\n  });\n});",
              "err": {},
              "uuid": "6960be22-9a4a-48bb-990b-7b86488a564f",
              "parentUUID": "d73b5405-c308-4aca-b5f1-f07d6ff1c802",
              "isHook": false,
              "skipped": false
            }
          ],
          "suites": [],
          "passes": [
            "c6a7282d-3ec1-4e78-b3e6-63e181fa44ad",
            "6960be22-9a4a-48bb-990b-7b86488a564f"
          ],
          "failures": [],
          "pending": [],
          "skipped": [],
          "duration": 17882,
          "root": false,
          "rootEmpty": false,
          "_timeout": 2000
        },
        {
          "uuid": "d16e35df-d6d0-4047-b41a-9cf17b5d70ac",
          "title": "8 - Clicar em um pixel dentro do quadro após selecionar uma cor na paleta, faz com que o pixel seja preenchido com a cor selecionada.",
          "fullFile": "",
          "file": "",
          "beforeHooks": [],
          "afterHooks": [],
          "tests": [
            {
              "title": "Verifica se ao carregar a página deve ser possível pintar os pixels de preto",
              "fullTitle": "8 - Clicar em um pixel dentro do quadro após selecionar uma cor na paleta, faz com que o pixel seja preenchido com a cor selecionada. Verifica se ao carregar a página deve ser possível pintar os pixels de preto",
              "timedOut": null,
              "duration": 3830,
              "state": "passed",
              "speed": "slow",
              "pass": true,
              "fail": false,
              "pending": false,
              "context": null,
              "code": "cy.get('.pixel').each(function (pixel) {\n  cy.wrap(pixel).click().should('have.css', 'background-color', BLACK);\n});",
              "err": {},
              "uuid": "9190f117-173d-413b-99fe-9c4ac9361345",
              "parentUUID": "d16e35df-d6d0-4047-b41a-9cf17b5d70ac",
              "isHook": false,
              "skipped": false
            },
            {
              "title": "Verifica se após selecionar uma outra cor na paleta, é possível pintar os pixels com essa cor",
              "fullTitle": "8 - Clicar em um pixel dentro do quadro após selecionar uma cor na paleta, faz com que o pixel seja preenchido com a cor selecionada. Verifica se após selecionar uma outra cor na paleta, é possível pintar os pixels com essa cor",
              "timedOut": null,
              "duration": 12696,
              "state": "passed",
              "speed": "slow",
              "pass": true,
              "fail": false,
              "pending": false,
              "context": null,
              "code": "cy.get('.color').each(function (color) {\n  var backgroundColor = color.css('background-color');\n  cy.wrap(color).click();\n  cy.get('.pixel').each(function (pixel) {\n    cy.wrap(pixel).click().should('have.css', 'background-color', backgroundColor);\n  });\n});",
              "err": {},
              "uuid": "21d9bac8-b8eb-434f-8350-9c059d34ae21",
              "parentUUID": "d16e35df-d6d0-4047-b41a-9cf17b5d70ac",
              "isHook": false,
              "skipped": false
            },
            {
              "title": "Verifica se somente o pixel que foi clicado foi preenchido com a cor selecionada, sem influenciar na cor dos demais pixels.",
              "fullTitle": "8 - Clicar em um pixel dentro do quadro após selecionar uma cor na paleta, faz com que o pixel seja preenchido com a cor selecionada. Verifica se somente o pixel que foi clicado foi preenchido com a cor selecionada, sem influenciar na cor dos demais pixels.",
              "timedOut": null,
              "duration": 4921,
              "state": "passed",
              "speed": "slow",
              "pass": true,
              "fail": false,
              "pending": false,
              "context": null,
              "code": "var colorToPixelIndexMap = {\n  0: 6,\n  1: 8,\n  2: 16,\n  3: 18\n};\ncy.get('.color').each(function (color, index) {\n  cy.wrap(color).click();\n  var backgroundColor = color.css('background-color');\n  var clickedPixelIndex = colorToPixelIndexMap[index];\n  cy.get('.pixel').eq(clickedPixelIndex).click();\n  cy.get('.pixel').eq(clickedPixelIndex - 1).should('not.have.css', 'background-color', backgroundColor);\n  cy.get('.pixel').eq(clickedPixelIndex + 1).should('not.have.css', 'background-color', backgroundColor);\n  cy.get('.pixel').eq(clickedPixelIndex - 5).should('not.have.css', 'background-color', backgroundColor);\n  cy.get('.pixel').eq(clickedPixelIndex + 5).should('not.have.css', 'background-color', backgroundColor);\n  cy.get('.pixel').eq(clickedPixelIndex - 6).should('not.have.css', 'background-color', backgroundColor);\n  cy.get('.pixel').eq(clickedPixelIndex - 4).should('not.have.css', 'background-color', backgroundColor);\n  cy.get('.pixel').eq(clickedPixelIndex + 4).should('not.have.css', 'background-color', backgroundColor);\n  cy.get('.pixel').eq(clickedPixelIndex + 6).should('not.have.css', 'background-color', backgroundColor);\n});",
              "err": {},
              "uuid": "8c932e6b-5228-4e58-a2ff-70c8dbad3aa2",
              "parentUUID": "d16e35df-d6d0-4047-b41a-9cf17b5d70ac",
              "isHook": false,
              "skipped": false
            }
          ],
          "suites": [],
          "passes": [
            "9190f117-173d-413b-99fe-9c4ac9361345",
            "21d9bac8-b8eb-434f-8350-9c059d34ae21",
            "8c932e6b-5228-4e58-a2ff-70c8dbad3aa2"
          ],
          "failures": [],
          "pending": [],
          "skipped": [],
          "duration": 21447,
          "root": false,
          "rootEmpty": false,
          "_timeout": 2000
        },
        {
          "uuid": "7b2b6cf6-57ad-434d-8ffc-1e0634ce0260",
          "title": "9 - Crie um botão que, ao ser clicado, limpa o quadro preenchendo a cor de todos seus pixels com branco.",
          "fullFile": "",
          "file": "",
          "beforeHooks": [],
          "afterHooks": [],
          "tests": [
            {
              "title": "Verifica se o botão tem o `id` denominado `clear-board`",
              "fullTitle": "9 - Crie um botão que, ao ser clicado, limpa o quadro preenchendo a cor de todos seus pixels com branco. Verifica se o botão tem o `id` denominado `clear-board`",
              "timedOut": null,
              "duration": 5622,
              "state": "failed",
              "speed": null,
              "pass": false,
              "fail": true,
              "pending": false,
              "context": null,
              "code": "cy.get('#clear-board').should('be.visible');",
              "err": {
                "message": "CypressError: Timed out retrying: Expected to find element: '#clear-board', but never found it.",
                "estack": "CypressError: Timed out retrying: Expected to find element: '#clear-board', but never found it.\n    at cypressErr (http://localhost:33861/__cypress/runner/cypress_runner.js:149934:9)\n    at throwErr (http://localhost:33861/__cypress/runner/cypress_runner.js:149867:11)\n    at Object.throwErrByPath (http://localhost:33861/__cypress/runner/cypress_runner.js:149915:3)\n    at retry (http://localhost:33861/__cypress/runner/cypress_runner.js:144197:19)\n    at onFailFn (http://localhost:33861/__cypress/runner/cypress_runner.js:132448:16)\n    at tryCatcher (http://localhost:33861/__cypress/runner/cypress_runner.js:167415:23)\n    at Promise._settlePromiseFromHandler (http://localhost:33861/__cypress/runner/cypress_runner.js:165351:31)\n    at Promise._settlePromise (http://localhost:33861/__cypress/runner/cypress_runner.js:165408:18)\n    at Promise._settlePromise0 (http://localhost:33861/__cypress/runner/cypress_runner.js:165453:10)\n    at Promise._settlePromises (http://localhost:33861/__cypress/runner/cypress_runner.js:165528:18)\n    at Async../node_modules/bluebird/js/release/async.js.Async._drainQueue (http://localhost:33861/__cypress/runner/cypress_runner.js:162140:16)\n    at Async../node_modules/bluebird/js/release/async.js.Async._drainQueues (http://localhost:33861/__cypress/runner/cypress_runner.js:162150:10)\n    at Async.drainQueues (http://localhost:33861/__cypress/runner/cypress_runner.js:162024:14)",
                "diff": null
              },
              "uuid": "b402b28a-3e86-41a8-9d49-0202c006b5f7",
              "parentUUID": "7b2b6cf6-57ad-434d-8ffc-1e0634ce0260",
              "isHook": false,
              "skipped": false
            },
            {
              "title": "Verifica se o botão está posicionado entre a paleta de cores e o quadro de pixels",
              "fullTitle": "9 - Crie um botão que, ao ser clicado, limpa o quadro preenchendo a cor de todos seus pixels com branco. Verifica se o botão está posicionado entre a paleta de cores e o quadro de pixels",
              "timedOut": null,
              "duration": 6417,
              "state": "failed",
              "speed": null,
              "pass": false,
              "fail": true,
              "pending": false,
              "context": null,
              "code": "cy.get('#color-palette').then(function (palette) {\n  cy.get('#clear-board').should('be.belowOf', palette);\n});\ncy.get('#clear-board').then(function (clearBtn) {\n  cy.get('#pixel-board').should('be.belowOf', clearBtn);\n});",
              "err": {
                "message": "CypressError: Timed out retrying: Expected to find element: '#clear-board', but never found it.",
                "estack": "CypressError: Timed out retrying: Expected to find element: '#clear-board', but never found it.\n    at cypressErr (http://localhost:33861/__cypress/runner/cypress_runner.js:149934:9)\n    at throwErr (http://localhost:33861/__cypress/runner/cypress_runner.js:149867:11)\n    at Object.throwErrByPath (http://localhost:33861/__cypress/runner/cypress_runner.js:149915:3)\n    at retry (http://localhost:33861/__cypress/runner/cypress_runner.js:144197:19)\n    at onFailFn (http://localhost:33861/__cypress/runner/cypress_runner.js:132448:16)\n    at tryCatcher (http://localhost:33861/__cypress/runner/cypress_runner.js:167415:23)\n    at Promise._settlePromiseFromHandler (http://localhost:33861/__cypress/runner/cypress_runner.js:165351:31)\n    at Promise._settlePromise (http://localhost:33861/__cypress/runner/cypress_runner.js:165408:18)\n    at Promise._settlePromise0 (http://localhost:33861/__cypress/runner/cypress_runner.js:165453:10)\n    at Promise._settlePromises (http://localhost:33861/__cypress/runner/cypress_runner.js:165528:18)\n    at Async../node_modules/bluebird/js/release/async.js.Async._drainQueue (http://localhost:33861/__cypress/runner/cypress_runner.js:162140:16)\n    at Async../node_modules/bluebird/js/release/async.js.Async._drainQueues (http://localhost:33861/__cypress/runner/cypress_runner.js:162150:10)\n    at Async.drainQueues (http://localhost:33861/__cypress/runner/cypress_runner.js:162024:14)",
                "diff": null
              },
              "uuid": "2ee956a6-7bdf-4fd7-a270-bad87765627d",
              "parentUUID": "7b2b6cf6-57ad-434d-8ffc-1e0634ce0260",
              "isHook": false,
              "skipped": false
            },
            {
              "title": "Verifica se o texto do botão é 'Limpar'",
              "fullTitle": "9 - Crie um botão que, ao ser clicado, limpa o quadro preenchendo a cor de todos seus pixels com branco. Verifica se o texto do botão é 'Limpar'",
              "timedOut": null,
              "duration": 6154,
              "state": "failed",
              "speed": null,
              "pass": false,
              "fail": true,
              "pending": false,
              "context": null,
              "code": "cy.get('#clear-board').should('contain.text', 'Limpar');",
              "err": {
                "message": "CypressError: Timed out retrying: Expected to find element: '#clear-board', but never found it.",
                "estack": "CypressError: Timed out retrying: Expected to find element: '#clear-board', but never found it.\n    at cypressErr (http://localhost:33861/__cypress/runner/cypress_runner.js:149934:9)\n    at throwErr (http://localhost:33861/__cypress/runner/cypress_runner.js:149867:11)\n    at Object.throwErrByPath (http://localhost:33861/__cypress/runner/cypress_runner.js:149915:3)\n    at retry (http://localhost:33861/__cypress/runner/cypress_runner.js:144197:19)\n    at onFailFn (http://localhost:33861/__cypress/runner/cypress_runner.js:132448:16)\n    at tryCatcher (http://localhost:33861/__cypress/runner/cypress_runner.js:167415:23)\n    at Promise._settlePromiseFromHandler (http://localhost:33861/__cypress/runner/cypress_runner.js:165351:31)\n    at Promise._settlePromise (http://localhost:33861/__cypress/runner/cypress_runner.js:165408:18)\n    at Promise._settlePromise0 (http://localhost:33861/__cypress/runner/cypress_runner.js:165453:10)\n    at Promise._settlePromises (http://localhost:33861/__cypress/runner/cypress_runner.js:165528:18)\n    at Async../node_modules/bluebird/js/release/async.js.Async._drainQueue (http://localhost:33861/__cypress/runner/cypress_runner.js:162140:16)\n    at Async../node_modules/bluebird/js/release/async.js.Async._drainQueues (http://localhost:33861/__cypress/runner/cypress_runner.js:162150:10)\n    at Async.drainQueues (http://localhost:33861/__cypress/runner/cypress_runner.js:162024:14)",
                "diff": null
              },
              "uuid": "ed40baea-6439-47c8-92d2-92cf7216b18b",
              "parentUUID": "7b2b6cf6-57ad-434d-8ffc-1e0634ce0260",
              "isHook": false,
              "skipped": false
            },
            {
              "title": "Verifica se ao clicar no botão, o quadro de pixels é totalmente preenchido de branco",
              "fullTitle": "9 - Crie um botão que, ao ser clicado, limpa o quadro preenchendo a cor de todos seus pixels com branco. Verifica se ao clicar no botão, o quadro de pixels é totalmente preenchido de branco",
              "timedOut": null,
              "duration": 10072,
              "state": "failed",
              "speed": null,
              "pass": false,
              "fail": true,
              "pending": false,
              "context": null,
              "code": "cy.get('.color').eq(1).then(function (color) {\n  var backgroundColor = color.css('background-color');\n  cy.wrap(color).click();\n  cy.get('.pixel').each(function (pixel) {\n    cy.wrap(pixel).click().should('have.css', 'background-color', backgroundColor);\n  });\n});\ncy.get('#clear-board').click();\ncy.get('.pixel').each(function (pixel) {\n  cy.wrap(pixel).should('have.css', 'background-color', WHITE);\n});",
              "err": {
                "message": "CypressError: Timed out retrying: Expected to find element: '#clear-board', but never found it.",
                "estack": "CypressError: Timed out retrying: Expected to find element: '#clear-board', but never found it.\n    at cypressErr (http://localhost:33861/__cypress/runner/cypress_runner.js:149934:9)\n    at throwErr (http://localhost:33861/__cypress/runner/cypress_runner.js:149867:11)\n    at Object.throwErrByPath (http://localhost:33861/__cypress/runner/cypress_runner.js:149915:3)\n    at retry (http://localhost:33861/__cypress/runner/cypress_runner.js:144197:19)\n    at onFailFn (http://localhost:33861/__cypress/runner/cypress_runner.js:132448:16)\n    at tryCatcher (http://localhost:33861/__cypress/runner/cypress_runner.js:167415:23)\n    at Promise._settlePromiseFromHandler (http://localhost:33861/__cypress/runner/cypress_runner.js:165351:31)\n    at Promise._settlePromise (http://localhost:33861/__cypress/runner/cypress_runner.js:165408:18)\n    at Promise._settlePromise0 (http://localhost:33861/__cypress/runner/cypress_runner.js:165453:10)\n    at Promise._settlePromises (http://localhost:33861/__cypress/runner/cypress_runner.js:165528:18)\n    at Async../node_modules/bluebird/js/release/async.js.Async._drainQueue (http://localhost:33861/__cypress/runner/cypress_runner.js:162140:16)\n    at Async../node_modules/bluebird/js/release/async.js.Async._drainQueues (http://localhost:33861/__cypress/runner/cypress_runner.js:162150:10)\n    at Async.drainQueues (http://localhost:33861/__cypress/runner/cypress_runner.js:162024:14)",
                "diff": null
              },
              "uuid": "fb5e7cbe-11d4-4581-b5eb-5ec035fccb0b",
              "parentUUID": "7b2b6cf6-57ad-434d-8ffc-1e0634ce0260",
              "isHook": false,
              "skipped": false
            }
          ],
          "suites": [],
          "passes": [],
          "failures": [
            "b402b28a-3e86-41a8-9d49-0202c006b5f7",
            "2ee956a6-7bdf-4fd7-a270-bad87765627d",
            "ed40baea-6439-47c8-92d2-92cf7216b18b",
            "fb5e7cbe-11d4-4581-b5eb-5ec035fccb0b"
          ],
          "pending": [],
          "skipped": [],
          "duration": 28265,
          "root": false,
          "rootEmpty": false,
          "_timeout": 2000
        },
        {
          "uuid": "f20033f7-2f62-430b-ac64-e9eaeb82f20f",
          "title": "10 - Faça o quadro de pixels ter seu tamanho definido pelo usuário.",
          "fullFile": "",
          "file": "",
          "beforeHooks": [],
          "afterHooks": [],
          "tests": [
            {
              "title": "Verifica se existe um input com o id `board-size`",
              "fullTitle": "10 - Faça o quadro de pixels ter seu tamanho definido pelo usuário. Verifica se existe um input com o id `board-size`",
              "timedOut": null,
              "duration": 6870,
              "state": "failed",
              "speed": null,
              "pass": false,
              "fail": true,
              "pending": false,
              "context": null,
              "code": "cy.get('#board-size').should('be.visible');",
              "err": {
                "message": "CypressError: Timed out retrying: Expected to find element: '#board-size', but never found it.",
                "estack": "CypressError: Timed out retrying: Expected to find element: '#board-size', but never found it.\n    at cypressErr (http://localhost:33861/__cypress/runner/cypress_runner.js:149934:9)\n    at throwErr (http://localhost:33861/__cypress/runner/cypress_runner.js:149867:11)\n    at Object.throwErrByPath (http://localhost:33861/__cypress/runner/cypress_runner.js:149915:3)\n    at retry (http://localhost:33861/__cypress/runner/cypress_runner.js:144197:19)\n    at onFailFn (http://localhost:33861/__cypress/runner/cypress_runner.js:132448:16)\n    at tryCatcher (http://localhost:33861/__cypress/runner/cypress_runner.js:167415:23)\n    at Promise._settlePromiseFromHandler (http://localhost:33861/__cypress/runner/cypress_runner.js:165351:31)\n    at Promise._settlePromise (http://localhost:33861/__cypress/runner/cypress_runner.js:165408:18)\n    at Promise._settlePromise0 (http://localhost:33861/__cypress/runner/cypress_runner.js:165453:10)\n    at Promise._settlePromises (http://localhost:33861/__cypress/runner/cypress_runner.js:165528:18)\n    at Async../node_modules/bluebird/js/release/async.js.Async._drainQueue (http://localhost:33861/__cypress/runner/cypress_runner.js:162140:16)\n    at Async../node_modules/bluebird/js/release/async.js.Async._drainQueues (http://localhost:33861/__cypress/runner/cypress_runner.js:162150:10)\n    at Async.drainQueues (http://localhost:33861/__cypress/runner/cypress_runner.js:162024:14)",
                "diff": null
              },
              "uuid": "46a09df1-a599-431a-a1d4-0dc1698f89ce",
              "parentUUID": "f20033f7-2f62-430b-ac64-e9eaeb82f20f",
              "isHook": false,
              "skipped": false
            },
            {
              "title": "Verifica se existe um botão com o id `generate-board`",
              "fullTitle": "10 - Faça o quadro de pixels ter seu tamanho definido pelo usuário. Verifica se existe um botão com o id `generate-board`",
              "timedOut": null,
              "duration": 5966,
              "state": "failed",
              "speed": null,
              "pass": false,
              "fail": true,
              "pending": false,
              "context": null,
              "code": "cy.get('#generate-board').should('be.visible');",
              "err": {
                "message": "CypressError: Timed out retrying: Expected to find element: '#generate-board', but never found it.",
                "estack": "CypressError: Timed out retrying: Expected to find element: '#generate-board', but never found it.\n    at cypressErr (http://localhost:33861/__cypress/runner/cypress_runner.js:149934:9)\n    at throwErr (http://localhost:33861/__cypress/runner/cypress_runner.js:149867:11)\n    at Object.throwErrByPath (http://localhost:33861/__cypress/runner/cypress_runner.js:149915:3)\n    at retry (http://localhost:33861/__cypress/runner/cypress_runner.js:144197:19)\n    at onFailFn (http://localhost:33861/__cypress/runner/cypress_runner.js:132448:16)\n    at tryCatcher (http://localhost:33861/__cypress/runner/cypress_runner.js:167415:23)\n    at Promise._settlePromiseFromHandler (http://localhost:33861/__cypress/runner/cypress_runner.js:165351:31)\n    at Promise._settlePromise (http://localhost:33861/__cypress/runner/cypress_runner.js:165408:18)\n    at Promise._settlePromise0 (http://localhost:33861/__cypress/runner/cypress_runner.js:165453:10)\n    at Promise._settlePromises (http://localhost:33861/__cypress/runner/cypress_runner.js:165528:18)\n    at Async../node_modules/bluebird/js/release/async.js.Async._drainQueue (http://localhost:33861/__cypress/runner/cypress_runner.js:162140:16)\n    at Async../node_modules/bluebird/js/release/async.js.Async._drainQueues (http://localhost:33861/__cypress/runner/cypress_runner.js:162150:10)\n    at Async.drainQueues (http://localhost:33861/__cypress/runner/cypress_runner.js:162024:14)",
                "diff": null
              },
              "uuid": "497a3672-4246-4ce0-88ad-9d54d4c9bf99",
              "parentUUID": "f20033f7-2f62-430b-ac64-e9eaeb82f20f",
              "isHook": false,
              "skipped": false
            },
            {
              "title": "Verifica se o input só aceita número maiores que zero. Essa restrição deve ser feita usando os atributos do elemento `input`",
              "fullTitle": "10 - Faça o quadro de pixels ter seu tamanho definido pelo usuário. Verifica se o input só aceita número maiores que zero. Essa restrição deve ser feita usando os atributos do elemento `input`",
              "timedOut": null,
              "duration": 5275,
              "state": "failed",
              "speed": null,
              "pass": false,
              "fail": true,
              "pending": false,
              "context": null,
              "code": "cy.get('#board-size[type=\\'number\\'][min=\\'1\\']');",
              "err": {
                "message": "CypressError: Timed out retrying: Expected to find element: '#board-size[type='number'][min='1']', but never found it.",
                "estack": "CypressError: Timed out retrying: Expected to find element: '#board-size[type='number'][min='1']', but never found it.\n    at cypressErr (http://localhost:33861/__cypress/runner/cypress_runner.js:149934:9)\n    at throwErr (http://localhost:33861/__cypress/runner/cypress_runner.js:149867:11)\n    at Object.throwErrByPath (http://localhost:33861/__cypress/runner/cypress_runner.js:149915:3)\n    at retry (http://localhost:33861/__cypress/runner/cypress_runner.js:144197:19)\n    at onFailFn (http://localhost:33861/__cypress/runner/cypress_runner.js:132448:16)\n    at tryCatcher (http://localhost:33861/__cypress/runner/cypress_runner.js:167415:23)\n    at Promise._settlePromiseFromHandler (http://localhost:33861/__cypress/runner/cypress_runner.js:165351:31)\n    at Promise._settlePromise (http://localhost:33861/__cypress/runner/cypress_runner.js:165408:18)\n    at Promise._settlePromise0 (http://localhost:33861/__cypress/runner/cypress_runner.js:165453:10)\n    at Promise._settlePromises (http://localhost:33861/__cypress/runner/cypress_runner.js:165528:18)\n    at Async../node_modules/bluebird/js/release/async.js.Async._drainQueue (http://localhost:33861/__cypress/runner/cypress_runner.js:162140:16)\n    at Async../node_modules/bluebird/js/release/async.js.Async._drainQueues (http://localhost:33861/__cypress/runner/cypress_runner.js:162150:10)\n    at Async.drainQueues (http://localhost:33861/__cypress/runner/cypress_runner.js:162024:14)",
                "diff": null
              },
              "uuid": "66dc9cc4-2d5a-4c60-9f7d-5dda97f12f7d",
              "parentUUID": "f20033f7-2f62-430b-ac64-e9eaeb82f20f",
              "isHook": false,
              "skipped": false
            },
            {
              "title": "Verifica se o botão contém o texto 'VQV'",
              "fullTitle": "10 - Faça o quadro de pixels ter seu tamanho definido pelo usuário. Verifica se o botão contém o texto 'VQV'",
              "timedOut": null,
              "duration": 5370,
              "state": "failed",
              "speed": null,
              "pass": false,
              "fail": true,
              "pending": false,
              "context": null,
              "code": "cy.get('#generate-board').contains(/vqv/i);",
              "err": {
                "message": "CypressError: Timed out retrying: Expected to find element: '#generate-board', but never found it.",
                "estack": "CypressError: Timed out retrying: Expected to find element: '#generate-board', but never found it.\n    at cypressErr (http://localhost:33861/__cypress/runner/cypress_runner.js:149934:9)\n    at throwErr (http://localhost:33861/__cypress/runner/cypress_runner.js:149867:11)\n    at Object.throwErrByPath (http://localhost:33861/__cypress/runner/cypress_runner.js:149915:3)\n    at retry (http://localhost:33861/__cypress/runner/cypress_runner.js:144197:19)\n    at onFailFn (http://localhost:33861/__cypress/runner/cypress_runner.js:132448:16)\n    at tryCatcher (http://localhost:33861/__cypress/runner/cypress_runner.js:167415:23)\n    at Promise._settlePromiseFromHandler (http://localhost:33861/__cypress/runner/cypress_runner.js:165351:31)\n    at Promise._settlePromise (http://localhost:33861/__cypress/runner/cypress_runner.js:165408:18)\n    at Promise._settlePromise0 (http://localhost:33861/__cypress/runner/cypress_runner.js:165453:10)\n    at Promise._settlePromises (http://localhost:33861/__cypress/runner/cypress_runner.js:165528:18)\n    at Async../node_modules/bluebird/js/release/async.js.Async._drainQueue (http://localhost:33861/__cypress/runner/cypress_runner.js:162140:16)\n    at Async../node_modules/bluebird/js/release/async.js.Async._drainQueues (http://localhost:33861/__cypress/runner/cypress_runner.js:162150:10)\n    at Async.drainQueues (http://localhost:33861/__cypress/runner/cypress_runner.js:162024:14)",
                "diff": null
              },
              "uuid": "905d9ff7-3e81-43be-a3e4-aac7ce7689a2",
              "parentUUID": "f20033f7-2f62-430b-ac64-e9eaeb82f20f",
              "isHook": false,
              "skipped": false
            },
            {
              "title": "Verifica se o input está posicionado entre a paleta de cores e o quadro de pixels",
              "fullTitle": "10 - Faça o quadro de pixels ter seu tamanho definido pelo usuário. Verifica se o input está posicionado entre a paleta de cores e o quadro de pixels",
              "timedOut": null,
              "duration": 5742,
              "state": "failed",
              "speed": null,
              "pass": false,
              "fail": true,
              "pending": false,
              "context": null,
              "code": "cy.get('#color-palette').then(function (palette) {\n  cy.get('#board-size').should('be.belowOf', palette);\n});\ncy.get('#board-size').then(function (palette) {\n  cy.get('#pixel-board').should('be.belowOf', palette);\n});",
              "err": {
                "message": "CypressError: Timed out retrying: Expected to find element: '#board-size', but never found it.",
                "estack": "CypressError: Timed out retrying: Expected to find element: '#board-size', but never found it.\n    at cypressErr (http://localhost:33861/__cypress/runner/cypress_runner.js:149934:9)\n    at throwErr (http://localhost:33861/__cypress/runner/cypress_runner.js:149867:11)\n    at Object.throwErrByPath (http://localhost:33861/__cypress/runner/cypress_runner.js:149915:3)\n    at retry (http://localhost:33861/__cypress/runner/cypress_runner.js:144197:19)\n    at onFailFn (http://localhost:33861/__cypress/runner/cypress_runner.js:132448:16)\n    at tryCatcher (http://localhost:33861/__cypress/runner/cypress_runner.js:167415:23)\n    at Promise._settlePromiseFromHandler (http://localhost:33861/__cypress/runner/cypress_runner.js:165351:31)\n    at Promise._settlePromise (http://localhost:33861/__cypress/runner/cypress_runner.js:165408:18)\n    at Promise._settlePromise0 (http://localhost:33861/__cypress/runner/cypress_runner.js:165453:10)\n    at Promise._settlePromises (http://localhost:33861/__cypress/runner/cypress_runner.js:165528:18)\n    at Async../node_modules/bluebird/js/release/async.js.Async._drainQueue (http://localhost:33861/__cypress/runner/cypress_runner.js:162140:16)\n    at Async../node_modules/bluebird/js/release/async.js.Async._drainQueues (http://localhost:33861/__cypress/runner/cypress_runner.js:162150:10)\n    at Async.drainQueues (http://localhost:33861/__cypress/runner/cypress_runner.js:162024:14)",
                "diff": null
              },
              "uuid": "28acc6f1-ff74-41e8-8855-ae368ffb6edd",
              "parentUUID": "f20033f7-2f62-430b-ac64-e9eaeb82f20f",
              "isHook": false,
              "skipped": false
            },
            {
              "title": "Verifica se o botão está posicionado ao lado do input",
              "fullTitle": "10 - Faça o quadro de pixels ter seu tamanho definido pelo usuário. Verifica se o botão está posicionado ao lado do input",
              "timedOut": null,
              "duration": 6021,
              "state": "failed",
              "speed": null,
              "pass": false,
              "fail": true,
              "pending": false,
              "context": null,
              "code": "cy.get('#board-size').then(function (board) {\n  cy.get('#generate-board').should('be.onTheRightOf', board);\n});",
              "err": {
                "message": "CypressError: Timed out retrying: Expected to find element: '#board-size', but never found it.",
                "estack": "CypressError: Timed out retrying: Expected to find element: '#board-size', but never found it.\n    at cypressErr (http://localhost:33861/__cypress/runner/cypress_runner.js:149934:9)\n    at throwErr (http://localhost:33861/__cypress/runner/cypress_runner.js:149867:11)\n    at Object.throwErrByPath (http://localhost:33861/__cypress/runner/cypress_runner.js:149915:3)\n    at retry (http://localhost:33861/__cypress/runner/cypress_runner.js:144197:19)\n    at onFailFn (http://localhost:33861/__cypress/runner/cypress_runner.js:132448:16)\n    at tryCatcher (http://localhost:33861/__cypress/runner/cypress_runner.js:167415:23)\n    at Promise._settlePromiseFromHandler (http://localhost:33861/__cypress/runner/cypress_runner.js:165351:31)\n    at Promise._settlePromise (http://localhost:33861/__cypress/runner/cypress_runner.js:165408:18)\n    at Promise._settlePromise0 (http://localhost:33861/__cypress/runner/cypress_runner.js:165453:10)\n    at Promise._settlePromises (http://localhost:33861/__cypress/runner/cypress_runner.js:165528:18)\n    at Async../node_modules/bluebird/js/release/async.js.Async._drainQueue (http://localhost:33861/__cypress/runner/cypress_runner.js:162140:16)\n    at Async../node_modules/bluebird/js/release/async.js.Async._drainQueues (http://localhost:33861/__cypress/runner/cypress_runner.js:162150:10)\n    at Async.drainQueues (http://localhost:33861/__cypress/runner/cypress_runner.js:162024:14)",
                "diff": null
              },
              "uuid": "5ead1294-6b55-44ac-a3ae-2d2708fb0850",
              "parentUUID": "f20033f7-2f62-430b-ac64-e9eaeb82f20f",
              "isHook": false,
              "skipped": false
            },
            {
              "title": "Verifica se nenhum valor for colocado no input ao clicar no botão, um `alert` é exibido com o texto: 'Board inválido!'",
              "fullTitle": "10 - Faça o quadro de pixels ter seu tamanho definido pelo usuário. Verifica se nenhum valor for colocado no input ao clicar no botão, um `alert` é exibido com o texto: 'Board inválido!'",
              "timedOut": null,
              "duration": 5792,
              "state": "failed",
              "speed": null,
              "pass": false,
              "fail": true,
              "pending": false,
              "context": null,
              "code": "var alerted = false;\ncy.on('window:alert', function (msg) {\n  return alerted = msg;\n});\ncy.get('#generate-board').click().then(function () {\n  return expect(alerted).to.match(/Board inválido!/i);\n});",
              "err": {
                "message": "CypressError: Timed out retrying: Expected to find element: '#generate-board', but never found it.",
                "estack": "CypressError: Timed out retrying: Expected to find element: '#generate-board', but never found it.\n    at cypressErr (http://localhost:33861/__cypress/runner/cypress_runner.js:149934:9)\n    at throwErr (http://localhost:33861/__cypress/runner/cypress_runner.js:149867:11)\n    at Object.throwErrByPath (http://localhost:33861/__cypress/runner/cypress_runner.js:149915:3)\n    at retry (http://localhost:33861/__cypress/runner/cypress_runner.js:144197:19)\n    at onFailFn (http://localhost:33861/__cypress/runner/cypress_runner.js:132448:16)\n    at tryCatcher (http://localhost:33861/__cypress/runner/cypress_runner.js:167415:23)\n    at Promise._settlePromiseFromHandler (http://localhost:33861/__cypress/runner/cypress_runner.js:165351:31)\n    at Promise._settlePromise (http://localhost:33861/__cypress/runner/cypress_runner.js:165408:18)\n    at Promise._settlePromise0 (http://localhost:33861/__cypress/runner/cypress_runner.js:165453:10)\n    at Promise._settlePromises (http://localhost:33861/__cypress/runner/cypress_runner.js:165528:18)\n    at Async../node_modules/bluebird/js/release/async.js.Async._drainQueue (http://localhost:33861/__cypress/runner/cypress_runner.js:162140:16)\n    at Async../node_modules/bluebird/js/release/async.js.Async._drainQueues (http://localhost:33861/__cypress/runner/cypress_runner.js:162150:10)\n    at Async.drainQueues (http://localhost:33861/__cypress/runner/cypress_runner.js:162024:14)",
                "diff": null
              },
              "uuid": "0481491c-de00-4b6b-a871-8bd890cd471d",
              "parentUUID": "f20033f7-2f62-430b-ac64-e9eaeb82f20f",
              "isHook": false,
              "skipped": false
            },
            {
              "title": "Verifica se ao clicar no botão com um valor preenchido, o tamanho do board muda.",
              "fullTitle": "10 - Faça o quadro de pixels ter seu tamanho definido pelo usuário. Verifica se ao clicar no botão com um valor preenchido, o tamanho do board muda.",
              "timedOut": null,
              "duration": 6241,
              "state": "failed",
              "speed": null,
              "pass": false,
              "fail": true,
              "pending": false,
              "context": null,
              "code": "cy.get('#board-size').clear().type(10);\ncy.get('#generate-board').click();\ncy.get('.pixel').should('have.length', 100);",
              "err": {
                "message": "CypressError: Timed out retrying: Expected to find element: '#board-size', but never found it.",
                "estack": "CypressError: Timed out retrying: Expected to find element: '#board-size', but never found it.\n    at cypressErr (http://localhost:33861/__cypress/runner/cypress_runner.js:149934:9)\n    at throwErr (http://localhost:33861/__cypress/runner/cypress_runner.js:149867:11)\n    at Object.throwErrByPath (http://localhost:33861/__cypress/runner/cypress_runner.js:149915:3)\n    at retry (http://localhost:33861/__cypress/runner/cypress_runner.js:144197:19)\n    at onFailFn (http://localhost:33861/__cypress/runner/cypress_runner.js:132448:16)\n    at tryCatcher (http://localhost:33861/__cypress/runner/cypress_runner.js:167415:23)\n    at Promise._settlePromiseFromHandler (http://localhost:33861/__cypress/runner/cypress_runner.js:165351:31)\n    at Promise._settlePromise (http://localhost:33861/__cypress/runner/cypress_runner.js:165408:18)\n    at Promise._settlePromise0 (http://localhost:33861/__cypress/runner/cypress_runner.js:165453:10)\n    at Promise._settlePromises (http://localhost:33861/__cypress/runner/cypress_runner.js:165528:18)\n    at Async../node_modules/bluebird/js/release/async.js.Async._drainQueue (http://localhost:33861/__cypress/runner/cypress_runner.js:162140:16)\n    at Async../node_modules/bluebird/js/release/async.js.Async._drainQueues (http://localhost:33861/__cypress/runner/cypress_runner.js:162150:10)\n    at Async.drainQueues (http://localhost:33861/__cypress/runner/cypress_runner.js:162024:14)",
                "diff": null
              },
              "uuid": "adc91fb2-11d0-4bc2-94ed-285480ebf792",
              "parentUUID": "f20033f7-2f62-430b-ac64-e9eaeb82f20f",
              "isHook": false,
              "skipped": false
            },
            {
              "title": "Verifica se o novo quadro tem todos os pixels preenchidos com a cor branca",
              "fullTitle": "10 - Faça o quadro de pixels ter seu tamanho definido pelo usuário. Verifica se o novo quadro tem todos os pixels preenchidos com a cor branca",
              "timedOut": null,
              "duration": 6020,
              "state": "failed",
              "speed": null,
              "pass": false,
              "fail": true,
              "pending": false,
              "context": null,
              "code": "cy.get('#board-size').clear().type(6);\ncy.get('#generate-board').click();\ncy.get('.pixel').should('have.length', 36).each(function (pixel) {\n  expect(pixel).to.have.css('background-color', WHITE);\n});",
              "err": {
                "message": "CypressError: Timed out retrying: Expected to find element: '#board-size', but never found it.",
                "estack": "CypressError: Timed out retrying: Expected to find element: '#board-size', but never found it.\n    at cypressErr (http://localhost:33861/__cypress/runner/cypress_runner.js:149934:9)\n    at throwErr (http://localhost:33861/__cypress/runner/cypress_runner.js:149867:11)\n    at Object.throwErrByPath (http://localhost:33861/__cypress/runner/cypress_runner.js:149915:3)\n    at retry (http://localhost:33861/__cypress/runner/cypress_runner.js:144197:19)\n    at onFailFn (http://localhost:33861/__cypress/runner/cypress_runner.js:132448:16)\n    at tryCatcher (http://localhost:33861/__cypress/runner/cypress_runner.js:167415:23)\n    at Promise._settlePromiseFromHandler (http://localhost:33861/__cypress/runner/cypress_runner.js:165351:31)\n    at Promise._settlePromise (http://localhost:33861/__cypress/runner/cypress_runner.js:165408:18)\n    at Promise._settlePromise0 (http://localhost:33861/__cypress/runner/cypress_runner.js:165453:10)\n    at Promise._settlePromises (http://localhost:33861/__cypress/runner/cypress_runner.js:165528:18)\n    at Async../node_modules/bluebird/js/release/async.js.Async._drainQueue (http://localhost:33861/__cypress/runner/cypress_runner.js:162140:16)\n    at Async../node_modules/bluebird/js/release/async.js.Async._drainQueues (http://localhost:33861/__cypress/runner/cypress_runner.js:162150:10)\n    at Async.drainQueues (http://localhost:33861/__cypress/runner/cypress_runner.js:162024:14)",
                "diff": null
              },
              "uuid": "9c9bea6e-8daa-48f2-89f8-b12ae63014c5",
              "parentUUID": "f20033f7-2f62-430b-ac64-e9eaeb82f20f",
              "isHook": false,
              "skipped": false
            }
          ],
          "suites": [],
          "passes": [],
          "failures": [
            "46a09df1-a599-431a-a1d4-0dc1698f89ce",
            "497a3672-4246-4ce0-88ad-9d54d4c9bf99",
            "66dc9cc4-2d5a-4c60-9f7d-5dda97f12f7d",
            "905d9ff7-3e81-43be-a3e4-aac7ce7689a2",
            "28acc6f1-ff74-41e8-8855-ae368ffb6edd",
            "5ead1294-6b55-44ac-a3ae-2d2708fb0850",
            "0481491c-de00-4b6b-a871-8bd890cd471d",
            "adc91fb2-11d0-4bc2-94ed-285480ebf792",
            "9c9bea6e-8daa-48f2-89f8-b12ae63014c5"
          ],
          "pending": [],
          "skipped": [],
          "duration": 53297,
          "root": false,
          "rootEmpty": false,
          "_timeout": 2000
        },
        {
          "uuid": "6553ba20-ad9f-4908-8b27-11c3ee502ea4",
          "title": "11 - Limite o tamanho mínimo e máximo do board.",
          "fullFile": "",
          "file": "",
          "beforeHooks": [],
          "afterHooks": [],
          "tests": [
            {
              "title": "Verifica se a altura máxima do board é 50",
              "fullTitle": "11 - Limite o tamanho mínimo e máximo do board. Verifica se a altura máxima do board é 50",
              "timedOut": null,
              "duration": 5523,
              "state": "failed",
              "speed": null,
              "pass": false,
              "fail": true,
              "pending": false,
              "context": null,
              "code": "cy.get('#board-size').clear().type(50);\ncy.get('#generate-board').click();\ncy.get('.pixel').should('have.length', 2500);",
              "err": {
                "message": "CypressError: Timed out retrying: Expected to find element: '#board-size', but never found it.",
                "estack": "CypressError: Timed out retrying: Expected to find element: '#board-size', but never found it.\n    at cypressErr (http://localhost:33861/__cypress/runner/cypress_runner.js:149934:9)\n    at throwErr (http://localhost:33861/__cypress/runner/cypress_runner.js:149867:11)\n    at Object.throwErrByPath (http://localhost:33861/__cypress/runner/cypress_runner.js:149915:3)\n    at retry (http://localhost:33861/__cypress/runner/cypress_runner.js:144197:19)\n    at onFailFn (http://localhost:33861/__cypress/runner/cypress_runner.js:132448:16)\n    at tryCatcher (http://localhost:33861/__cypress/runner/cypress_runner.js:167415:23)\n    at Promise._settlePromiseFromHandler (http://localhost:33861/__cypress/runner/cypress_runner.js:165351:31)\n    at Promise._settlePromise (http://localhost:33861/__cypress/runner/cypress_runner.js:165408:18)\n    at Promise._settlePromise0 (http://localhost:33861/__cypress/runner/cypress_runner.js:165453:10)\n    at Promise._settlePromises (http://localhost:33861/__cypress/runner/cypress_runner.js:165528:18)\n    at Async../node_modules/bluebird/js/release/async.js.Async._drainQueue (http://localhost:33861/__cypress/runner/cypress_runner.js:162140:16)\n    at Async../node_modules/bluebird/js/release/async.js.Async._drainQueues (http://localhost:33861/__cypress/runner/cypress_runner.js:162150:10)\n    at Async.drainQueues (http://localhost:33861/__cypress/runner/cypress_runner.js:162024:14)",
                "diff": null
              },
              "uuid": "67ea0729-a066-4883-9162-3ff2e4ea7bc4",
              "parentUUID": "6553ba20-ad9f-4908-8b27-11c3ee502ea4",
              "isHook": false,
              "skipped": false
            },
            {
              "title": "Verifica se a altura do board é 5 quando um valor menor é colocado no input",
              "fullTitle": "11 - Limite o tamanho mínimo e máximo do board. Verifica se a altura do board é 5 quando um valor menor é colocado no input",
              "timedOut": null,
              "duration": 6025,
              "state": "failed",
              "speed": null,
              "pass": false,
              "fail": true,
              "pending": false,
              "context": null,
              "code": "cy.get('#board-size').clear().type(4);\ncy.get('#generate-board').click();\ncy.get('.pixel').should('have.length', 25);",
              "err": {
                "message": "CypressError: Timed out retrying: Expected to find element: '#board-size', but never found it.",
                "estack": "CypressError: Timed out retrying: Expected to find element: '#board-size', but never found it.\n    at cypressErr (http://localhost:33861/__cypress/runner/cypress_runner.js:149934:9)\n    at throwErr (http://localhost:33861/__cypress/runner/cypress_runner.js:149867:11)\n    at Object.throwErrByPath (http://localhost:33861/__cypress/runner/cypress_runner.js:149915:3)\n    at retry (http://localhost:33861/__cypress/runner/cypress_runner.js:144197:19)\n    at onFailFn (http://localhost:33861/__cypress/runner/cypress_runner.js:132448:16)\n    at tryCatcher (http://localhost:33861/__cypress/runner/cypress_runner.js:167415:23)\n    at Promise._settlePromiseFromHandler (http://localhost:33861/__cypress/runner/cypress_runner.js:165351:31)\n    at Promise._settlePromise (http://localhost:33861/__cypress/runner/cypress_runner.js:165408:18)\n    at Promise._settlePromise0 (http://localhost:33861/__cypress/runner/cypress_runner.js:165453:10)\n    at Promise._settlePromises (http://localhost:33861/__cypress/runner/cypress_runner.js:165528:18)\n    at Async../node_modules/bluebird/js/release/async.js.Async._drainQueue (http://localhost:33861/__cypress/runner/cypress_runner.js:162140:16)\n    at Async../node_modules/bluebird/js/release/async.js.Async._drainQueues (http://localhost:33861/__cypress/runner/cypress_runner.js:162150:10)\n    at Async.drainQueues (http://localhost:33861/__cypress/runner/cypress_runner.js:162024:14)",
                "diff": null
              },
              "uuid": "59378363-e763-46fe-a26a-cf1e6ce26312",
              "parentUUID": "6553ba20-ad9f-4908-8b27-11c3ee502ea4",
              "isHook": false,
              "skipped": false
            },
            {
              "title": "Verifica se a altura do board é 50 quando um valor maior é colocado no input",
              "fullTitle": "11 - Limite o tamanho mínimo e máximo do board. Verifica se a altura do board é 50 quando um valor maior é colocado no input",
              "timedOut": null,
              "duration": 7598,
              "state": "failed",
              "speed": null,
              "pass": false,
              "fail": true,
              "pending": false,
              "context": null,
              "code": "cy.get('#board-size').clear().type(51);\ncy.get('#generate-board').click();\ncy.get('.pixel').should('have.length', 2500);",
              "err": {
                "message": "CypressError: Timed out retrying: Expected to find element: '#board-size', but never found it.",
                "estack": "CypressError: Timed out retrying: Expected to find element: '#board-size', but never found it.\n    at cypressErr (http://localhost:33861/__cypress/runner/cypress_runner.js:149934:9)\n    at throwErr (http://localhost:33861/__cypress/runner/cypress_runner.js:149867:11)\n    at Object.throwErrByPath (http://localhost:33861/__cypress/runner/cypress_runner.js:149915:3)\n    at retry (http://localhost:33861/__cypress/runner/cypress_runner.js:144197:19)\n    at onFailFn (http://localhost:33861/__cypress/runner/cypress_runner.js:132448:16)\n    at tryCatcher (http://localhost:33861/__cypress/runner/cypress_runner.js:167415:23)\n    at Promise._settlePromiseFromHandler (http://localhost:33861/__cypress/runner/cypress_runner.js:165351:31)\n    at Promise._settlePromise (http://localhost:33861/__cypress/runner/cypress_runner.js:165408:18)\n    at Promise._settlePromise0 (http://localhost:33861/__cypress/runner/cypress_runner.js:165453:10)\n    at Promise._settlePromises (http://localhost:33861/__cypress/runner/cypress_runner.js:165528:18)\n    at Async../node_modules/bluebird/js/release/async.js.Async._drainQueue (http://localhost:33861/__cypress/runner/cypress_runner.js:162140:16)\n    at Async../node_modules/bluebird/js/release/async.js.Async._drainQueues (http://localhost:33861/__cypress/runner/cypress_runner.js:162150:10)\n    at Async.drainQueues (http://localhost:33861/__cypress/runner/cypress_runner.js:162024:14)",
                "diff": null
              },
              "uuid": "e2117bfe-bea6-462f-8a99-400d21a2af4e",
              "parentUUID": "6553ba20-ad9f-4908-8b27-11c3ee502ea4",
              "isHook": false,
              "skipped": false
            }
          ],
          "suites": [],
          "passes": [],
          "failures": [
            "67ea0729-a066-4883-9162-3ff2e4ea7bc4",
            "59378363-e763-46fe-a26a-cf1e6ce26312",
            "e2117bfe-bea6-462f-8a99-400d21a2af4e"
          ],
          "pending": [],
          "skipped": [],
          "duration": 19146,
          "root": false,
          "rootEmpty": false,
          "_timeout": 2000
        },
        {
          "uuid": "ccde781c-642f-4899-a4b9-51159a90f027",
          "title": "12 - Faça com que as cores da paleta sejam geradas aleatoriamente ao carregar a página.",
          "fullFile": "",
          "file": "",
          "beforeHooks": [],
          "afterHooks": [],
          "tests": [
            {
              "title": "Verifica se as cores geradas na paleta são diferentes a cada carregamento da página",
              "fullTitle": "12 - Faça com que as cores da paleta sejam geradas aleatoriamente ao carregar a página. Verifica se as cores geradas na paleta são diferentes a cada carregamento da página",
              "timedOut": null,
              "duration": 5168,
              "state": "failed",
              "speed": null,
              "pass": false,
              "fail": true,
              "pending": false,
              "context": null,
              "code": "cy.get('.color').then(function (colors) {\n  var currentColors;\n  var previousColors;\n  previousColors = Array.from(colors).map(function (color) {\n    return Cypress.$(color).css('background-color');\n  });\n  for (var i = 0; i < 5; i += 1) {\n    cy.reload();\n    cy.get('.color').then(function (colors) {\n      currentColors = Array.from(colors).map(function (color) {\n        return Cypress.$(color).css('background-color');\n      });\n      expect(currentColors).not.to.deep.equal(previousColors);\n      previousColors = currentColors;\n    });\n  }\n});",
              "err": {
                "message": "AssertionError: expected [ Array(4) ] to not deeply equal [ Array(4) ]",
                "estack": "AssertionError: expected [ Array(4) ] to not deeply equal [ Array(4) ]\n    at getRet (http://localhost:33861/__cypress/runner/cypress_runner.js:136585:16)\n    at tryCatcher (http://localhost:33861/__cypress/runner/cypress_runner.js:167415:23)\n    at Function.Promise.attempt.Promise.try (http://localhost:33861/__cypress/runner/cypress_runner.js:164690:29)\n    at Context.thenFn (http://localhost:33861/__cypress/runner/cypress_runner.js:136599:23)\n    at Context.then (http://localhost:33861/__cypress/runner/cypress_runner.js:136971:21)\n    at Context.<anonymous> (http://localhost:33861/__cypress/runner/cypress_runner.js:148875:21)\n    at http://localhost:33861/__cypress/runner/cypress_runner.js:148351:33\n    at tryCatcher (http://localhost:33861/__cypress/runner/cypress_runner.js:167415:23)\n    at Promise._settlePromiseFromHandler (http://localhost:33861/__cypress/runner/cypress_runner.js:165351:31)\n    at Promise._settlePromise (http://localhost:33861/__cypress/runner/cypress_runner.js:165408:18)\n    at Promise._settlePromiseCtx (http://localhost:33861/__cypress/runner/cypress_runner.js:165445:10)\n    at Async../node_modules/bluebird/js/release/async.js.Async._drainQueue (http://localhost:33861/__cypress/runner/cypress_runner.js:162145:12)\n    at Async../node_modules/bluebird/js/release/async.js.Async._drainQueues (http://localhost:33861/__cypress/runner/cypress_runner.js:162150:10)\n    at Async.drainQueues (http://localhost:33861/__cypress/runner/cypress_runner.js:162024:14)",
                "diff": ""
              },
              "uuid": "b5e7e32f-fad8-40e9-b4cd-c7777cffbdd0",
              "parentUUID": "ccde781c-642f-4899-a4b9-51159a90f027",
              "isHook": false,
              "skipped": false
            },
            {
              "title": "Verifica se a cor preta ainda está presente e é a primeira na sua paleta de cores",
              "fullTitle": "12 - Faça com que as cores da paleta sejam geradas aleatoriamente ao carregar a página. Verifica se a cor preta ainda está presente e é a primeira na sua paleta de cores",
              "timedOut": null,
              "duration": 5040,
              "state": "failed",
              "speed": null,
              "pass": false,
              "fail": true,
              "pending": false,
              "context": null,
              "code": "cy.get('.color').then(function (colors) {\n  var currentColors;\n  var previousColors;\n  previousColors = Array.from(colors).map(function (color) {\n    return Cypress.$(color).css('background-color');\n  });\n  expect(previousColors[0]).to.eq(BLACK);\n  for (var i = 0; i < 5; i += 1) {\n    cy.reload();\n    cy.get('.color').then(function (colors) {\n      currentColors = Array.from(colors).map(function (color) {\n        return Cypress.$(color).css('background-color');\n      });\n      expect(currentColors[0]).to.eq(BLACK);\n      expect(currentColors).not.to.deep.equal(previousColors);\n      previousColors = currentColors;\n    });\n  }\n});",
              "err": {
                "message": "AssertionError: expected [ Array(4) ] to not deeply equal [ Array(4) ]",
                "estack": "AssertionError: expected [ Array(4) ] to not deeply equal [ Array(4) ]\n    at getRet (http://localhost:33861/__cypress/runner/cypress_runner.js:136585:16)\n    at tryCatcher (http://localhost:33861/__cypress/runner/cypress_runner.js:167415:23)\n    at Function.Promise.attempt.Promise.try (http://localhost:33861/__cypress/runner/cypress_runner.js:164690:29)\n    at Context.thenFn (http://localhost:33861/__cypress/runner/cypress_runner.js:136599:23)\n    at Context.then (http://localhost:33861/__cypress/runner/cypress_runner.js:136971:21)\n    at Context.<anonymous> (http://localhost:33861/__cypress/runner/cypress_runner.js:148875:21)\n    at http://localhost:33861/__cypress/runner/cypress_runner.js:148351:33\n    at tryCatcher (http://localhost:33861/__cypress/runner/cypress_runner.js:167415:23)\n    at Promise._settlePromiseFromHandler (http://localhost:33861/__cypress/runner/cypress_runner.js:165351:31)\n    at Promise._settlePromise (http://localhost:33861/__cypress/runner/cypress_runner.js:165408:18)\n    at Promise._settlePromiseCtx (http://localhost:33861/__cypress/runner/cypress_runner.js:165445:10)\n    at Async../node_modules/bluebird/js/release/async.js.Async._drainQueue (http://localhost:33861/__cypress/runner/cypress_runner.js:162145:12)\n    at Async../node_modules/bluebird/js/release/async.js.Async._drainQueues (http://localhost:33861/__cypress/runner/cypress_runner.js:162150:10)\n    at Async.drainQueues (http://localhost:33861/__cypress/runner/cypress_runner.js:162024:14)",
                "diff": ""
              },
              "uuid": "4d619022-fc02-4223-b598-05807ef7e5ed",
              "parentUUID": "ccde781c-642f-4899-a4b9-51159a90f027",
              "isHook": false,
              "skipped": false
            }
          ],
          "suites": [],
          "passes": [],
          "failures": [
            "b5e7e32f-fad8-40e9-b4cd-c7777cffbdd0",
            "4d619022-fc02-4223-b598-05807ef7e5ed"
          ],
          "pending": [],
          "skipped": [],
          "duration": 10208,
          "root": false,
          "rootEmpty": false,
          "_timeout": 2000
        }
      ],
      "passes": [],
      "failures": [],
      "pending": [],
      "skipped": [],
      "duration": 0,
      "root": true,
      "rootEmpty": true,
      "_timeout": 2000
    }
  ],
  "meta": {
    "mocha": {
      "version": "7.0.1"
    },
    "mochawesome": {
      "options": {
        "quiet": false,
        "reportFilename": "mochawesome",
        "saveHtml": false,
        "saveJson": true,
        "consoleReporter": "spec",
        "useInlineDiffs": false
      },
      "version": "4.1.0"
    },
    "marge": {
      "options": {
        "id": "default",
        "reportDir": "cypress/reports",
        "overwrite": true,
        "html": false,
        "json": true
      },
      "version": "4.1.0"
    }
  }
}